{
  "title": "",
  "ctx": null,
  "suites": [
    {
      "title": "JsonSchema – JSON Schema 2019-09",
      "ctx": null,
      "suites": [
        {
          "title": "tbd",
          "ctx": null,
          "suites": [],
          "tests": [
            {
              "type": "test",
              "title": "2.1 ID - The value MUST be a URL that identifies the schema associated with the verifiable credential.",
              "body": "async function() {\n          await generateTestResults(i.name, schemaVersionName, jsonSchemaType, this.test.title);\n          this.test.cell = {columnId: i.name, rowId: this.test.title};\n          const result = await checkTestResults(i.name, schemaVersionName, jsonSchemaType, this.test.title);\n          should.equal(result, TestResult.success);\n        }",
              "async": 0,
              "sync": true,
              "_timeout": 150000,
              "_slow": 75,
              "_retries": -1,
              "timedOut": false,
              "_currentRetry": 0,
              "pending": false,
              "file": "/home/runner/work/vc-json-schema-test-suite/vc-json-schema-test-suite/tests/jsonschema.js",
              "parent": "37Qq1L8j-sg14WykxEteE",
              "ctx": null,
              "_testId": "urn:uuid:f0f4a320-f66d-4772-bea9-d2155d8f2bc1",
              "_events": {},
              "_eventsCount": 1,
              "timer": {
                "_idleTimeout": -1,
                "_idlePrev": null,
                "_idleNext": null,
                "_idleStart": 346,
                "_onTimeout": null,
                "_repeat": null,
                "_destroyed": true
              },
              "cell": {
                "columnId": "tbd",
                "rowId": "2.1 ID - The value MUST be a URL that identifies the schema associated with the verifiable credential."
              },
              "duration": 225,
              "state": "failed",
              "err": {
                "name": "AssertionError",
                "message": "expected 'error' to equal 'success'",
                "showDiff": true,
                "actual": "error",
                "expected": "success",
                "operator": "strictEqual",
                "stack": "AssertionError: expected 'error' to equal 'success'\n    at should.equal (node_modules/chai/lib/chai/interface/should.js:98:35)\n    at Context.<anonymous> (file:///home/runner/work/vc-json-schema-test-suite/vc-json-schema-test-suite/tests/jsonschema.js:31:18)"
              }
            },
            {
              "type": "test",
              "title": "2.1 The type property MUST be JsonSchema.",
              "body": "async function() {\n          await generateTestResults(i.name, schemaVersionName, jsonSchemaType, this.test.title);\n          this.test.cell = {columnId: i.name, rowId: this.test.title};\n          const result = await checkTestResults(i.name, schemaVersionName, jsonSchemaType, this.test.title);\n          should.equal(result, TestResult.success);\n        }",
              "async": 0,
              "sync": true,
              "_timeout": 150000,
              "_slow": 75,
              "_retries": -1,
              "timedOut": false,
              "_currentRetry": 0,
              "pending": false,
              "file": "/home/runner/work/vc-json-schema-test-suite/vc-json-schema-test-suite/tests/jsonschema.js",
              "parent": "37Qq1L8j-sg14WykxEteE",
              "ctx": null,
              "_testId": "urn:uuid:9526a14c-3a30-4012-b681-9d45bea69f03",
              "_events": {},
              "_eventsCount": 1,
              "timer": {
                "_idleTimeout": -1,
                "_idlePrev": null,
                "_idleNext": null,
                "_idleStart": 573,
                "_onTimeout": null,
                "_repeat": null,
                "_destroyed": true
              },
              "cell": {
                "columnId": "tbd",
                "rowId": "2.1 The type property MUST be JsonSchema."
              },
              "duration": 225,
              "state": "failed",
              "err": {
                "name": "AssertionError",
                "message": "expected 'error' to equal 'success'",
                "showDiff": true,
                "actual": "error",
                "expected": "success",
                "operator": "strictEqual",
                "stack": "AssertionError: expected 'error' to equal 'success'\n    at should.equal (node_modules/chai/lib/chai/interface/should.js:98:35)\n    at Context.<anonymous> (file:///home/runner/work/vc-json-schema-test-suite/vc-json-schema-test-suite/tests/jsonschema.js:38:18)"
              }
            },
            {
              "type": "test",
              "title": "3 Implementers MUST provide support for JSON Schema specifications where, in the following table, the required column's value is yes",
              "body": "function() {\n          this.test.cell = {columnId: i.name, rowId: this.test.title};\n          if (schemaVersionName === JsonSchemaVersions['202012']) {\n            should.equal(true, true);\n          } else {\n            this.skip();\n          }\n        }",
              "async": 0,
              "sync": true,
              "_timeout": 150000,
              "_slow": 75,
              "_retries": -1,
              "timedOut": false,
              "_currentRetry": 0,
              "pending": true,
              "file": "/home/runner/work/vc-json-schema-test-suite/vc-json-schema-test-suite/tests/jsonschema.js",
              "parent": "37Qq1L8j-sg14WykxEteE",
              "ctx": null,
              "_testId": "urn:uuid:1ecef45b-2187-4d8d-9ef3-5b423e8db2b7",
              "_events": {},
              "_eventsCount": 1,
              "cell": {
                "columnId": "tbd",
                "rowId": "3 Implementers MUST provide support for JSON Schema specifications where, in the following table, the required column's value is yes"
              },
              "duration": 0,
              "state": "pending"
            },
            {
              "type": "test",
              "title": "3.1.1 The $id MUST be present and its value MUST represent a valid URI-reference",
              "body": "async function() {\n          await generateTestResults(i.name, schemaVersionName, jsonSchemaType, this.test.title);\n          this.test.cell = {columnId: i.name, rowId: this.test.title};\n          const result = await checkTestResults(i.name, schemaVersionName, jsonSchemaType, this.test.title);\n          should.equal(result, TestResult.success);\n        }",
              "async": 0,
              "sync": true,
              "_timeout": 150000,
              "_slow": 75,
              "_retries": -1,
              "timedOut": false,
              "_currentRetry": 0,
              "pending": false,
              "file": "/home/runner/work/vc-json-schema-test-suite/vc-json-schema-test-suite/tests/jsonschema.js",
              "parent": "37Qq1L8j-sg14WykxEteE",
              "ctx": null,
              "_testId": "urn:uuid:7abef762-cb91-49ce-bd20-a97210c3cf41",
              "_events": {},
              "_eventsCount": 1,
              "timer": {
                "_idleTimeout": -1,
                "_idlePrev": null,
                "_idleNext": null,
                "_idleStart": 798,
                "_onTimeout": null,
                "_repeat": null,
                "_destroyed": true
              },
              "cell": {
                "columnId": "tbd",
                "rowId": "3.1.1 The $id MUST be present and its value MUST represent a valid URI-reference"
              },
              "duration": 257,
              "state": "failed",
              "err": {
                "name": "AssertionError",
                "message": "expected 'error' to equal 'success'",
                "showDiff": true,
                "actual": "error",
                "expected": "success",
                "operator": "strictEqual",
                "stack": "AssertionError: expected 'error' to equal 'success'\n    at should.equal (node_modules/chai/lib/chai/interface/should.js:98:35)\n    at Context.<anonymous> (file:///home/runner/work/vc-json-schema-test-suite/vc-json-schema-test-suite/tests/jsonschema.js:54:18)"
              }
            },
            {
              "type": "test",
              "title": "3.1.2, 4 The $schema property MUST be present in each schema",
              "body": "async function() {\n          await generateTestResults(i.name, schemaVersionName, jsonSchemaType, this.test.title);\n          this.test.cell = {columnId: i.name, rowId: this.test.title};\n          const result = await checkTestResults(i.name, schemaVersionName, jsonSchemaType, this.test.title);\n          should.equal(result, TestResult.success);\n        }",
              "async": 0,
              "sync": true,
              "_timeout": 150000,
              "_slow": 75,
              "_retries": -1,
              "timedOut": false,
              "_currentRetry": 0,
              "pending": false,
              "file": "/home/runner/work/vc-json-schema-test-suite/vc-json-schema-test-suite/tests/jsonschema.js",
              "parent": "37Qq1L8j-sg14WykxEteE",
              "ctx": null,
              "_testId": "urn:uuid:251e5cff-1c2d-48b8-a5cb-5ff5d348d98b",
              "_events": {},
              "_eventsCount": 1,
              "timer": {
                "_idleTimeout": -1,
                "_idlePrev": null,
                "_idleNext": null,
                "_idleStart": 1056,
                "_onTimeout": null,
                "_repeat": null,
                "_destroyed": true
              },
              "cell": {
                "columnId": "tbd",
                "rowId": "3.1.2, 4 The $schema property MUST be present in each schema"
              },
              "duration": 223,
              "state": "failed",
              "err": {
                "name": "AssertionError",
                "message": "expected 'error' to equal 'success'",
                "showDiff": true,
                "actual": "error",
                "expected": "success",
                "operator": "strictEqual",
                "stack": "AssertionError: expected 'error' to equal 'success'\n    at should.equal (node_modules/chai/lib/chai/interface/should.js:98:35)\n    at Context.<anonymous> (file:///home/runner/work/vc-json-schema-test-suite/vc-json-schema-test-suite/tests/jsonschema.js:62:18)"
              }
            },
            {
              "type": "test",
              "title": "4.2 (Success) Validation MUST result in one of the following three possible outcomes: success, failure, or indeterminate.",
              "body": "async function() {\n          await generateTestResults(i.name, schemaVersionName, jsonSchemaType, this.test.title);\n          this.test.cell = {columnId: i.name, rowId: this.test.title};\n          const result = await checkTestResults(i.name, schemaVersionName, jsonSchemaType, this.test.title);\n          should.equal(result, TestResult.success);\n        }",
              "async": 0,
              "sync": true,
              "_timeout": 150000,
              "_slow": 75,
              "_retries": -1,
              "timedOut": false,
              "_currentRetry": 0,
              "pending": false,
              "file": "/home/runner/work/vc-json-schema-test-suite/vc-json-schema-test-suite/tests/jsonschema.js",
              "parent": "37Qq1L8j-sg14WykxEteE",
              "ctx": null,
              "_testId": "urn:uuid:213b2814-7f09-442e-9434-644aa18c11c2",
              "_events": {},
              "_eventsCount": 1,
              "timer": {
                "_idleTimeout": -1,
                "_idlePrev": null,
                "_idleNext": null,
                "_idleStart": 1282,
                "_onTimeout": null,
                "_repeat": null,
                "_destroyed": true
              },
              "cell": {
                "columnId": "tbd",
                "rowId": "4.2 (Success) Validation MUST result in one of the following three possible outcomes: success, failure, or indeterminate."
              },
              "duration": 190,
              "state": "failed",
              "err": {
                "name": "AssertionError",
                "message": "expected 'error' to equal 'success'",
                "showDiff": true,
                "actual": "error",
                "expected": "success",
                "operator": "strictEqual",
                "stack": "AssertionError: expected 'error' to equal 'success'\n    at should.equal (node_modules/chai/lib/chai/interface/should.js:98:35)\n    at Context.<anonymous> (file:///home/runner/work/vc-json-schema-test-suite/vc-json-schema-test-suite/tests/jsonschema.js:69:18)"
              }
            },
            {
              "type": "test",
              "title": "4.2 (Failure) Validation MUST result in one of the following three possible outcomes: success, failure, or indeterminate.",
              "body": "async function() {\n          await generateTestResults(i.name, schemaVersionName, jsonSchemaType, this.test.title);\n          this.test.cell = {columnId: i.name, rowId: this.test.title};\n          const result = await checkTestResults(i.name, schemaVersionName, jsonSchemaType, this.test.title);\n          should.equal(result, TestResult.success);\n        }",
              "async": 0,
              "sync": true,
              "_timeout": 150000,
              "_slow": 75,
              "_retries": -1,
              "timedOut": false,
              "_currentRetry": 0,
              "pending": false,
              "file": "/home/runner/work/vc-json-schema-test-suite/vc-json-schema-test-suite/tests/jsonschema.js",
              "parent": "37Qq1L8j-sg14WykxEteE",
              "ctx": null,
              "_testId": "urn:uuid:b68dfbe7-407a-42f0-9c52-5589edf6968f",
              "_events": {},
              "_eventsCount": 1,
              "timer": {
                "_idleTimeout": -1,
                "_idlePrev": null,
                "_idleNext": null,
                "_idleStart": 1470,
                "_onTimeout": null,
                "_repeat": null,
                "_destroyed": true
              },
              "cell": {
                "columnId": "tbd",
                "rowId": "4.2 (Failure) Validation MUST result in one of the following three possible outcomes: success, failure, or indeterminate."
              },
              "duration": 186,
              "state": "failed",
              "err": {
                "name": "AssertionError",
                "message": "expected 'error' to equal 'success'",
                "showDiff": true,
                "actual": "error",
                "expected": "success",
                "operator": "strictEqual",
                "stack": "AssertionError: expected 'error' to equal 'success'\n    at should.equal (node_modules/chai/lib/chai/interface/should.js:98:35)\n    at Context.<anonymous> (file:///home/runner/work/vc-json-schema-test-suite/vc-json-schema-test-suite/tests/jsonschema.js:76:18)"
              }
            },
            {
              "type": "test",
              "title": "4.2 (Indeterminate) Validation MUST result in one of the following three possible outcomes: success, failure, or indeterminate.",
              "body": "async function() {\n          await generateTestResults(i.name, schemaVersionName, jsonSchemaType, this.test.title);\n          this.test.cell = {columnId: i.name, rowId: this.test.title};\n          const result = await checkTestResults(i.name, schemaVersionName, jsonSchemaType, this.test.title);\n          should.equal(result, TestResult.success);\n        }",
              "async": 0,
              "sync": true,
              "_timeout": 150000,
              "_slow": 75,
              "_retries": -1,
              "timedOut": false,
              "_currentRetry": 0,
              "pending": false,
              "file": "/home/runner/work/vc-json-schema-test-suite/vc-json-schema-test-suite/tests/jsonschema.js",
              "parent": "37Qq1L8j-sg14WykxEteE",
              "ctx": null,
              "_testId": "urn:uuid:f436fcae-a161-45e3-b6c1-377638c3620f",
              "_events": {},
              "_eventsCount": 1,
              "timer": {
                "_idleTimeout": -1,
                "_idlePrev": null,
                "_idleNext": null,
                "_idleStart": 1657,
                "_onTimeout": null,
                "_repeat": null,
                "_destroyed": true
              },
              "cell": {
                "columnId": "tbd",
                "rowId": "4.2 (Indeterminate) Validation MUST result in one of the following three possible outcomes: success, failure, or indeterminate."
              },
              "duration": 187,
              "state": "failed",
              "err": {
                "name": "AssertionError",
                "message": "expected 'error' to equal 'success'",
                "showDiff": true,
                "actual": "error",
                "expected": "success",
                "operator": "strictEqual",
                "stack": "AssertionError: expected 'error' to equal 'success'\n    at should.equal (node_modules/chai/lib/chai/interface/should.js:98:35)\n    at Context.<anonymous> (file:///home/runner/work/vc-json-schema-test-suite/vc-json-schema-test-suite/tests/jsonschema.js:83:18)"
              }
            }
          ],
          "root": false,
          "pending": false,
          "_retries": -1,
          "_beforeEach": [],
          "_beforeAll": [],
          "_afterEach": [],
          "_afterAll": [],
          "_timeout": 150000,
          "_slow": 75,
          "_bail": false,
          "_onlyTests": [],
          "_onlySuites": [],
          "delayed": false,
          "parent": "6fbhXOSszJ3Alc2rxromU",
          "file": "/home/runner/work/vc-json-schema-test-suite/vc-json-schema-test-suite/tests/jsonschema.js",
          "_testId": "urn:uuid:103766d0-cf4e-4cdc-96a0-4898e4e02c42"
        }
      ],
      "tests": [
        {
          "type": "test",
          "title": "2.1 ID - The value MUST be a URL that identifies the schema associated with the verifiable credential.",
          "body": "async function() {\n          await generateTestResults(i.name, schemaVersionName, jsonSchemaType, this.test.title);\n          this.test.cell = {columnId: i.name, rowId: this.test.title};\n          const result = await checkTestResults(i.name, schemaVersionName, jsonSchemaType, this.test.title);\n          should.equal(result, TestResult.success);\n        }",
          "async": 0,
          "sync": true,
          "_timeout": 150000,
          "_slow": 75,
          "_retries": -1,
          "timedOut": false,
          "_currentRetry": 0,
          "pending": false,
          "file": "/home/runner/work/vc-json-schema-test-suite/vc-json-schema-test-suite/tests/jsonschema.js",
          "parent": "37Qq1L8j-sg14WykxEteE",
          "ctx": null,
          "_testId": "urn:uuid:f0f4a320-f66d-4772-bea9-d2155d8f2bc1",
          "_events": {},
          "_eventsCount": 1,
          "timer": {
            "_idleTimeout": -1,
            "_idlePrev": null,
            "_idleNext": null,
            "_idleStart": 346,
            "_onTimeout": null,
            "_repeat": null,
            "_destroyed": true
          },
          "cell": {
            "columnId": "tbd",
            "rowId": "2.1 ID - The value MUST be a URL that identifies the schema associated with the verifiable credential."
          },
          "duration": 225,
          "state": "failed",
          "err": {
            "name": "AssertionError",
            "message": "expected 'error' to equal 'success'",
            "showDiff": true,
            "actual": "error",
            "expected": "success",
            "operator": "strictEqual",
            "stack": "AssertionError: expected 'error' to equal 'success'\n    at should.equal (node_modules/chai/lib/chai/interface/should.js:98:35)\n    at Context.<anonymous> (file:///home/runner/work/vc-json-schema-test-suite/vc-json-schema-test-suite/tests/jsonschema.js:31:18)"
          }
        },
        {
          "type": "test",
          "title": "2.1 The type property MUST be JsonSchema.",
          "body": "async function() {\n          await generateTestResults(i.name, schemaVersionName, jsonSchemaType, this.test.title);\n          this.test.cell = {columnId: i.name, rowId: this.test.title};\n          const result = await checkTestResults(i.name, schemaVersionName, jsonSchemaType, this.test.title);\n          should.equal(result, TestResult.success);\n        }",
          "async": 0,
          "sync": true,
          "_timeout": 150000,
          "_slow": 75,
          "_retries": -1,
          "timedOut": false,
          "_currentRetry": 0,
          "pending": false,
          "file": "/home/runner/work/vc-json-schema-test-suite/vc-json-schema-test-suite/tests/jsonschema.js",
          "parent": "37Qq1L8j-sg14WykxEteE",
          "ctx": null,
          "_testId": "urn:uuid:9526a14c-3a30-4012-b681-9d45bea69f03",
          "_events": {},
          "_eventsCount": 1,
          "timer": {
            "_idleTimeout": -1,
            "_idlePrev": null,
            "_idleNext": null,
            "_idleStart": 573,
            "_onTimeout": null,
            "_repeat": null,
            "_destroyed": true
          },
          "cell": {
            "columnId": "tbd",
            "rowId": "2.1 The type property MUST be JsonSchema."
          },
          "duration": 225,
          "state": "failed",
          "err": {
            "name": "AssertionError",
            "message": "expected 'error' to equal 'success'",
            "showDiff": true,
            "actual": "error",
            "expected": "success",
            "operator": "strictEqual",
            "stack": "AssertionError: expected 'error' to equal 'success'\n    at should.equal (node_modules/chai/lib/chai/interface/should.js:98:35)\n    at Context.<anonymous> (file:///home/runner/work/vc-json-schema-test-suite/vc-json-schema-test-suite/tests/jsonschema.js:38:18)"
          }
        },
        {
          "type": "test",
          "title": "3 Implementers MUST provide support for JSON Schema specifications where, in the following table, the required column's value is yes",
          "body": "function() {\n          this.test.cell = {columnId: i.name, rowId: this.test.title};\n          if (schemaVersionName === JsonSchemaVersions['202012']) {\n            should.equal(true, true);\n          } else {\n            this.skip();\n          }\n        }",
          "async": 0,
          "sync": true,
          "_timeout": 150000,
          "_slow": 75,
          "_retries": -1,
          "timedOut": false,
          "_currentRetry": 0,
          "pending": true,
          "file": "/home/runner/work/vc-json-schema-test-suite/vc-json-schema-test-suite/tests/jsonschema.js",
          "parent": "37Qq1L8j-sg14WykxEteE",
          "ctx": null,
          "_testId": "urn:uuid:1ecef45b-2187-4d8d-9ef3-5b423e8db2b7",
          "_events": {},
          "_eventsCount": 1,
          "cell": {
            "columnId": "tbd",
            "rowId": "3 Implementers MUST provide support for JSON Schema specifications where, in the following table, the required column's value is yes"
          },
          "duration": 0,
          "state": "pending"
        },
        {
          "type": "test",
          "title": "3.1.1 The $id MUST be present and its value MUST represent a valid URI-reference",
          "body": "async function() {\n          await generateTestResults(i.name, schemaVersionName, jsonSchemaType, this.test.title);\n          this.test.cell = {columnId: i.name, rowId: this.test.title};\n          const result = await checkTestResults(i.name, schemaVersionName, jsonSchemaType, this.test.title);\n          should.equal(result, TestResult.success);\n        }",
          "async": 0,
          "sync": true,
          "_timeout": 150000,
          "_slow": 75,
          "_retries": -1,
          "timedOut": false,
          "_currentRetry": 0,
          "pending": false,
          "file": "/home/runner/work/vc-json-schema-test-suite/vc-json-schema-test-suite/tests/jsonschema.js",
          "parent": "37Qq1L8j-sg14WykxEteE",
          "ctx": null,
          "_testId": "urn:uuid:7abef762-cb91-49ce-bd20-a97210c3cf41",
          "_events": {},
          "_eventsCount": 1,
          "timer": {
            "_idleTimeout": -1,
            "_idlePrev": null,
            "_idleNext": null,
            "_idleStart": 798,
            "_onTimeout": null,
            "_repeat": null,
            "_destroyed": true
          },
          "cell": {
            "columnId": "tbd",
            "rowId": "3.1.1 The $id MUST be present and its value MUST represent a valid URI-reference"
          },
          "duration": 257,
          "state": "failed",
          "err": {
            "name": "AssertionError",
            "message": "expected 'error' to equal 'success'",
            "showDiff": true,
            "actual": "error",
            "expected": "success",
            "operator": "strictEqual",
            "stack": "AssertionError: expected 'error' to equal 'success'\n    at should.equal (node_modules/chai/lib/chai/interface/should.js:98:35)\n    at Context.<anonymous> (file:///home/runner/work/vc-json-schema-test-suite/vc-json-schema-test-suite/tests/jsonschema.js:54:18)"
          }
        },
        {
          "type": "test",
          "title": "3.1.2, 4 The $schema property MUST be present in each schema",
          "body": "async function() {\n          await generateTestResults(i.name, schemaVersionName, jsonSchemaType, this.test.title);\n          this.test.cell = {columnId: i.name, rowId: this.test.title};\n          const result = await checkTestResults(i.name, schemaVersionName, jsonSchemaType, this.test.title);\n          should.equal(result, TestResult.success);\n        }",
          "async": 0,
          "sync": true,
          "_timeout": 150000,
          "_slow": 75,
          "_retries": -1,
          "timedOut": false,
          "_currentRetry": 0,
          "pending": false,
          "file": "/home/runner/work/vc-json-schema-test-suite/vc-json-schema-test-suite/tests/jsonschema.js",
          "parent": "37Qq1L8j-sg14WykxEteE",
          "ctx": null,
          "_testId": "urn:uuid:251e5cff-1c2d-48b8-a5cb-5ff5d348d98b",
          "_events": {},
          "_eventsCount": 1,
          "timer": {
            "_idleTimeout": -1,
            "_idlePrev": null,
            "_idleNext": null,
            "_idleStart": 1056,
            "_onTimeout": null,
            "_repeat": null,
            "_destroyed": true
          },
          "cell": {
            "columnId": "tbd",
            "rowId": "3.1.2, 4 The $schema property MUST be present in each schema"
          },
          "duration": 223,
          "state": "failed",
          "err": {
            "name": "AssertionError",
            "message": "expected 'error' to equal 'success'",
            "showDiff": true,
            "actual": "error",
            "expected": "success",
            "operator": "strictEqual",
            "stack": "AssertionError: expected 'error' to equal 'success'\n    at should.equal (node_modules/chai/lib/chai/interface/should.js:98:35)\n    at Context.<anonymous> (file:///home/runner/work/vc-json-schema-test-suite/vc-json-schema-test-suite/tests/jsonschema.js:62:18)"
          }
        },
        {
          "type": "test",
          "title": "4.2 (Success) Validation MUST result in one of the following three possible outcomes: success, failure, or indeterminate.",
          "body": "async function() {\n          await generateTestResults(i.name, schemaVersionName, jsonSchemaType, this.test.title);\n          this.test.cell = {columnId: i.name, rowId: this.test.title};\n          const result = await checkTestResults(i.name, schemaVersionName, jsonSchemaType, this.test.title);\n          should.equal(result, TestResult.success);\n        }",
          "async": 0,
          "sync": true,
          "_timeout": 150000,
          "_slow": 75,
          "_retries": -1,
          "timedOut": false,
          "_currentRetry": 0,
          "pending": false,
          "file": "/home/runner/work/vc-json-schema-test-suite/vc-json-schema-test-suite/tests/jsonschema.js",
          "parent": "37Qq1L8j-sg14WykxEteE",
          "ctx": null,
          "_testId": "urn:uuid:213b2814-7f09-442e-9434-644aa18c11c2",
          "_events": {},
          "_eventsCount": 1,
          "timer": {
            "_idleTimeout": -1,
            "_idlePrev": null,
            "_idleNext": null,
            "_idleStart": 1282,
            "_onTimeout": null,
            "_repeat": null,
            "_destroyed": true
          },
          "cell": {
            "columnId": "tbd",
            "rowId": "4.2 (Success) Validation MUST result in one of the following three possible outcomes: success, failure, or indeterminate."
          },
          "duration": 190,
          "state": "failed",
          "err": {
            "name": "AssertionError",
            "message": "expected 'error' to equal 'success'",
            "showDiff": true,
            "actual": "error",
            "expected": "success",
            "operator": "strictEqual",
            "stack": "AssertionError: expected 'error' to equal 'success'\n    at should.equal (node_modules/chai/lib/chai/interface/should.js:98:35)\n    at Context.<anonymous> (file:///home/runner/work/vc-json-schema-test-suite/vc-json-schema-test-suite/tests/jsonschema.js:69:18)"
          }
        },
        {
          "type": "test",
          "title": "4.2 (Failure) Validation MUST result in one of the following three possible outcomes: success, failure, or indeterminate.",
          "body": "async function() {\n          await generateTestResults(i.name, schemaVersionName, jsonSchemaType, this.test.title);\n          this.test.cell = {columnId: i.name, rowId: this.test.title};\n          const result = await checkTestResults(i.name, schemaVersionName, jsonSchemaType, this.test.title);\n          should.equal(result, TestResult.success);\n        }",
          "async": 0,
          "sync": true,
          "_timeout": 150000,
          "_slow": 75,
          "_retries": -1,
          "timedOut": false,
          "_currentRetry": 0,
          "pending": false,
          "file": "/home/runner/work/vc-json-schema-test-suite/vc-json-schema-test-suite/tests/jsonschema.js",
          "parent": "37Qq1L8j-sg14WykxEteE",
          "ctx": null,
          "_testId": "urn:uuid:b68dfbe7-407a-42f0-9c52-5589edf6968f",
          "_events": {},
          "_eventsCount": 1,
          "timer": {
            "_idleTimeout": -1,
            "_idlePrev": null,
            "_idleNext": null,
            "_idleStart": 1470,
            "_onTimeout": null,
            "_repeat": null,
            "_destroyed": true
          },
          "cell": {
            "columnId": "tbd",
            "rowId": "4.2 (Failure) Validation MUST result in one of the following three possible outcomes: success, failure, or indeterminate."
          },
          "duration": 186,
          "state": "failed",
          "err": {
            "name": "AssertionError",
            "message": "expected 'error' to equal 'success'",
            "showDiff": true,
            "actual": "error",
            "expected": "success",
            "operator": "strictEqual",
            "stack": "AssertionError: expected 'error' to equal 'success'\n    at should.equal (node_modules/chai/lib/chai/interface/should.js:98:35)\n    at Context.<anonymous> (file:///home/runner/work/vc-json-schema-test-suite/vc-json-schema-test-suite/tests/jsonschema.js:76:18)"
          }
        },
        {
          "type": "test",
          "title": "4.2 (Indeterminate) Validation MUST result in one of the following three possible outcomes: success, failure, or indeterminate.",
          "body": "async function() {\n          await generateTestResults(i.name, schemaVersionName, jsonSchemaType, this.test.title);\n          this.test.cell = {columnId: i.name, rowId: this.test.title};\n          const result = await checkTestResults(i.name, schemaVersionName, jsonSchemaType, this.test.title);\n          should.equal(result, TestResult.success);\n        }",
          "async": 0,
          "sync": true,
          "_timeout": 150000,
          "_slow": 75,
          "_retries": -1,
          "timedOut": false,
          "_currentRetry": 0,
          "pending": false,
          "file": "/home/runner/work/vc-json-schema-test-suite/vc-json-schema-test-suite/tests/jsonschema.js",
          "parent": "37Qq1L8j-sg14WykxEteE",
          "ctx": null,
          "_testId": "urn:uuid:f436fcae-a161-45e3-b6c1-377638c3620f",
          "_events": {},
          "_eventsCount": 1,
          "timer": {
            "_idleTimeout": -1,
            "_idlePrev": null,
            "_idleNext": null,
            "_idleStart": 1657,
            "_onTimeout": null,
            "_repeat": null,
            "_destroyed": true
          },
          "cell": {
            "columnId": "tbd",
            "rowId": "4.2 (Indeterminate) Validation MUST result in one of the following three possible outcomes: success, failure, or indeterminate."
          },
          "duration": 187,
          "state": "failed",
          "err": {
            "name": "AssertionError",
            "message": "expected 'error' to equal 'success'",
            "showDiff": true,
            "actual": "error",
            "expected": "success",
            "operator": "strictEqual",
            "stack": "AssertionError: expected 'error' to equal 'success'\n    at should.equal (node_modules/chai/lib/chai/interface/should.js:98:35)\n    at Context.<anonymous> (file:///home/runner/work/vc-json-schema-test-suite/vc-json-schema-test-suite/tests/jsonschema.js:83:18)"
          }
        }
      ],
      "root": false,
      "pending": false,
      "_retries": -1,
      "_beforeEach": [],
      "_beforeAll": [],
      "_afterEach": [],
      "_afterAll": [],
      "_timeout": 150000,
      "_slow": 75,
      "_bail": false,
      "_onlyTests": [],
      "_onlySuites": [],
      "delayed": false,
      "parent": "6geymWfX1fXfANkf6TpeQ",
      "file": "/home/runner/work/vc-json-schema-test-suite/vc-json-schema-test-suite/tests/jsonschema.js",
      "matrix": true,
      "report": true,
      "implemented": [
        "tbd"
      ],
      "rowLabel": "Test Name",
      "columnLabel": "Implementation",
      "_testId": "urn:uuid:c2e56b0f-c742-4f51-9bc4-bf3668dd1fe4"
    },
    {
      "title": "JsonSchema – JSON Schema 2020-12",
      "ctx": null,
      "suites": [
        {
          "title": "tbd",
          "ctx": null,
          "suites": [],
          "tests": [
            {
              "type": "test",
              "title": "2.1 ID - The value MUST be a URL that identifies the schema associated with the verifiable credential.",
              "body": "async function() {\n          await generateTestResults(i.name, schemaVersionName, jsonSchemaType, this.test.title);\n          this.test.cell = {columnId: i.name, rowId: this.test.title};\n          const result = await checkTestResults(i.name, schemaVersionName, jsonSchemaType, this.test.title);\n          should.equal(result, TestResult.success);\n        }",
              "async": 0,
              "sync": true,
              "_timeout": 150000,
              "_slow": 75,
              "_retries": -1,
              "timedOut": false,
              "_currentRetry": 0,
              "pending": false,
              "file": "/home/runner/work/vc-json-schema-test-suite/vc-json-schema-test-suite/tests/jsonschema.js",
              "parent": "MuKrPDecNYDu4PZv_f7lO",
              "ctx": null,
              "_testId": "urn:uuid:79f7cb12-bfac-46f5-b284-204e0ca9b1ca",
              "_events": {},
              "_eventsCount": 1,
              "timer": {
                "_idleTimeout": -1,
                "_idlePrev": null,
                "_idleNext": null,
                "_idleStart": 1844,
                "_onTimeout": null,
                "_repeat": null,
                "_destroyed": true
              },
              "cell": {
                "columnId": "tbd",
                "rowId": "2.1 ID - The value MUST be a URL that identifies the schema associated with the verifiable credential."
              },
              "duration": 221,
              "state": "failed",
              "err": {
                "name": "AssertionError",
                "message": "expected 'error' to equal 'success'",
                "showDiff": true,
                "actual": "error",
                "expected": "success",
                "operator": "strictEqual",
                "stack": "AssertionError: expected 'error' to equal 'success'\n    at should.equal (node_modules/chai/lib/chai/interface/should.js:98:35)\n    at Context.<anonymous> (file:///home/runner/work/vc-json-schema-test-suite/vc-json-schema-test-suite/tests/jsonschema.js:31:18)"
              }
            },
            {
              "type": "test",
              "title": "2.1 The type property MUST be JsonSchema.",
              "body": "async function() {\n          await generateTestResults(i.name, schemaVersionName, jsonSchemaType, this.test.title);\n          this.test.cell = {columnId: i.name, rowId: this.test.title};\n          const result = await checkTestResults(i.name, schemaVersionName, jsonSchemaType, this.test.title);\n          should.equal(result, TestResult.success);\n        }",
              "async": 0,
              "sync": true,
              "_timeout": 150000,
              "_slow": 75,
              "_retries": -1,
              "timedOut": false,
              "_currentRetry": 0,
              "pending": false,
              "file": "/home/runner/work/vc-json-schema-test-suite/vc-json-schema-test-suite/tests/jsonschema.js",
              "parent": "MuKrPDecNYDu4PZv_f7lO",
              "ctx": null,
              "_testId": "urn:uuid:e49bca1f-7e76-4a05-915d-b2bb669593fb",
              "_events": {},
              "_eventsCount": 1,
              "timer": {
                "_idleTimeout": -1,
                "_idlePrev": null,
                "_idleNext": null,
                "_idleStart": 2066,
                "_onTimeout": null,
                "_repeat": null,
                "_destroyed": true
              },
              "cell": {
                "columnId": "tbd",
                "rowId": "2.1 The type property MUST be JsonSchema."
              },
              "duration": 222,
              "state": "failed",
              "err": {
                "name": "AssertionError",
                "message": "expected 'error' to equal 'success'",
                "showDiff": true,
                "actual": "error",
                "expected": "success",
                "operator": "strictEqual",
                "stack": "AssertionError: expected 'error' to equal 'success'\n    at should.equal (node_modules/chai/lib/chai/interface/should.js:98:35)\n    at Context.<anonymous> (file:///home/runner/work/vc-json-schema-test-suite/vc-json-schema-test-suite/tests/jsonschema.js:38:18)"
              }
            },
            {
              "type": "test",
              "title": "3 Implementers MUST provide support for JSON Schema specifications where, in the following table, the required column's value is yes",
              "body": "function() {\n          this.test.cell = {columnId: i.name, rowId: this.test.title};\n          if (schemaVersionName === JsonSchemaVersions['202012']) {\n            should.equal(true, true);\n          } else {\n            this.skip();\n          }\n        }",
              "async": 0,
              "sync": true,
              "_timeout": 150000,
              "_slow": 75,
              "_retries": -1,
              "timedOut": false,
              "_currentRetry": 0,
              "pending": false,
              "file": "/home/runner/work/vc-json-schema-test-suite/vc-json-schema-test-suite/tests/jsonschema.js",
              "parent": "MuKrPDecNYDu4PZv_f7lO",
              "ctx": null,
              "_testId": "urn:uuid:994623e4-b2df-499c-aa59-5700b0a01f68",
              "_events": {},
              "_eventsCount": 1,
              "cell": {
                "columnId": "tbd",
                "rowId": "3 Implementers MUST provide support for JSON Schema specifications where, in the following table, the required column's value is yes"
              },
              "duration": 0,
              "state": "passed",
              "speed": "fast"
            },
            {
              "type": "test",
              "title": "3.1.1 The $id MUST be present and its value MUST represent a valid URI-reference",
              "body": "async function() {\n          await generateTestResults(i.name, schemaVersionName, jsonSchemaType, this.test.title);\n          this.test.cell = {columnId: i.name, rowId: this.test.title};\n          const result = await checkTestResults(i.name, schemaVersionName, jsonSchemaType, this.test.title);\n          should.equal(result, TestResult.success);\n        }",
              "async": 0,
              "sync": true,
              "_timeout": 150000,
              "_slow": 75,
              "_retries": -1,
              "timedOut": false,
              "_currentRetry": 0,
              "pending": false,
              "file": "/home/runner/work/vc-json-schema-test-suite/vc-json-schema-test-suite/tests/jsonschema.js",
              "parent": "MuKrPDecNYDu4PZv_f7lO",
              "ctx": null,
              "_testId": "urn:uuid:f478539a-808b-4e02-abc6-bce86801c4e0",
              "_events": {},
              "_eventsCount": 1,
              "timer": {
                "_idleTimeout": -1,
                "_idlePrev": null,
                "_idleNext": null,
                "_idleStart": 2290,
                "_onTimeout": null,
                "_repeat": null,
                "_destroyed": true
              },
              "cell": {
                "columnId": "tbd",
                "rowId": "3.1.1 The $id MUST be present and its value MUST represent a valid URI-reference"
              },
              "duration": 259,
              "state": "failed",
              "err": {
                "name": "AssertionError",
                "message": "expected 'error' to equal 'success'",
                "showDiff": true,
                "actual": "error",
                "expected": "success",
                "operator": "strictEqual",
                "stack": "AssertionError: expected 'error' to equal 'success'\n    at should.equal (node_modules/chai/lib/chai/interface/should.js:98:35)\n    at Context.<anonymous> (file:///home/runner/work/vc-json-schema-test-suite/vc-json-schema-test-suite/tests/jsonschema.js:54:18)"
              }
            },
            {
              "type": "test",
              "title": "3.1.2, 4 The $schema property MUST be present in each schema",
              "body": "async function() {\n          await generateTestResults(i.name, schemaVersionName, jsonSchemaType, this.test.title);\n          this.test.cell = {columnId: i.name, rowId: this.test.title};\n          const result = await checkTestResults(i.name, schemaVersionName, jsonSchemaType, this.test.title);\n          should.equal(result, TestResult.success);\n        }",
              "async": 0,
              "sync": true,
              "_timeout": 150000,
              "_slow": 75,
              "_retries": -1,
              "timedOut": false,
              "_currentRetry": 0,
              "pending": false,
              "file": "/home/runner/work/vc-json-schema-test-suite/vc-json-schema-test-suite/tests/jsonschema.js",
              "parent": "MuKrPDecNYDu4PZv_f7lO",
              "ctx": null,
              "_testId": "urn:uuid:8ec2de76-eabd-4109-b155-f31f79ab1349",
              "_events": {},
              "_eventsCount": 1,
              "timer": {
                "_idleTimeout": -1,
                "_idlePrev": null,
                "_idleNext": null,
                "_idleStart": 2549,
                "_onTimeout": null,
                "_repeat": null,
                "_destroyed": true
              },
              "cell": {
                "columnId": "tbd",
                "rowId": "3.1.2, 4 The $schema property MUST be present in each schema"
              },
              "duration": 222,
              "state": "failed",
              "err": {
                "name": "AssertionError",
                "message": "expected 'error' to equal 'success'",
                "showDiff": true,
                "actual": "error",
                "expected": "success",
                "operator": "strictEqual",
                "stack": "AssertionError: expected 'error' to equal 'success'\n    at should.equal (node_modules/chai/lib/chai/interface/should.js:98:35)\n    at Context.<anonymous> (file:///home/runner/work/vc-json-schema-test-suite/vc-json-schema-test-suite/tests/jsonschema.js:62:18)"
              }
            },
            {
              "type": "test",
              "title": "4.2 (Success) Validation MUST result in one of the following three possible outcomes: success, failure, or indeterminate.",
              "body": "async function() {\n          await generateTestResults(i.name, schemaVersionName, jsonSchemaType, this.test.title);\n          this.test.cell = {columnId: i.name, rowId: this.test.title};\n          const result = await checkTestResults(i.name, schemaVersionName, jsonSchemaType, this.test.title);\n          should.equal(result, TestResult.success);\n        }",
              "async": 0,
              "sync": true,
              "_timeout": 150000,
              "_slow": 75,
              "_retries": -1,
              "timedOut": false,
              "_currentRetry": 0,
              "pending": false,
              "file": "/home/runner/work/vc-json-schema-test-suite/vc-json-schema-test-suite/tests/jsonschema.js",
              "parent": "MuKrPDecNYDu4PZv_f7lO",
              "ctx": null,
              "_testId": "urn:uuid:c4a48a99-1367-4fed-8d08-af522f3dc8dd",
              "_events": {},
              "_eventsCount": 1,
              "timer": {
                "_idleTimeout": -1,
                "_idlePrev": null,
                "_idleNext": null,
                "_idleStart": 2772,
                "_onTimeout": null,
                "_repeat": null,
                "_destroyed": true
              },
              "cell": {
                "columnId": "tbd",
                "rowId": "4.2 (Success) Validation MUST result in one of the following three possible outcomes: success, failure, or indeterminate."
              },
              "duration": 187,
              "state": "failed",
              "err": {
                "name": "AssertionError",
                "message": "expected 'error' to equal 'success'",
                "showDiff": true,
                "actual": "error",
                "expected": "success",
                "operator": "strictEqual",
                "stack": "AssertionError: expected 'error' to equal 'success'\n    at should.equal (node_modules/chai/lib/chai/interface/should.js:98:35)\n    at Context.<anonymous> (file:///home/runner/work/vc-json-schema-test-suite/vc-json-schema-test-suite/tests/jsonschema.js:69:18)"
              }
            },
            {
              "type": "test",
              "title": "4.2 (Failure) Validation MUST result in one of the following three possible outcomes: success, failure, or indeterminate.",
              "body": "async function() {\n          await generateTestResults(i.name, schemaVersionName, jsonSchemaType, this.test.title);\n          this.test.cell = {columnId: i.name, rowId: this.test.title};\n          const result = await checkTestResults(i.name, schemaVersionName, jsonSchemaType, this.test.title);\n          should.equal(result, TestResult.success);\n        }",
              "async": 0,
              "sync": true,
              "_timeout": 150000,
              "_slow": 75,
              "_retries": -1,
              "timedOut": false,
              "_currentRetry": 0,
              "pending": false,
              "file": "/home/runner/work/vc-json-schema-test-suite/vc-json-schema-test-suite/tests/jsonschema.js",
              "parent": "MuKrPDecNYDu4PZv_f7lO",
              "ctx": null,
              "_testId": "urn:uuid:4907dde6-70f5-4405-83d7-b5c66ee137d9",
              "_events": {},
              "_eventsCount": 1,
              "timer": {
                "_idleTimeout": -1,
                "_idlePrev": null,
                "_idleNext": null,
                "_idleStart": 2959,
                "_onTimeout": null,
                "_repeat": null,
                "_destroyed": true
              },
              "cell": {
                "columnId": "tbd",
                "rowId": "4.2 (Failure) Validation MUST result in one of the following three possible outcomes: success, failure, or indeterminate."
              },
              "duration": 187,
              "state": "failed",
              "err": {
                "name": "AssertionError",
                "message": "expected 'error' to equal 'success'",
                "showDiff": true,
                "actual": "error",
                "expected": "success",
                "operator": "strictEqual",
                "stack": "AssertionError: expected 'error' to equal 'success'\n    at should.equal (node_modules/chai/lib/chai/interface/should.js:98:35)\n    at Context.<anonymous> (file:///home/runner/work/vc-json-schema-test-suite/vc-json-schema-test-suite/tests/jsonschema.js:76:18)"
              }
            },
            {
              "type": "test",
              "title": "4.2 (Indeterminate) Validation MUST result in one of the following three possible outcomes: success, failure, or indeterminate.",
              "body": "async function() {\n          await generateTestResults(i.name, schemaVersionName, jsonSchemaType, this.test.title);\n          this.test.cell = {columnId: i.name, rowId: this.test.title};\n          const result = await checkTestResults(i.name, schemaVersionName, jsonSchemaType, this.test.title);\n          should.equal(result, TestResult.success);\n        }",
              "async": 0,
              "sync": true,
              "_timeout": 150000,
              "_slow": 75,
              "_retries": -1,
              "timedOut": false,
              "_currentRetry": 0,
              "pending": false,
              "file": "/home/runner/work/vc-json-schema-test-suite/vc-json-schema-test-suite/tests/jsonschema.js",
              "parent": "MuKrPDecNYDu4PZv_f7lO",
              "ctx": null,
              "_testId": "urn:uuid:040ae159-1834-4988-9e55-018542af53bd",
              "_events": {},
              "_eventsCount": 1,
              "timer": {
                "_idleTimeout": -1,
                "_idlePrev": null,
                "_idleNext": null,
                "_idleStart": 3146,
                "_onTimeout": null,
                "_repeat": null,
                "_destroyed": true
              },
              "cell": {
                "columnId": "tbd",
                "rowId": "4.2 (Indeterminate) Validation MUST result in one of the following three possible outcomes: success, failure, or indeterminate."
              },
              "duration": 186,
              "state": "failed",
              "err": {
                "name": "AssertionError",
                "message": "expected 'error' to equal 'success'",
                "showDiff": true,
                "actual": "error",
                "expected": "success",
                "operator": "strictEqual",
                "stack": "AssertionError: expected 'error' to equal 'success'\n    at should.equal (node_modules/chai/lib/chai/interface/should.js:98:35)\n    at Context.<anonymous> (file:///home/runner/work/vc-json-schema-test-suite/vc-json-schema-test-suite/tests/jsonschema.js:83:18)"
              }
            }
          ],
          "root": false,
          "pending": false,
          "_retries": -1,
          "_beforeEach": [],
          "_beforeAll": [],
          "_afterEach": [],
          "_afterAll": [],
          "_timeout": 150000,
          "_slow": 75,
          "_bail": false,
          "_onlyTests": [],
          "_onlySuites": [],
          "delayed": false,
          "parent": "IlhXU8GDaC5IhKuNextLJ",
          "file": "/home/runner/work/vc-json-schema-test-suite/vc-json-schema-test-suite/tests/jsonschema.js",
          "_testId": "urn:uuid:20feadb0-f212-41a1-966b-7246cd270412"
        }
      ],
      "tests": [
        {
          "type": "test",
          "title": "2.1 ID - The value MUST be a URL that identifies the schema associated with the verifiable credential.",
          "body": "async function() {\n          await generateTestResults(i.name, schemaVersionName, jsonSchemaType, this.test.title);\n          this.test.cell = {columnId: i.name, rowId: this.test.title};\n          const result = await checkTestResults(i.name, schemaVersionName, jsonSchemaType, this.test.title);\n          should.equal(result, TestResult.success);\n        }",
          "async": 0,
          "sync": true,
          "_timeout": 150000,
          "_slow": 75,
          "_retries": -1,
          "timedOut": false,
          "_currentRetry": 0,
          "pending": false,
          "file": "/home/runner/work/vc-json-schema-test-suite/vc-json-schema-test-suite/tests/jsonschema.js",
          "parent": "MuKrPDecNYDu4PZv_f7lO",
          "ctx": null,
          "_testId": "urn:uuid:79f7cb12-bfac-46f5-b284-204e0ca9b1ca",
          "_events": {},
          "_eventsCount": 1,
          "timer": {
            "_idleTimeout": -1,
            "_idlePrev": null,
            "_idleNext": null,
            "_idleStart": 1844,
            "_onTimeout": null,
            "_repeat": null,
            "_destroyed": true
          },
          "cell": {
            "columnId": "tbd",
            "rowId": "2.1 ID - The value MUST be a URL that identifies the schema associated with the verifiable credential."
          },
          "duration": 221,
          "state": "failed",
          "err": {
            "name": "AssertionError",
            "message": "expected 'error' to equal 'success'",
            "showDiff": true,
            "actual": "error",
            "expected": "success",
            "operator": "strictEqual",
            "stack": "AssertionError: expected 'error' to equal 'success'\n    at should.equal (node_modules/chai/lib/chai/interface/should.js:98:35)\n    at Context.<anonymous> (file:///home/runner/work/vc-json-schema-test-suite/vc-json-schema-test-suite/tests/jsonschema.js:31:18)"
          }
        },
        {
          "type": "test",
          "title": "2.1 The type property MUST be JsonSchema.",
          "body": "async function() {\n          await generateTestResults(i.name, schemaVersionName, jsonSchemaType, this.test.title);\n          this.test.cell = {columnId: i.name, rowId: this.test.title};\n          const result = await checkTestResults(i.name, schemaVersionName, jsonSchemaType, this.test.title);\n          should.equal(result, TestResult.success);\n        }",
          "async": 0,
          "sync": true,
          "_timeout": 150000,
          "_slow": 75,
          "_retries": -1,
          "timedOut": false,
          "_currentRetry": 0,
          "pending": false,
          "file": "/home/runner/work/vc-json-schema-test-suite/vc-json-schema-test-suite/tests/jsonschema.js",
          "parent": "MuKrPDecNYDu4PZv_f7lO",
          "ctx": null,
          "_testId": "urn:uuid:e49bca1f-7e76-4a05-915d-b2bb669593fb",
          "_events": {},
          "_eventsCount": 1,
          "timer": {
            "_idleTimeout": -1,
            "_idlePrev": null,
            "_idleNext": null,
            "_idleStart": 2066,
            "_onTimeout": null,
            "_repeat": null,
            "_destroyed": true
          },
          "cell": {
            "columnId": "tbd",
            "rowId": "2.1 The type property MUST be JsonSchema."
          },
          "duration": 222,
          "state": "failed",
          "err": {
            "name": "AssertionError",
            "message": "expected 'error' to equal 'success'",
            "showDiff": true,
            "actual": "error",
            "expected": "success",
            "operator": "strictEqual",
            "stack": "AssertionError: expected 'error' to equal 'success'\n    at should.equal (node_modules/chai/lib/chai/interface/should.js:98:35)\n    at Context.<anonymous> (file:///home/runner/work/vc-json-schema-test-suite/vc-json-schema-test-suite/tests/jsonschema.js:38:18)"
          }
        },
        {
          "type": "test",
          "title": "3 Implementers MUST provide support for JSON Schema specifications where, in the following table, the required column's value is yes",
          "body": "function() {\n          this.test.cell = {columnId: i.name, rowId: this.test.title};\n          if (schemaVersionName === JsonSchemaVersions['202012']) {\n            should.equal(true, true);\n          } else {\n            this.skip();\n          }\n        }",
          "async": 0,
          "sync": true,
          "_timeout": 150000,
          "_slow": 75,
          "_retries": -1,
          "timedOut": false,
          "_currentRetry": 0,
          "pending": false,
          "file": "/home/runner/work/vc-json-schema-test-suite/vc-json-schema-test-suite/tests/jsonschema.js",
          "parent": "MuKrPDecNYDu4PZv_f7lO",
          "ctx": null,
          "_testId": "urn:uuid:994623e4-b2df-499c-aa59-5700b0a01f68",
          "_events": {},
          "_eventsCount": 1,
          "cell": {
            "columnId": "tbd",
            "rowId": "3 Implementers MUST provide support for JSON Schema specifications where, in the following table, the required column's value is yes"
          },
          "duration": 0,
          "state": "passed",
          "speed": "fast"
        },
        {
          "type": "test",
          "title": "3.1.1 The $id MUST be present and its value MUST represent a valid URI-reference",
          "body": "async function() {\n          await generateTestResults(i.name, schemaVersionName, jsonSchemaType, this.test.title);\n          this.test.cell = {columnId: i.name, rowId: this.test.title};\n          const result = await checkTestResults(i.name, schemaVersionName, jsonSchemaType, this.test.title);\n          should.equal(result, TestResult.success);\n        }",
          "async": 0,
          "sync": true,
          "_timeout": 150000,
          "_slow": 75,
          "_retries": -1,
          "timedOut": false,
          "_currentRetry": 0,
          "pending": false,
          "file": "/home/runner/work/vc-json-schema-test-suite/vc-json-schema-test-suite/tests/jsonschema.js",
          "parent": "MuKrPDecNYDu4PZv_f7lO",
          "ctx": null,
          "_testId": "urn:uuid:f478539a-808b-4e02-abc6-bce86801c4e0",
          "_events": {},
          "_eventsCount": 1,
          "timer": {
            "_idleTimeout": -1,
            "_idlePrev": null,
            "_idleNext": null,
            "_idleStart": 2290,
            "_onTimeout": null,
            "_repeat": null,
            "_destroyed": true
          },
          "cell": {
            "columnId": "tbd",
            "rowId": "3.1.1 The $id MUST be present and its value MUST represent a valid URI-reference"
          },
          "duration": 259,
          "state": "failed",
          "err": {
            "name": "AssertionError",
            "message": "expected 'error' to equal 'success'",
            "showDiff": true,
            "actual": "error",
            "expected": "success",
            "operator": "strictEqual",
            "stack": "AssertionError: expected 'error' to equal 'success'\n    at should.equal (node_modules/chai/lib/chai/interface/should.js:98:35)\n    at Context.<anonymous> (file:///home/runner/work/vc-json-schema-test-suite/vc-json-schema-test-suite/tests/jsonschema.js:54:18)"
          }
        },
        {
          "type": "test",
          "title": "3.1.2, 4 The $schema property MUST be present in each schema",
          "body": "async function() {\n          await generateTestResults(i.name, schemaVersionName, jsonSchemaType, this.test.title);\n          this.test.cell = {columnId: i.name, rowId: this.test.title};\n          const result = await checkTestResults(i.name, schemaVersionName, jsonSchemaType, this.test.title);\n          should.equal(result, TestResult.success);\n        }",
          "async": 0,
          "sync": true,
          "_timeout": 150000,
          "_slow": 75,
          "_retries": -1,
          "timedOut": false,
          "_currentRetry": 0,
          "pending": false,
          "file": "/home/runner/work/vc-json-schema-test-suite/vc-json-schema-test-suite/tests/jsonschema.js",
          "parent": "MuKrPDecNYDu4PZv_f7lO",
          "ctx": null,
          "_testId": "urn:uuid:8ec2de76-eabd-4109-b155-f31f79ab1349",
          "_events": {},
          "_eventsCount": 1,
          "timer": {
            "_idleTimeout": -1,
            "_idlePrev": null,
            "_idleNext": null,
            "_idleStart": 2549,
            "_onTimeout": null,
            "_repeat": null,
            "_destroyed": true
          },
          "cell": {
            "columnId": "tbd",
            "rowId": "3.1.2, 4 The $schema property MUST be present in each schema"
          },
          "duration": 222,
          "state": "failed",
          "err": {
            "name": "AssertionError",
            "message": "expected 'error' to equal 'success'",
            "showDiff": true,
            "actual": "error",
            "expected": "success",
            "operator": "strictEqual",
            "stack": "AssertionError: expected 'error' to equal 'success'\n    at should.equal (node_modules/chai/lib/chai/interface/should.js:98:35)\n    at Context.<anonymous> (file:///home/runner/work/vc-json-schema-test-suite/vc-json-schema-test-suite/tests/jsonschema.js:62:18)"
          }
        },
        {
          "type": "test",
          "title": "4.2 (Success) Validation MUST result in one of the following three possible outcomes: success, failure, or indeterminate.",
          "body": "async function() {\n          await generateTestResults(i.name, schemaVersionName, jsonSchemaType, this.test.title);\n          this.test.cell = {columnId: i.name, rowId: this.test.title};\n          const result = await checkTestResults(i.name, schemaVersionName, jsonSchemaType, this.test.title);\n          should.equal(result, TestResult.success);\n        }",
          "async": 0,
          "sync": true,
          "_timeout": 150000,
          "_slow": 75,
          "_retries": -1,
          "timedOut": false,
          "_currentRetry": 0,
          "pending": false,
          "file": "/home/runner/work/vc-json-schema-test-suite/vc-json-schema-test-suite/tests/jsonschema.js",
          "parent": "MuKrPDecNYDu4PZv_f7lO",
          "ctx": null,
          "_testId": "urn:uuid:c4a48a99-1367-4fed-8d08-af522f3dc8dd",
          "_events": {},
          "_eventsCount": 1,
          "timer": {
            "_idleTimeout": -1,
            "_idlePrev": null,
            "_idleNext": null,
            "_idleStart": 2772,
            "_onTimeout": null,
            "_repeat": null,
            "_destroyed": true
          },
          "cell": {
            "columnId": "tbd",
            "rowId": "4.2 (Success) Validation MUST result in one of the following three possible outcomes: success, failure, or indeterminate."
          },
          "duration": 187,
          "state": "failed",
          "err": {
            "name": "AssertionError",
            "message": "expected 'error' to equal 'success'",
            "showDiff": true,
            "actual": "error",
            "expected": "success",
            "operator": "strictEqual",
            "stack": "AssertionError: expected 'error' to equal 'success'\n    at should.equal (node_modules/chai/lib/chai/interface/should.js:98:35)\n    at Context.<anonymous> (file:///home/runner/work/vc-json-schema-test-suite/vc-json-schema-test-suite/tests/jsonschema.js:69:18)"
          }
        },
        {
          "type": "test",
          "title": "4.2 (Failure) Validation MUST result in one of the following three possible outcomes: success, failure, or indeterminate.",
          "body": "async function() {\n          await generateTestResults(i.name, schemaVersionName, jsonSchemaType, this.test.title);\n          this.test.cell = {columnId: i.name, rowId: this.test.title};\n          const result = await checkTestResults(i.name, schemaVersionName, jsonSchemaType, this.test.title);\n          should.equal(result, TestResult.success);\n        }",
          "async": 0,
          "sync": true,
          "_timeout": 150000,
          "_slow": 75,
          "_retries": -1,
          "timedOut": false,
          "_currentRetry": 0,
          "pending": false,
          "file": "/home/runner/work/vc-json-schema-test-suite/vc-json-schema-test-suite/tests/jsonschema.js",
          "parent": "MuKrPDecNYDu4PZv_f7lO",
          "ctx": null,
          "_testId": "urn:uuid:4907dde6-70f5-4405-83d7-b5c66ee137d9",
          "_events": {},
          "_eventsCount": 1,
          "timer": {
            "_idleTimeout": -1,
            "_idlePrev": null,
            "_idleNext": null,
            "_idleStart": 2959,
            "_onTimeout": null,
            "_repeat": null,
            "_destroyed": true
          },
          "cell": {
            "columnId": "tbd",
            "rowId": "4.2 (Failure) Validation MUST result in one of the following three possible outcomes: success, failure, or indeterminate."
          },
          "duration": 187,
          "state": "failed",
          "err": {
            "name": "AssertionError",
            "message": "expected 'error' to equal 'success'",
            "showDiff": true,
            "actual": "error",
            "expected": "success",
            "operator": "strictEqual",
            "stack": "AssertionError: expected 'error' to equal 'success'\n    at should.equal (node_modules/chai/lib/chai/interface/should.js:98:35)\n    at Context.<anonymous> (file:///home/runner/work/vc-json-schema-test-suite/vc-json-schema-test-suite/tests/jsonschema.js:76:18)"
          }
        },
        {
          "type": "test",
          "title": "4.2 (Indeterminate) Validation MUST result in one of the following three possible outcomes: success, failure, or indeterminate.",
          "body": "async function() {\n          await generateTestResults(i.name, schemaVersionName, jsonSchemaType, this.test.title);\n          this.test.cell = {columnId: i.name, rowId: this.test.title};\n          const result = await checkTestResults(i.name, schemaVersionName, jsonSchemaType, this.test.title);\n          should.equal(result, TestResult.success);\n        }",
          "async": 0,
          "sync": true,
          "_timeout": 150000,
          "_slow": 75,
          "_retries": -1,
          "timedOut": false,
          "_currentRetry": 0,
          "pending": false,
          "file": "/home/runner/work/vc-json-schema-test-suite/vc-json-schema-test-suite/tests/jsonschema.js",
          "parent": "MuKrPDecNYDu4PZv_f7lO",
          "ctx": null,
          "_testId": "urn:uuid:040ae159-1834-4988-9e55-018542af53bd",
          "_events": {},
          "_eventsCount": 1,
          "timer": {
            "_idleTimeout": -1,
            "_idlePrev": null,
            "_idleNext": null,
            "_idleStart": 3146,
            "_onTimeout": null,
            "_repeat": null,
            "_destroyed": true
          },
          "cell": {
            "columnId": "tbd",
            "rowId": "4.2 (Indeterminate) Validation MUST result in one of the following three possible outcomes: success, failure, or indeterminate."
          },
          "duration": 186,
          "state": "failed",
          "err": {
            "name": "AssertionError",
            "message": "expected 'error' to equal 'success'",
            "showDiff": true,
            "actual": "error",
            "expected": "success",
            "operator": "strictEqual",
            "stack": "AssertionError: expected 'error' to equal 'success'\n    at should.equal (node_modules/chai/lib/chai/interface/should.js:98:35)\n    at Context.<anonymous> (file:///home/runner/work/vc-json-schema-test-suite/vc-json-schema-test-suite/tests/jsonschema.js:83:18)"
          }
        }
      ],
      "root": false,
      "pending": false,
      "_retries": -1,
      "_beforeEach": [],
      "_beforeAll": [],
      "_afterEach": [],
      "_afterAll": [],
      "_timeout": 150000,
      "_slow": 75,
      "_bail": false,
      "_onlyTests": [],
      "_onlySuites": [],
      "delayed": false,
      "parent": "6geymWfX1fXfANkf6TpeQ",
      "file": "/home/runner/work/vc-json-schema-test-suite/vc-json-schema-test-suite/tests/jsonschema.js",
      "matrix": true,
      "report": true,
      "implemented": [
        "tbd"
      ],
      "rowLabel": "Test Name",
      "columnLabel": "Implementation",
      "_testId": "urn:uuid:91390c59-3d32-4976-a4c8-9f0cbf79fa40"
    },
    {
      "title": "JsonSchema – JSON Schema Draft-7",
      "ctx": null,
      "suites": [
        {
          "title": "tbd",
          "ctx": null,
          "suites": [],
          "tests": [
            {
              "type": "test",
              "title": "2.1 ID - The value MUST be a URL that identifies the schema associated with the verifiable credential.",
              "body": "async function() {\n          await generateTestResults(i.name, schemaVersionName, jsonSchemaType, this.test.title);\n          this.test.cell = {columnId: i.name, rowId: this.test.title};\n          const result = await checkTestResults(i.name, schemaVersionName, jsonSchemaType, this.test.title);\n          should.equal(result, TestResult.success);\n        }",
              "async": 0,
              "sync": true,
              "_timeout": 150000,
              "_slow": 75,
              "_retries": -1,
              "timedOut": false,
              "_currentRetry": 0,
              "pending": false,
              "file": "/home/runner/work/vc-json-schema-test-suite/vc-json-schema-test-suite/tests/jsonschema.js",
              "parent": "TOlw53wyLsYjBWtjvajUS",
              "ctx": null,
              "_testId": "urn:uuid:81f3a1a4-fec3-46e2-bfe9-c0acb0776063",
              "_events": {},
              "_eventsCount": 1,
              "timer": {
                "_idleTimeout": -1,
                "_idlePrev": null,
                "_idleNext": null,
                "_idleStart": 3333,
                "_onTimeout": null,
                "_repeat": null,
                "_destroyed": true
              },
              "cell": {
                "columnId": "tbd",
                "rowId": "2.1 ID - The value MUST be a URL that identifies the schema associated with the verifiable credential."
              },
              "duration": 222,
              "state": "failed",
              "err": {
                "name": "AssertionError",
                "message": "expected 'error' to equal 'success'",
                "showDiff": true,
                "actual": "error",
                "expected": "success",
                "operator": "strictEqual",
                "stack": "AssertionError: expected 'error' to equal 'success'\n    at should.equal (node_modules/chai/lib/chai/interface/should.js:98:35)\n    at Context.<anonymous> (file:///home/runner/work/vc-json-schema-test-suite/vc-json-schema-test-suite/tests/jsonschema.js:31:18)"
              }
            },
            {
              "type": "test",
              "title": "2.1 The type property MUST be JsonSchema.",
              "body": "async function() {\n          await generateTestResults(i.name, schemaVersionName, jsonSchemaType, this.test.title);\n          this.test.cell = {columnId: i.name, rowId: this.test.title};\n          const result = await checkTestResults(i.name, schemaVersionName, jsonSchemaType, this.test.title);\n          should.equal(result, TestResult.success);\n        }",
              "async": 0,
              "sync": true,
              "_timeout": 150000,
              "_slow": 75,
              "_retries": -1,
              "timedOut": false,
              "_currentRetry": 0,
              "pending": false,
              "file": "/home/runner/work/vc-json-schema-test-suite/vc-json-schema-test-suite/tests/jsonschema.js",
              "parent": "TOlw53wyLsYjBWtjvajUS",
              "ctx": null,
              "_testId": "urn:uuid:99af54a2-555f-409d-b1f5-ad4d0ddd28e8",
              "_events": {},
              "_eventsCount": 1,
              "timer": {
                "_idleTimeout": -1,
                "_idlePrev": null,
                "_idleNext": null,
                "_idleStart": 3556,
                "_onTimeout": null,
                "_repeat": null,
                "_destroyed": true
              },
              "cell": {
                "columnId": "tbd",
                "rowId": "2.1 The type property MUST be JsonSchema."
              },
              "duration": 222,
              "state": "failed",
              "err": {
                "name": "AssertionError",
                "message": "expected 'error' to equal 'success'",
                "showDiff": true,
                "actual": "error",
                "expected": "success",
                "operator": "strictEqual",
                "stack": "AssertionError: expected 'error' to equal 'success'\n    at should.equal (node_modules/chai/lib/chai/interface/should.js:98:35)\n    at Context.<anonymous> (file:///home/runner/work/vc-json-schema-test-suite/vc-json-schema-test-suite/tests/jsonschema.js:38:18)"
              }
            },
            {
              "type": "test",
              "title": "3 Implementers MUST provide support for JSON Schema specifications where, in the following table, the required column's value is yes",
              "body": "function() {\n          this.test.cell = {columnId: i.name, rowId: this.test.title};\n          if (schemaVersionName === JsonSchemaVersions['202012']) {\n            should.equal(true, true);\n          } else {\n            this.skip();\n          }\n        }",
              "async": 0,
              "sync": true,
              "_timeout": 150000,
              "_slow": 75,
              "_retries": -1,
              "timedOut": false,
              "_currentRetry": 0,
              "pending": true,
              "file": "/home/runner/work/vc-json-schema-test-suite/vc-json-schema-test-suite/tests/jsonschema.js",
              "parent": "TOlw53wyLsYjBWtjvajUS",
              "ctx": null,
              "_testId": "urn:uuid:ed5b7c55-30b5-4ca6-8404-21c5b671e953",
              "_events": {},
              "_eventsCount": 1,
              "cell": {
                "columnId": "tbd",
                "rowId": "3 Implementers MUST provide support for JSON Schema specifications where, in the following table, the required column's value is yes"
              },
              "duration": 1,
              "state": "pending"
            },
            {
              "type": "test",
              "title": "3.1.1 The $id MUST be present and its value MUST represent a valid URI-reference",
              "body": "async function() {\n          await generateTestResults(i.name, schemaVersionName, jsonSchemaType, this.test.title);\n          this.test.cell = {columnId: i.name, rowId: this.test.title};\n          const result = await checkTestResults(i.name, schemaVersionName, jsonSchemaType, this.test.title);\n          should.equal(result, TestResult.success);\n        }",
              "async": 0,
              "sync": true,
              "_timeout": 150000,
              "_slow": 75,
              "_retries": -1,
              "timedOut": false,
              "_currentRetry": 0,
              "pending": false,
              "file": "/home/runner/work/vc-json-schema-test-suite/vc-json-schema-test-suite/tests/jsonschema.js",
              "parent": "TOlw53wyLsYjBWtjvajUS",
              "ctx": null,
              "_testId": "urn:uuid:efb58115-ae94-45fc-897a-c75aa060f4b3",
              "_events": {},
              "_eventsCount": 1,
              "timer": {
                "_idleTimeout": -1,
                "_idlePrev": null,
                "_idleNext": null,
                "_idleStart": 3778,
                "_onTimeout": null,
                "_repeat": null,
                "_destroyed": true
              },
              "cell": {
                "columnId": "tbd",
                "rowId": "3.1.1 The $id MUST be present and its value MUST represent a valid URI-reference"
              },
              "duration": 256,
              "state": "failed",
              "err": {
                "name": "AssertionError",
                "message": "expected 'error' to equal 'success'",
                "showDiff": true,
                "actual": "error",
                "expected": "success",
                "operator": "strictEqual",
                "stack": "AssertionError: expected 'error' to equal 'success'\n    at should.equal (node_modules/chai/lib/chai/interface/should.js:98:35)\n    at Context.<anonymous> (file:///home/runner/work/vc-json-schema-test-suite/vc-json-schema-test-suite/tests/jsonschema.js:54:18)"
              }
            },
            {
              "type": "test",
              "title": "3.1.2, 4 The $schema property MUST be present in each schema",
              "body": "async function() {\n          await generateTestResults(i.name, schemaVersionName, jsonSchemaType, this.test.title);\n          this.test.cell = {columnId: i.name, rowId: this.test.title};\n          const result = await checkTestResults(i.name, schemaVersionName, jsonSchemaType, this.test.title);\n          should.equal(result, TestResult.success);\n        }",
              "async": 0,
              "sync": true,
              "_timeout": 150000,
              "_slow": 75,
              "_retries": -1,
              "timedOut": false,
              "_currentRetry": 0,
              "pending": false,
              "file": "/home/runner/work/vc-json-schema-test-suite/vc-json-schema-test-suite/tests/jsonschema.js",
              "parent": "TOlw53wyLsYjBWtjvajUS",
              "ctx": null,
              "_testId": "urn:uuid:e8547804-d183-4abe-8645-c02c75dc543e",
              "_events": {},
              "_eventsCount": 1,
              "timer": {
                "_idleTimeout": -1,
                "_idlePrev": null,
                "_idleNext": null,
                "_idleStart": 4034,
                "_onTimeout": null,
                "_repeat": null,
                "_destroyed": true
              },
              "cell": {
                "columnId": "tbd",
                "rowId": "3.1.2, 4 The $schema property MUST be present in each schema"
              },
              "duration": 222,
              "state": "failed",
              "err": {
                "name": "AssertionError",
                "message": "expected 'error' to equal 'success'",
                "showDiff": true,
                "actual": "error",
                "expected": "success",
                "operator": "strictEqual",
                "stack": "AssertionError: expected 'error' to equal 'success'\n    at should.equal (node_modules/chai/lib/chai/interface/should.js:98:35)\n    at Context.<anonymous> (file:///home/runner/work/vc-json-schema-test-suite/vc-json-schema-test-suite/tests/jsonschema.js:62:18)"
              }
            },
            {
              "type": "test",
              "title": "4.2 (Success) Validation MUST result in one of the following three possible outcomes: success, failure, or indeterminate.",
              "body": "async function() {\n          await generateTestResults(i.name, schemaVersionName, jsonSchemaType, this.test.title);\n          this.test.cell = {columnId: i.name, rowId: this.test.title};\n          const result = await checkTestResults(i.name, schemaVersionName, jsonSchemaType, this.test.title);\n          should.equal(result, TestResult.success);\n        }",
              "async": 0,
              "sync": true,
              "_timeout": 150000,
              "_slow": 75,
              "_retries": -1,
              "timedOut": false,
              "_currentRetry": 0,
              "pending": false,
              "file": "/home/runner/work/vc-json-schema-test-suite/vc-json-schema-test-suite/tests/jsonschema.js",
              "parent": "TOlw53wyLsYjBWtjvajUS",
              "ctx": null,
              "_testId": "urn:uuid:6b66cfd3-63d1-4d46-8463-3f153e366f96",
              "_events": {},
              "_eventsCount": 1,
              "timer": {
                "_idleTimeout": -1,
                "_idlePrev": null,
                "_idleNext": null,
                "_idleStart": 4257,
                "_onTimeout": null,
                "_repeat": null,
                "_destroyed": true
              },
              "cell": {
                "columnId": "tbd",
                "rowId": "4.2 (Success) Validation MUST result in one of the following three possible outcomes: success, failure, or indeterminate."
              },
              "duration": 187,
              "state": "failed",
              "err": {
                "name": "AssertionError",
                "message": "expected 'error' to equal 'success'",
                "showDiff": true,
                "actual": "error",
                "expected": "success",
                "operator": "strictEqual",
                "stack": "AssertionError: expected 'error' to equal 'success'\n    at should.equal (node_modules/chai/lib/chai/interface/should.js:98:35)\n    at Context.<anonymous> (file:///home/runner/work/vc-json-schema-test-suite/vc-json-schema-test-suite/tests/jsonschema.js:69:18)"
              }
            },
            {
              "type": "test",
              "title": "4.2 (Failure) Validation MUST result in one of the following three possible outcomes: success, failure, or indeterminate.",
              "body": "async function() {\n          await generateTestResults(i.name, schemaVersionName, jsonSchemaType, this.test.title);\n          this.test.cell = {columnId: i.name, rowId: this.test.title};\n          const result = await checkTestResults(i.name, schemaVersionName, jsonSchemaType, this.test.title);\n          should.equal(result, TestResult.success);\n        }",
              "async": 0,
              "sync": true,
              "_timeout": 150000,
              "_slow": 75,
              "_retries": -1,
              "timedOut": false,
              "_currentRetry": 0,
              "pending": false,
              "file": "/home/runner/work/vc-json-schema-test-suite/vc-json-schema-test-suite/tests/jsonschema.js",
              "parent": "TOlw53wyLsYjBWtjvajUS",
              "ctx": null,
              "_testId": "urn:uuid:db6fbf3e-f901-4a81-a162-84a21c19a2ee",
              "_events": {},
              "_eventsCount": 1,
              "timer": {
                "_idleTimeout": -1,
                "_idlePrev": null,
                "_idleNext": null,
                "_idleStart": 4444,
                "_onTimeout": null,
                "_repeat": null,
                "_destroyed": true
              },
              "cell": {
                "columnId": "tbd",
                "rowId": "4.2 (Failure) Validation MUST result in one of the following three possible outcomes: success, failure, or indeterminate."
              },
              "duration": 187,
              "state": "failed",
              "err": {
                "name": "AssertionError",
                "message": "expected 'error' to equal 'success'",
                "showDiff": true,
                "actual": "error",
                "expected": "success",
                "operator": "strictEqual",
                "stack": "AssertionError: expected 'error' to equal 'success'\n    at should.equal (node_modules/chai/lib/chai/interface/should.js:98:35)\n    at Context.<anonymous> (file:///home/runner/work/vc-json-schema-test-suite/vc-json-schema-test-suite/tests/jsonschema.js:76:18)"
              }
            },
            {
              "type": "test",
              "title": "4.2 (Indeterminate) Validation MUST result in one of the following three possible outcomes: success, failure, or indeterminate.",
              "body": "async function() {\n          await generateTestResults(i.name, schemaVersionName, jsonSchemaType, this.test.title);\n          this.test.cell = {columnId: i.name, rowId: this.test.title};\n          const result = await checkTestResults(i.name, schemaVersionName, jsonSchemaType, this.test.title);\n          should.equal(result, TestResult.success);\n        }",
              "async": 0,
              "sync": true,
              "_timeout": 150000,
              "_slow": 75,
              "_retries": -1,
              "timedOut": false,
              "_currentRetry": 0,
              "pending": false,
              "file": "/home/runner/work/vc-json-schema-test-suite/vc-json-schema-test-suite/tests/jsonschema.js",
              "parent": "TOlw53wyLsYjBWtjvajUS",
              "ctx": null,
              "_testId": "urn:uuid:13450339-53b8-4beb-9025-f3dabb10770b",
              "_events": {},
              "_eventsCount": 1,
              "timer": {
                "_idleTimeout": -1,
                "_idlePrev": null,
                "_idleNext": null,
                "_idleStart": 4631,
                "_onTimeout": null,
                "_repeat": null,
                "_destroyed": true
              },
              "cell": {
                "columnId": "tbd",
                "rowId": "4.2 (Indeterminate) Validation MUST result in one of the following three possible outcomes: success, failure, or indeterminate."
              },
              "duration": 186,
              "state": "failed",
              "err": {
                "name": "AssertionError",
                "message": "expected 'error' to equal 'success'",
                "showDiff": true,
                "actual": "error",
                "expected": "success",
                "operator": "strictEqual",
                "stack": "AssertionError: expected 'error' to equal 'success'\n    at should.equal (node_modules/chai/lib/chai/interface/should.js:98:35)\n    at Context.<anonymous> (file:///home/runner/work/vc-json-schema-test-suite/vc-json-schema-test-suite/tests/jsonschema.js:83:18)"
              }
            }
          ],
          "root": false,
          "pending": false,
          "_retries": -1,
          "_beforeEach": [],
          "_beforeAll": [],
          "_afterEach": [],
          "_afterAll": [],
          "_timeout": 150000,
          "_slow": 75,
          "_bail": false,
          "_onlyTests": [],
          "_onlySuites": [],
          "delayed": false,
          "parent": "f7UPI86WmwSn3lyjv6lWW",
          "file": "/home/runner/work/vc-json-schema-test-suite/vc-json-schema-test-suite/tests/jsonschema.js",
          "_testId": "urn:uuid:c0993751-763f-422f-9922-56ee108cc81c"
        }
      ],
      "tests": [
        {
          "type": "test",
          "title": "2.1 ID - The value MUST be a URL that identifies the schema associated with the verifiable credential.",
          "body": "async function() {\n          await generateTestResults(i.name, schemaVersionName, jsonSchemaType, this.test.title);\n          this.test.cell = {columnId: i.name, rowId: this.test.title};\n          const result = await checkTestResults(i.name, schemaVersionName, jsonSchemaType, this.test.title);\n          should.equal(result, TestResult.success);\n        }",
          "async": 0,
          "sync": true,
          "_timeout": 150000,
          "_slow": 75,
          "_retries": -1,
          "timedOut": false,
          "_currentRetry": 0,
          "pending": false,
          "file": "/home/runner/work/vc-json-schema-test-suite/vc-json-schema-test-suite/tests/jsonschema.js",
          "parent": "TOlw53wyLsYjBWtjvajUS",
          "ctx": null,
          "_testId": "urn:uuid:81f3a1a4-fec3-46e2-bfe9-c0acb0776063",
          "_events": {},
          "_eventsCount": 1,
          "timer": {
            "_idleTimeout": -1,
            "_idlePrev": null,
            "_idleNext": null,
            "_idleStart": 3333,
            "_onTimeout": null,
            "_repeat": null,
            "_destroyed": true
          },
          "cell": {
            "columnId": "tbd",
            "rowId": "2.1 ID - The value MUST be a URL that identifies the schema associated with the verifiable credential."
          },
          "duration": 222,
          "state": "failed",
          "err": {
            "name": "AssertionError",
            "message": "expected 'error' to equal 'success'",
            "showDiff": true,
            "actual": "error",
            "expected": "success",
            "operator": "strictEqual",
            "stack": "AssertionError: expected 'error' to equal 'success'\n    at should.equal (node_modules/chai/lib/chai/interface/should.js:98:35)\n    at Context.<anonymous> (file:///home/runner/work/vc-json-schema-test-suite/vc-json-schema-test-suite/tests/jsonschema.js:31:18)"
          }
        },
        {
          "type": "test",
          "title": "2.1 The type property MUST be JsonSchema.",
          "body": "async function() {\n          await generateTestResults(i.name, schemaVersionName, jsonSchemaType, this.test.title);\n          this.test.cell = {columnId: i.name, rowId: this.test.title};\n          const result = await checkTestResults(i.name, schemaVersionName, jsonSchemaType, this.test.title);\n          should.equal(result, TestResult.success);\n        }",
          "async": 0,
          "sync": true,
          "_timeout": 150000,
          "_slow": 75,
          "_retries": -1,
          "timedOut": false,
          "_currentRetry": 0,
          "pending": false,
          "file": "/home/runner/work/vc-json-schema-test-suite/vc-json-schema-test-suite/tests/jsonschema.js",
          "parent": "TOlw53wyLsYjBWtjvajUS",
          "ctx": null,
          "_testId": "urn:uuid:99af54a2-555f-409d-b1f5-ad4d0ddd28e8",
          "_events": {},
          "_eventsCount": 1,
          "timer": {
            "_idleTimeout": -1,
            "_idlePrev": null,
            "_idleNext": null,
            "_idleStart": 3556,
            "_onTimeout": null,
            "_repeat": null,
            "_destroyed": true
          },
          "cell": {
            "columnId": "tbd",
            "rowId": "2.1 The type property MUST be JsonSchema."
          },
          "duration": 222,
          "state": "failed",
          "err": {
            "name": "AssertionError",
            "message": "expected 'error' to equal 'success'",
            "showDiff": true,
            "actual": "error",
            "expected": "success",
            "operator": "strictEqual",
            "stack": "AssertionError: expected 'error' to equal 'success'\n    at should.equal (node_modules/chai/lib/chai/interface/should.js:98:35)\n    at Context.<anonymous> (file:///home/runner/work/vc-json-schema-test-suite/vc-json-schema-test-suite/tests/jsonschema.js:38:18)"
          }
        },
        {
          "type": "test",
          "title": "3 Implementers MUST provide support for JSON Schema specifications where, in the following table, the required column's value is yes",
          "body": "function() {\n          this.test.cell = {columnId: i.name, rowId: this.test.title};\n          if (schemaVersionName === JsonSchemaVersions['202012']) {\n            should.equal(true, true);\n          } else {\n            this.skip();\n          }\n        }",
          "async": 0,
          "sync": true,
          "_timeout": 150000,
          "_slow": 75,
          "_retries": -1,
          "timedOut": false,
          "_currentRetry": 0,
          "pending": true,
          "file": "/home/runner/work/vc-json-schema-test-suite/vc-json-schema-test-suite/tests/jsonschema.js",
          "parent": "TOlw53wyLsYjBWtjvajUS",
          "ctx": null,
          "_testId": "urn:uuid:ed5b7c55-30b5-4ca6-8404-21c5b671e953",
          "_events": {},
          "_eventsCount": 1,
          "cell": {
            "columnId": "tbd",
            "rowId": "3 Implementers MUST provide support for JSON Schema specifications where, in the following table, the required column's value is yes"
          },
          "duration": 1,
          "state": "pending"
        },
        {
          "type": "test",
          "title": "3.1.1 The $id MUST be present and its value MUST represent a valid URI-reference",
          "body": "async function() {\n          await generateTestResults(i.name, schemaVersionName, jsonSchemaType, this.test.title);\n          this.test.cell = {columnId: i.name, rowId: this.test.title};\n          const result = await checkTestResults(i.name, schemaVersionName, jsonSchemaType, this.test.title);\n          should.equal(result, TestResult.success);\n        }",
          "async": 0,
          "sync": true,
          "_timeout": 150000,
          "_slow": 75,
          "_retries": -1,
          "timedOut": false,
          "_currentRetry": 0,
          "pending": false,
          "file": "/home/runner/work/vc-json-schema-test-suite/vc-json-schema-test-suite/tests/jsonschema.js",
          "parent": "TOlw53wyLsYjBWtjvajUS",
          "ctx": null,
          "_testId": "urn:uuid:efb58115-ae94-45fc-897a-c75aa060f4b3",
          "_events": {},
          "_eventsCount": 1,
          "timer": {
            "_idleTimeout": -1,
            "_idlePrev": null,
            "_idleNext": null,
            "_idleStart": 3778,
            "_onTimeout": null,
            "_repeat": null,
            "_destroyed": true
          },
          "cell": {
            "columnId": "tbd",
            "rowId": "3.1.1 The $id MUST be present and its value MUST represent a valid URI-reference"
          },
          "duration": 256,
          "state": "failed",
          "err": {
            "name": "AssertionError",
            "message": "expected 'error' to equal 'success'",
            "showDiff": true,
            "actual": "error",
            "expected": "success",
            "operator": "strictEqual",
            "stack": "AssertionError: expected 'error' to equal 'success'\n    at should.equal (node_modules/chai/lib/chai/interface/should.js:98:35)\n    at Context.<anonymous> (file:///home/runner/work/vc-json-schema-test-suite/vc-json-schema-test-suite/tests/jsonschema.js:54:18)"
          }
        },
        {
          "type": "test",
          "title": "3.1.2, 4 The $schema property MUST be present in each schema",
          "body": "async function() {\n          await generateTestResults(i.name, schemaVersionName, jsonSchemaType, this.test.title);\n          this.test.cell = {columnId: i.name, rowId: this.test.title};\n          const result = await checkTestResults(i.name, schemaVersionName, jsonSchemaType, this.test.title);\n          should.equal(result, TestResult.success);\n        }",
          "async": 0,
          "sync": true,
          "_timeout": 150000,
          "_slow": 75,
          "_retries": -1,
          "timedOut": false,
          "_currentRetry": 0,
          "pending": false,
          "file": "/home/runner/work/vc-json-schema-test-suite/vc-json-schema-test-suite/tests/jsonschema.js",
          "parent": "TOlw53wyLsYjBWtjvajUS",
          "ctx": null,
          "_testId": "urn:uuid:e8547804-d183-4abe-8645-c02c75dc543e",
          "_events": {},
          "_eventsCount": 1,
          "timer": {
            "_idleTimeout": -1,
            "_idlePrev": null,
            "_idleNext": null,
            "_idleStart": 4034,
            "_onTimeout": null,
            "_repeat": null,
            "_destroyed": true
          },
          "cell": {
            "columnId": "tbd",
            "rowId": "3.1.2, 4 The $schema property MUST be present in each schema"
          },
          "duration": 222,
          "state": "failed",
          "err": {
            "name": "AssertionError",
            "message": "expected 'error' to equal 'success'",
            "showDiff": true,
            "actual": "error",
            "expected": "success",
            "operator": "strictEqual",
            "stack": "AssertionError: expected 'error' to equal 'success'\n    at should.equal (node_modules/chai/lib/chai/interface/should.js:98:35)\n    at Context.<anonymous> (file:///home/runner/work/vc-json-schema-test-suite/vc-json-schema-test-suite/tests/jsonschema.js:62:18)"
          }
        },
        {
          "type": "test",
          "title": "4.2 (Success) Validation MUST result in one of the following three possible outcomes: success, failure, or indeterminate.",
          "body": "async function() {\n          await generateTestResults(i.name, schemaVersionName, jsonSchemaType, this.test.title);\n          this.test.cell = {columnId: i.name, rowId: this.test.title};\n          const result = await checkTestResults(i.name, schemaVersionName, jsonSchemaType, this.test.title);\n          should.equal(result, TestResult.success);\n        }",
          "async": 0,
          "sync": true,
          "_timeout": 150000,
          "_slow": 75,
          "_retries": -1,
          "timedOut": false,
          "_currentRetry": 0,
          "pending": false,
          "file": "/home/runner/work/vc-json-schema-test-suite/vc-json-schema-test-suite/tests/jsonschema.js",
          "parent": "TOlw53wyLsYjBWtjvajUS",
          "ctx": null,
          "_testId": "urn:uuid:6b66cfd3-63d1-4d46-8463-3f153e366f96",
          "_events": {},
          "_eventsCount": 1,
          "timer": {
            "_idleTimeout": -1,
            "_idlePrev": null,
            "_idleNext": null,
            "_idleStart": 4257,
            "_onTimeout": null,
            "_repeat": null,
            "_destroyed": true
          },
          "cell": {
            "columnId": "tbd",
            "rowId": "4.2 (Success) Validation MUST result in one of the following three possible outcomes: success, failure, or indeterminate."
          },
          "duration": 187,
          "state": "failed",
          "err": {
            "name": "AssertionError",
            "message": "expected 'error' to equal 'success'",
            "showDiff": true,
            "actual": "error",
            "expected": "success",
            "operator": "strictEqual",
            "stack": "AssertionError: expected 'error' to equal 'success'\n    at should.equal (node_modules/chai/lib/chai/interface/should.js:98:35)\n    at Context.<anonymous> (file:///home/runner/work/vc-json-schema-test-suite/vc-json-schema-test-suite/tests/jsonschema.js:69:18)"
          }
        },
        {
          "type": "test",
          "title": "4.2 (Failure) Validation MUST result in one of the following three possible outcomes: success, failure, or indeterminate.",
          "body": "async function() {\n          await generateTestResults(i.name, schemaVersionName, jsonSchemaType, this.test.title);\n          this.test.cell = {columnId: i.name, rowId: this.test.title};\n          const result = await checkTestResults(i.name, schemaVersionName, jsonSchemaType, this.test.title);\n          should.equal(result, TestResult.success);\n        }",
          "async": 0,
          "sync": true,
          "_timeout": 150000,
          "_slow": 75,
          "_retries": -1,
          "timedOut": false,
          "_currentRetry": 0,
          "pending": false,
          "file": "/home/runner/work/vc-json-schema-test-suite/vc-json-schema-test-suite/tests/jsonschema.js",
          "parent": "TOlw53wyLsYjBWtjvajUS",
          "ctx": null,
          "_testId": "urn:uuid:db6fbf3e-f901-4a81-a162-84a21c19a2ee",
          "_events": {},
          "_eventsCount": 1,
          "timer": {
            "_idleTimeout": -1,
            "_idlePrev": null,
            "_idleNext": null,
            "_idleStart": 4444,
            "_onTimeout": null,
            "_repeat": null,
            "_destroyed": true
          },
          "cell": {
            "columnId": "tbd",
            "rowId": "4.2 (Failure) Validation MUST result in one of the following three possible outcomes: success, failure, or indeterminate."
          },
          "duration": 187,
          "state": "failed",
          "err": {
            "name": "AssertionError",
            "message": "expected 'error' to equal 'success'",
            "showDiff": true,
            "actual": "error",
            "expected": "success",
            "operator": "strictEqual",
            "stack": "AssertionError: expected 'error' to equal 'success'\n    at should.equal (node_modules/chai/lib/chai/interface/should.js:98:35)\n    at Context.<anonymous> (file:///home/runner/work/vc-json-schema-test-suite/vc-json-schema-test-suite/tests/jsonschema.js:76:18)"
          }
        },
        {
          "type": "test",
          "title": "4.2 (Indeterminate) Validation MUST result in one of the following three possible outcomes: success, failure, or indeterminate.",
          "body": "async function() {\n          await generateTestResults(i.name, schemaVersionName, jsonSchemaType, this.test.title);\n          this.test.cell = {columnId: i.name, rowId: this.test.title};\n          const result = await checkTestResults(i.name, schemaVersionName, jsonSchemaType, this.test.title);\n          should.equal(result, TestResult.success);\n        }",
          "async": 0,
          "sync": true,
          "_timeout": 150000,
          "_slow": 75,
          "_retries": -1,
          "timedOut": false,
          "_currentRetry": 0,
          "pending": false,
          "file": "/home/runner/work/vc-json-schema-test-suite/vc-json-schema-test-suite/tests/jsonschema.js",
          "parent": "TOlw53wyLsYjBWtjvajUS",
          "ctx": null,
          "_testId": "urn:uuid:13450339-53b8-4beb-9025-f3dabb10770b",
          "_events": {},
          "_eventsCount": 1,
          "timer": {
            "_idleTimeout": -1,
            "_idlePrev": null,
            "_idleNext": null,
            "_idleStart": 4631,
            "_onTimeout": null,
            "_repeat": null,
            "_destroyed": true
          },
          "cell": {
            "columnId": "tbd",
            "rowId": "4.2 (Indeterminate) Validation MUST result in one of the following three possible outcomes: success, failure, or indeterminate."
          },
          "duration": 186,
          "state": "failed",
          "err": {
            "name": "AssertionError",
            "message": "expected 'error' to equal 'success'",
            "showDiff": true,
            "actual": "error",
            "expected": "success",
            "operator": "strictEqual",
            "stack": "AssertionError: expected 'error' to equal 'success'\n    at should.equal (node_modules/chai/lib/chai/interface/should.js:98:35)\n    at Context.<anonymous> (file:///home/runner/work/vc-json-schema-test-suite/vc-json-schema-test-suite/tests/jsonschema.js:83:18)"
          }
        }
      ],
      "root": false,
      "pending": false,
      "_retries": -1,
      "_beforeEach": [],
      "_beforeAll": [],
      "_afterEach": [],
      "_afterAll": [],
      "_timeout": 150000,
      "_slow": 75,
      "_bail": false,
      "_onlyTests": [],
      "_onlySuites": [],
      "delayed": false,
      "parent": "6geymWfX1fXfANkf6TpeQ",
      "file": "/home/runner/work/vc-json-schema-test-suite/vc-json-schema-test-suite/tests/jsonschema.js",
      "matrix": true,
      "report": true,
      "implemented": [
        "tbd"
      ],
      "rowLabel": "Test Name",
      "columnLabel": "Implementation",
      "_testId": "urn:uuid:ad56971b-ad81-4704-812a-de20ddbe7b75"
    },
    {
      "title": "JsonSchemaCredential – JSON Schema 2019-09",
      "ctx": null,
      "suites": [
        {
          "title": "tbd",
          "ctx": null,
          "suites": [],
          "tests": [
            {
              "type": "test",
              "title": "2.1 ID - The value MUST be a URL that identifies the schema associated with the verifiable credential.",
              "body": "async function() {\n          await generateTestResults(i.name, schemaVersionName, jsonSchemaType, this.test.title);\n          this.test.cell = {columnId: i.name, rowId: this.test.title};\n          const result = await checkTestResults(i.name, schemaVersionName, jsonSchemaType, this.test.title);\n          should.equal(result, TestResult.success);\n        }",
              "async": 0,
              "sync": true,
              "_timeout": 150000,
              "_slow": 75,
              "_retries": -1,
              "timedOut": false,
              "_currentRetry": 0,
              "pending": false,
              "file": "/home/runner/work/vc-json-schema-test-suite/vc-json-schema-test-suite/tests/jsonschemacredential.js",
              "parent": "kFtwGZVLYh344nl49Pb4j",
              "ctx": null,
              "_testId": "urn:uuid:04842c16-2ee6-4a3a-9daf-ebccaceb6039",
              "_events": {},
              "_eventsCount": 1,
              "timer": {
                "_idleTimeout": -1,
                "_idlePrev": null,
                "_idleNext": null,
                "_idleStart": 4819,
                "_onTimeout": null,
                "_repeat": null,
                "_destroyed": true
              },
              "cell": {
                "columnId": "tbd",
                "rowId": "2.1 ID - The value MUST be a URL that identifies the schema associated with the verifiable credential."
              },
              "duration": 222,
              "state": "failed",
              "err": {
                "name": "AssertionError",
                "message": "expected 'error' to equal 'success'",
                "showDiff": true,
                "actual": "error",
                "expected": "success",
                "operator": "strictEqual",
                "stack": "AssertionError: expected 'error' to equal 'success'\n    at should.equal (node_modules/chai/lib/chai/interface/should.js:98:35)\n    at Context.<anonymous> (file:///home/runner/work/vc-json-schema-test-suite/vc-json-schema-test-suite/tests/jsonschemacredential.js:31:18)"
              }
            },
            {
              "type": "test",
              "title": "2.1 The type property MUST be JsonSchemaCredential.",
              "body": "async function() {\n          await generateTestResults(i.name, schemaVersionName, jsonSchemaType, this.test.title);\n          this.test.cell = {columnId: i.name, rowId: this.test.title};\n          const result = await checkTestResults(i.name, schemaVersionName, jsonSchemaType, this.test.title);\n          should.equal(result, TestResult.success);\n        }",
              "async": 0,
              "sync": true,
              "_timeout": 150000,
              "_slow": 75,
              "_retries": -1,
              "timedOut": false,
              "_currentRetry": 0,
              "pending": false,
              "file": "/home/runner/work/vc-json-schema-test-suite/vc-json-schema-test-suite/tests/jsonschemacredential.js",
              "parent": "kFtwGZVLYh344nl49Pb4j",
              "ctx": null,
              "_testId": "urn:uuid:690bbdc6-d0c5-4709-a7f8-70c3c08852cc",
              "_events": {},
              "_eventsCount": 1,
              "timer": {
                "_idleTimeout": -1,
                "_idlePrev": null,
                "_idleNext": null,
                "_idleStart": 5042,
                "_onTimeout": null,
                "_repeat": null,
                "_destroyed": true
              },
              "cell": {
                "columnId": "tbd",
                "rowId": "2.1 The type property MUST be JsonSchemaCredential."
              },
              "duration": 222,
              "state": "failed",
              "err": {
                "name": "AssertionError",
                "message": "expected 'error' to equal 'success'",
                "showDiff": true,
                "actual": "error",
                "expected": "success",
                "operator": "strictEqual",
                "stack": "AssertionError: expected 'error' to equal 'success'\n    at should.equal (node_modules/chai/lib/chai/interface/should.js:98:35)\n    at Context.<anonymous> (file:///home/runner/work/vc-json-schema-test-suite/vc-json-schema-test-suite/tests/jsonschemacredential.js:38:18)"
              }
            },
            {
              "type": "test",
              "title": "2.2 The credentialSubject property MUST contain two properties: type - the value of which MUST be JsonSchema; jsonSchema - an object which contains a valid JSON Schema",
              "body": "async function() {\n          await generateTestResults(i.name, schemaVersionName, jsonSchemaType, this.test.title);\n          this.test.cell = {columnId: i.name, rowId: this.test.title};\n          const result = await checkTestResults(i.name, schemaVersionName, jsonSchemaType, this.test.title);\n          should.equal(result, TestResult.success);\n        }",
              "async": 0,
              "sync": true,
              "_timeout": 150000,
              "_slow": 75,
              "_retries": -1,
              "timedOut": false,
              "_currentRetry": 0,
              "pending": false,
              "file": "/home/runner/work/vc-json-schema-test-suite/vc-json-schema-test-suite/tests/jsonschemacredential.js",
              "parent": "kFtwGZVLYh344nl49Pb4j",
              "ctx": null,
              "_testId": "urn:uuid:f4d6e36c-6707-49ae-8ba7-ade1fb9c61d9",
              "_events": {},
              "_eventsCount": 1,
              "timer": {
                "_idleTimeout": -1,
                "_idlePrev": null,
                "_idleNext": null,
                "_idleStart": 5264,
                "_onTimeout": null,
                "_repeat": null,
                "_destroyed": true
              },
              "cell": {
                "columnId": "tbd",
                "rowId": "2.2 The credentialSubject property MUST contain two properties: type - the value of which MUST be JsonSchema; jsonSchema - an object which contains a valid JSON Schema"
              },
              "duration": 292,
              "state": "failed",
              "err": {
                "name": "AssertionError",
                "message": "expected 'error' to equal 'success'",
                "showDiff": true,
                "actual": "error",
                "expected": "success",
                "operator": "strictEqual",
                "stack": "AssertionError: expected 'error' to equal 'success'\n    at should.equal (node_modules/chai/lib/chai/interface/should.js:98:35)\n    at Context.<anonymous> (file:///home/runner/work/vc-json-schema-test-suite/vc-json-schema-test-suite/tests/jsonschemacredential.js:45:18)"
              }
            },
            {
              "type": "test",
              "title": "2.2 The value of the credentialSchema property MUST always be set to [known json schema]",
              "body": "async function() {\n          await generateTestResults(i.name, schemaVersionName, jsonSchemaType, this.test.title);\n          this.test.cell = {columnId: i.name, rowId: this.test.title};\n          const result = await checkTestResults(i.name, schemaVersionName, jsonSchemaType, this.test.title);\n          should.equal(result, TestResult.success);\n        }",
              "async": 0,
              "sync": true,
              "_timeout": 150000,
              "_slow": 75,
              "_retries": -1,
              "timedOut": false,
              "_currentRetry": 0,
              "pending": false,
              "file": "/home/runner/work/vc-json-schema-test-suite/vc-json-schema-test-suite/tests/jsonschemacredential.js",
              "parent": "kFtwGZVLYh344nl49Pb4j",
              "ctx": null,
              "_testId": "urn:uuid:c636ea16-6db4-4af5-906e-f2836bf1882f",
              "_events": {},
              "_eventsCount": 1,
              "timer": {
                "_idleTimeout": -1,
                "_idlePrev": null,
                "_idleNext": null,
                "_idleStart": 5556,
                "_onTimeout": null,
                "_repeat": null,
                "_destroyed": true
              },
              "cell": {
                "columnId": "tbd",
                "rowId": "2.2 The value of the credentialSchema property MUST always be set to [known json schema]"
              },
              "duration": 222,
              "state": "failed",
              "err": {
                "name": "AssertionError",
                "message": "expected 'error' to equal 'success'",
                "showDiff": true,
                "actual": "error",
                "expected": "success",
                "operator": "strictEqual",
                "stack": "AssertionError: expected 'error' to equal 'success'\n    at should.equal (node_modules/chai/lib/chai/interface/should.js:98:35)\n    at Context.<anonymous> (file:///home/runner/work/vc-json-schema-test-suite/vc-json-schema-test-suite/tests/jsonschemacredential.js:52:18)"
              }
            },
            {
              "type": "test",
              "title": "3 Implementers MUST provide support for JSON Schema specifications where, in the following table, the required column's value is yes",
              "body": "async function() {\n          this.test.cell = {columnId: i.name, rowId: this.test.title};\n          if (schemaVersionName === JsonSchemaVersions['202012']) {\n            should.equal(true, true);\n          } else {\n            this.skip();\n          }\n        }",
              "async": 0,
              "sync": true,
              "_timeout": 150000,
              "_slow": 75,
              "_retries": -1,
              "timedOut": false,
              "_currentRetry": 0,
              "pending": true,
              "file": "/home/runner/work/vc-json-schema-test-suite/vc-json-schema-test-suite/tests/jsonschemacredential.js",
              "parent": "kFtwGZVLYh344nl49Pb4j",
              "ctx": null,
              "_testId": "urn:uuid:f7b926cc-5245-4065-9fcc-7015d3f25d3c",
              "_events": {},
              "_eventsCount": 1,
              "cell": {
                "columnId": "tbd",
                "rowId": "3 Implementers MUST provide support for JSON Schema specifications where, in the following table, the required column's value is yes"
              },
              "timer": {
                "_idleTimeout": -1,
                "_idlePrev": null,
                "_idleNext": null,
                "_idleStart": 5743,
                "_onTimeout": null,
                "_repeat": null,
                "_destroyed": true
              },
              "duration": 0,
              "state": "pending"
            },
            {
              "type": "test",
              "title": "3.1.1 The $id MUST be present and its value MUST represent a valid URI-reference",
              "body": "async function() {\n          await generateTestResults(i.name, schemaVersionName, jsonSchemaType, this.test.title);\n          this.test.cell = {columnId: i.name, rowId: this.test.title};\n          const result = await checkTestResults(i.name, schemaVersionName, jsonSchemaType, this.test.title);\n          should.equal(result, TestResult.success);\n        }",
              "async": 0,
              "sync": true,
              "_timeout": 150000,
              "_slow": 75,
              "_retries": -1,
              "timedOut": false,
              "_currentRetry": 0,
              "pending": false,
              "file": "/home/runner/work/vc-json-schema-test-suite/vc-json-schema-test-suite/tests/jsonschemacredential.js",
              "parent": "kFtwGZVLYh344nl49Pb4j",
              "ctx": null,
              "_testId": "urn:uuid:91b89c0e-7931-40e6-b841-0c2ea5f82835",
              "_events": {},
              "_eventsCount": 1,
              "timer": {
                "_idleTimeout": -1,
                "_idlePrev": null,
                "_idleNext": null,
                "_idleStart": 5778,
                "_onTimeout": null,
                "_repeat": null,
                "_destroyed": true
              },
              "cell": {
                "columnId": "tbd",
                "rowId": "3.1.1 The $id MUST be present and its value MUST represent a valid URI-reference"
              },
              "duration": 257,
              "state": "failed",
              "err": {
                "name": "AssertionError",
                "message": "expected 'error' to equal 'success'",
                "showDiff": true,
                "actual": "error",
                "expected": "success",
                "operator": "strictEqual",
                "stack": "AssertionError: expected 'error' to equal 'success'\n    at should.equal (node_modules/chai/lib/chai/interface/should.js:98:35)\n    at Context.<anonymous> (file:///home/runner/work/vc-json-schema-test-suite/vc-json-schema-test-suite/tests/jsonschemacredential.js:68:18)"
              }
            },
            {
              "type": "test",
              "title": "3.1.2, 4 The $schema property MUST be present in each schema",
              "body": "async function() {\n          await generateTestResults(i.name, schemaVersionName, jsonSchemaType, this.test.title);\n          this.test.cell = {columnId: i.name, rowId: this.test.title};\n          const result = await checkTestResults(i.name, schemaVersionName, jsonSchemaType, this.test.title);\n          should.equal(result, TestResult.success);\n        }",
              "async": 0,
              "sync": true,
              "_timeout": 150000,
              "_slow": 75,
              "_retries": -1,
              "timedOut": false,
              "_currentRetry": 0,
              "pending": false,
              "file": "/home/runner/work/vc-json-schema-test-suite/vc-json-schema-test-suite/tests/jsonschemacredential.js",
              "parent": "kFtwGZVLYh344nl49Pb4j",
              "ctx": null,
              "_testId": "urn:uuid:a1b2efa3-a170-46cd-9f2e-c55aad3846e9",
              "_events": {},
              "_eventsCount": 1,
              "timer": {
                "_idleTimeout": -1,
                "_idlePrev": null,
                "_idleNext": null,
                "_idleStart": 6037,
                "_onTimeout": null,
                "_repeat": null,
                "_destroyed": true
              },
              "cell": {
                "columnId": "tbd",
                "rowId": "3.1.2, 4 The $schema property MUST be present in each schema"
              },
              "duration": 224,
              "state": "failed",
              "err": {
                "name": "AssertionError",
                "message": "expected 'error' to equal 'success'",
                "showDiff": true,
                "actual": "error",
                "expected": "success",
                "operator": "strictEqual",
                "stack": "AssertionError: expected 'error' to equal 'success'\n    at should.equal (node_modules/chai/lib/chai/interface/should.js:98:35)\n    at Context.<anonymous> (file:///home/runner/work/vc-json-schema-test-suite/vc-json-schema-test-suite/tests/jsonschemacredential.js:76:18)"
              }
            },
            {
              "type": "test",
              "title": "4.2 (Success) Validation MUST result in one of the following three possible outcomes: success, failure, or indeterminate.",
              "body": "async function() {\n          await generateTestResults(i.name, schemaVersionName, jsonSchemaType, this.test.title);\n          this.test.cell = {columnId: i.name, rowId: this.test.title};\n          const result = await checkTestResults(i.name, schemaVersionName, jsonSchemaType, this.test.title);\n          should.equal(result, TestResult.success);\n        }",
              "async": 0,
              "sync": true,
              "_timeout": 150000,
              "_slow": 75,
              "_retries": -1,
              "timedOut": false,
              "_currentRetry": 0,
              "pending": false,
              "file": "/home/runner/work/vc-json-schema-test-suite/vc-json-schema-test-suite/tests/jsonschemacredential.js",
              "parent": "kFtwGZVLYh344nl49Pb4j",
              "ctx": null,
              "_testId": "urn:uuid:5d59558f-df69-4e7d-8d5c-094eddf8306c",
              "_events": {},
              "_eventsCount": 1,
              "timer": {
                "_idleTimeout": -1,
                "_idlePrev": null,
                "_idleNext": null,
                "_idleStart": 6261,
                "_onTimeout": null,
                "_repeat": null,
                "_destroyed": true
              },
              "cell": {
                "columnId": "tbd",
                "rowId": "4.2 (Success) Validation MUST result in one of the following three possible outcomes: success, failure, or indeterminate."
              },
              "duration": 187,
              "state": "failed",
              "err": {
                "name": "AssertionError",
                "message": "expected 'error' to equal 'success'",
                "showDiff": true,
                "actual": "error",
                "expected": "success",
                "operator": "strictEqual",
                "stack": "AssertionError: expected 'error' to equal 'success'\n    at should.equal (node_modules/chai/lib/chai/interface/should.js:98:35)\n    at Context.<anonymous> (file:///home/runner/work/vc-json-schema-test-suite/vc-json-schema-test-suite/tests/jsonschemacredential.js:83:18)"
              }
            },
            {
              "type": "test",
              "title": "4.2 (Failure) Validation MUST result in one of the following three possible outcomes: success, failure, or indeterminate.",
              "body": "async function() {\n          await generateTestResults(i.name, schemaVersionName, jsonSchemaType, this.test.title);\n          this.test.cell = {columnId: i.name, rowId: this.test.title};\n          const result = await checkTestResults(i.name, schemaVersionName, jsonSchemaType, this.test.title);\n          should.equal(result, TestResult.success);\n        }",
              "async": 0,
              "sync": true,
              "_timeout": 150000,
              "_slow": 75,
              "_retries": -1,
              "timedOut": false,
              "_currentRetry": 0,
              "pending": false,
              "file": "/home/runner/work/vc-json-schema-test-suite/vc-json-schema-test-suite/tests/jsonschemacredential.js",
              "parent": "kFtwGZVLYh344nl49Pb4j",
              "ctx": null,
              "_testId": "urn:uuid:a0b7ef4b-7f5b-4258-bc70-d42b636bf5cb",
              "_events": {},
              "_eventsCount": 1,
              "timer": {
                "_idleTimeout": -1,
                "_idlePrev": null,
                "_idleNext": null,
                "_idleStart": 6448,
                "_onTimeout": null,
                "_repeat": null,
                "_destroyed": true
              },
              "cell": {
                "columnId": "tbd",
                "rowId": "4.2 (Failure) Validation MUST result in one of the following three possible outcomes: success, failure, or indeterminate."
              },
              "duration": 186,
              "state": "failed",
              "err": {
                "name": "AssertionError",
                "message": "expected 'error' to equal 'success'",
                "showDiff": true,
                "actual": "error",
                "expected": "success",
                "operator": "strictEqual",
                "stack": "AssertionError: expected 'error' to equal 'success'\n    at should.equal (node_modules/chai/lib/chai/interface/should.js:98:35)\n    at Context.<anonymous> (file:///home/runner/work/vc-json-schema-test-suite/vc-json-schema-test-suite/tests/jsonschemacredential.js:90:18)"
              }
            },
            {
              "type": "test",
              "title": "4.2 (Indeterminate) Validation MUST result in one of the following three possible outcomes: success, failure, or indeterminate.",
              "body": "async function() {\n          await generateTestResults(i.name, schemaVersionName, jsonSchemaType, this.test.title);\n          this.test.cell = {columnId: i.name, rowId: this.test.title};\n          const result = await checkTestResults(i.name, schemaVersionName, jsonSchemaType, this.test.title);\n          should.equal(result, TestResult.success);\n        }",
              "async": 0,
              "sync": true,
              "_timeout": 150000,
              "_slow": 75,
              "_retries": -1,
              "timedOut": false,
              "_currentRetry": 0,
              "pending": false,
              "file": "/home/runner/work/vc-json-schema-test-suite/vc-json-schema-test-suite/tests/jsonschemacredential.js",
              "parent": "kFtwGZVLYh344nl49Pb4j",
              "ctx": null,
              "_testId": "urn:uuid:2c521f82-f621-4afa-9910-f1cefd62c387",
              "_events": {},
              "_eventsCount": 1,
              "timer": {
                "_idleTimeout": -1,
                "_idlePrev": null,
                "_idleNext": null,
                "_idleStart": 6634,
                "_onTimeout": null,
                "_repeat": null,
                "_destroyed": true
              },
              "cell": {
                "columnId": "tbd",
                "rowId": "4.2 (Indeterminate) Validation MUST result in one of the following three possible outcomes: success, failure, or indeterminate."
              },
              "duration": 186,
              "state": "failed",
              "err": {
                "name": "AssertionError",
                "message": "expected 'error' to equal 'success'",
                "showDiff": true,
                "actual": "error",
                "expected": "success",
                "operator": "strictEqual",
                "stack": "AssertionError: expected 'error' to equal 'success'\n    at should.equal (node_modules/chai/lib/chai/interface/should.js:98:35)\n    at Context.<anonymous> (file:///home/runner/work/vc-json-schema-test-suite/vc-json-schema-test-suite/tests/jsonschemacredential.js:97:18)"
              }
            }
          ],
          "root": false,
          "pending": false,
          "_retries": -1,
          "_beforeEach": [],
          "_beforeAll": [],
          "_afterEach": [],
          "_afterAll": [],
          "_timeout": 150000,
          "_slow": 75,
          "_bail": false,
          "_onlyTests": [],
          "_onlySuites": [],
          "delayed": false,
          "parent": "SQqgZLqFwrIk7jsVJzmP1",
          "file": "/home/runner/work/vc-json-schema-test-suite/vc-json-schema-test-suite/tests/jsonschemacredential.js",
          "_testId": "urn:uuid:86f05ffc-72a1-4564-90b6-2dfa2c66ca98"
        }
      ],
      "tests": [
        {
          "type": "test",
          "title": "2.1 ID - The value MUST be a URL that identifies the schema associated with the verifiable credential.",
          "body": "async function() {\n          await generateTestResults(i.name, schemaVersionName, jsonSchemaType, this.test.title);\n          this.test.cell = {columnId: i.name, rowId: this.test.title};\n          const result = await checkTestResults(i.name, schemaVersionName, jsonSchemaType, this.test.title);\n          should.equal(result, TestResult.success);\n        }",
          "async": 0,
          "sync": true,
          "_timeout": 150000,
          "_slow": 75,
          "_retries": -1,
          "timedOut": false,
          "_currentRetry": 0,
          "pending": false,
          "file": "/home/runner/work/vc-json-schema-test-suite/vc-json-schema-test-suite/tests/jsonschemacredential.js",
          "parent": "kFtwGZVLYh344nl49Pb4j",
          "ctx": null,
          "_testId": "urn:uuid:04842c16-2ee6-4a3a-9daf-ebccaceb6039",
          "_events": {},
          "_eventsCount": 1,
          "timer": {
            "_idleTimeout": -1,
            "_idlePrev": null,
            "_idleNext": null,
            "_idleStart": 4819,
            "_onTimeout": null,
            "_repeat": null,
            "_destroyed": true
          },
          "cell": {
            "columnId": "tbd",
            "rowId": "2.1 ID - The value MUST be a URL that identifies the schema associated with the verifiable credential."
          },
          "duration": 222,
          "state": "failed",
          "err": {
            "name": "AssertionError",
            "message": "expected 'error' to equal 'success'",
            "showDiff": true,
            "actual": "error",
            "expected": "success",
            "operator": "strictEqual",
            "stack": "AssertionError: expected 'error' to equal 'success'\n    at should.equal (node_modules/chai/lib/chai/interface/should.js:98:35)\n    at Context.<anonymous> (file:///home/runner/work/vc-json-schema-test-suite/vc-json-schema-test-suite/tests/jsonschemacredential.js:31:18)"
          }
        },
        {
          "type": "test",
          "title": "2.1 The type property MUST be JsonSchemaCredential.",
          "body": "async function() {\n          await generateTestResults(i.name, schemaVersionName, jsonSchemaType, this.test.title);\n          this.test.cell = {columnId: i.name, rowId: this.test.title};\n          const result = await checkTestResults(i.name, schemaVersionName, jsonSchemaType, this.test.title);\n          should.equal(result, TestResult.success);\n        }",
          "async": 0,
          "sync": true,
          "_timeout": 150000,
          "_slow": 75,
          "_retries": -1,
          "timedOut": false,
          "_currentRetry": 0,
          "pending": false,
          "file": "/home/runner/work/vc-json-schema-test-suite/vc-json-schema-test-suite/tests/jsonschemacredential.js",
          "parent": "kFtwGZVLYh344nl49Pb4j",
          "ctx": null,
          "_testId": "urn:uuid:690bbdc6-d0c5-4709-a7f8-70c3c08852cc",
          "_events": {},
          "_eventsCount": 1,
          "timer": {
            "_idleTimeout": -1,
            "_idlePrev": null,
            "_idleNext": null,
            "_idleStart": 5042,
            "_onTimeout": null,
            "_repeat": null,
            "_destroyed": true
          },
          "cell": {
            "columnId": "tbd",
            "rowId": "2.1 The type property MUST be JsonSchemaCredential."
          },
          "duration": 222,
          "state": "failed",
          "err": {
            "name": "AssertionError",
            "message": "expected 'error' to equal 'success'",
            "showDiff": true,
            "actual": "error",
            "expected": "success",
            "operator": "strictEqual",
            "stack": "AssertionError: expected 'error' to equal 'success'\n    at should.equal (node_modules/chai/lib/chai/interface/should.js:98:35)\n    at Context.<anonymous> (file:///home/runner/work/vc-json-schema-test-suite/vc-json-schema-test-suite/tests/jsonschemacredential.js:38:18)"
          }
        },
        {
          "type": "test",
          "title": "2.2 The credentialSubject property MUST contain two properties: type - the value of which MUST be JsonSchema; jsonSchema - an object which contains a valid JSON Schema",
          "body": "async function() {\n          await generateTestResults(i.name, schemaVersionName, jsonSchemaType, this.test.title);\n          this.test.cell = {columnId: i.name, rowId: this.test.title};\n          const result = await checkTestResults(i.name, schemaVersionName, jsonSchemaType, this.test.title);\n          should.equal(result, TestResult.success);\n        }",
          "async": 0,
          "sync": true,
          "_timeout": 150000,
          "_slow": 75,
          "_retries": -1,
          "timedOut": false,
          "_currentRetry": 0,
          "pending": false,
          "file": "/home/runner/work/vc-json-schema-test-suite/vc-json-schema-test-suite/tests/jsonschemacredential.js",
          "parent": "kFtwGZVLYh344nl49Pb4j",
          "ctx": null,
          "_testId": "urn:uuid:f4d6e36c-6707-49ae-8ba7-ade1fb9c61d9",
          "_events": {},
          "_eventsCount": 1,
          "timer": {
            "_idleTimeout": -1,
            "_idlePrev": null,
            "_idleNext": null,
            "_idleStart": 5264,
            "_onTimeout": null,
            "_repeat": null,
            "_destroyed": true
          },
          "cell": {
            "columnId": "tbd",
            "rowId": "2.2 The credentialSubject property MUST contain two properties: type - the value of which MUST be JsonSchema; jsonSchema - an object which contains a valid JSON Schema"
          },
          "duration": 292,
          "state": "failed",
          "err": {
            "name": "AssertionError",
            "message": "expected 'error' to equal 'success'",
            "showDiff": true,
            "actual": "error",
            "expected": "success",
            "operator": "strictEqual",
            "stack": "AssertionError: expected 'error' to equal 'success'\n    at should.equal (node_modules/chai/lib/chai/interface/should.js:98:35)\n    at Context.<anonymous> (file:///home/runner/work/vc-json-schema-test-suite/vc-json-schema-test-suite/tests/jsonschemacredential.js:45:18)"
          }
        },
        {
          "type": "test",
          "title": "2.2 The value of the credentialSchema property MUST always be set to [known json schema]",
          "body": "async function() {\n          await generateTestResults(i.name, schemaVersionName, jsonSchemaType, this.test.title);\n          this.test.cell = {columnId: i.name, rowId: this.test.title};\n          const result = await checkTestResults(i.name, schemaVersionName, jsonSchemaType, this.test.title);\n          should.equal(result, TestResult.success);\n        }",
          "async": 0,
          "sync": true,
          "_timeout": 150000,
          "_slow": 75,
          "_retries": -1,
          "timedOut": false,
          "_currentRetry": 0,
          "pending": false,
          "file": "/home/runner/work/vc-json-schema-test-suite/vc-json-schema-test-suite/tests/jsonschemacredential.js",
          "parent": "kFtwGZVLYh344nl49Pb4j",
          "ctx": null,
          "_testId": "urn:uuid:c636ea16-6db4-4af5-906e-f2836bf1882f",
          "_events": {},
          "_eventsCount": 1,
          "timer": {
            "_idleTimeout": -1,
            "_idlePrev": null,
            "_idleNext": null,
            "_idleStart": 5556,
            "_onTimeout": null,
            "_repeat": null,
            "_destroyed": true
          },
          "cell": {
            "columnId": "tbd",
            "rowId": "2.2 The value of the credentialSchema property MUST always be set to [known json schema]"
          },
          "duration": 222,
          "state": "failed",
          "err": {
            "name": "AssertionError",
            "message": "expected 'error' to equal 'success'",
            "showDiff": true,
            "actual": "error",
            "expected": "success",
            "operator": "strictEqual",
            "stack": "AssertionError: expected 'error' to equal 'success'\n    at should.equal (node_modules/chai/lib/chai/interface/should.js:98:35)\n    at Context.<anonymous> (file:///home/runner/work/vc-json-schema-test-suite/vc-json-schema-test-suite/tests/jsonschemacredential.js:52:18)"
          }
        },
        {
          "type": "test",
          "title": "3 Implementers MUST provide support for JSON Schema specifications where, in the following table, the required column's value is yes",
          "body": "async function() {\n          this.test.cell = {columnId: i.name, rowId: this.test.title};\n          if (schemaVersionName === JsonSchemaVersions['202012']) {\n            should.equal(true, true);\n          } else {\n            this.skip();\n          }\n        }",
          "async": 0,
          "sync": true,
          "_timeout": 150000,
          "_slow": 75,
          "_retries": -1,
          "timedOut": false,
          "_currentRetry": 0,
          "pending": true,
          "file": "/home/runner/work/vc-json-schema-test-suite/vc-json-schema-test-suite/tests/jsonschemacredential.js",
          "parent": "kFtwGZVLYh344nl49Pb4j",
          "ctx": null,
          "_testId": "urn:uuid:f7b926cc-5245-4065-9fcc-7015d3f25d3c",
          "_events": {},
          "_eventsCount": 1,
          "cell": {
            "columnId": "tbd",
            "rowId": "3 Implementers MUST provide support for JSON Schema specifications where, in the following table, the required column's value is yes"
          },
          "timer": {
            "_idleTimeout": -1,
            "_idlePrev": null,
            "_idleNext": null,
            "_idleStart": 5743,
            "_onTimeout": null,
            "_repeat": null,
            "_destroyed": true
          },
          "duration": 0,
          "state": "pending"
        },
        {
          "type": "test",
          "title": "3.1.1 The $id MUST be present and its value MUST represent a valid URI-reference",
          "body": "async function() {\n          await generateTestResults(i.name, schemaVersionName, jsonSchemaType, this.test.title);\n          this.test.cell = {columnId: i.name, rowId: this.test.title};\n          const result = await checkTestResults(i.name, schemaVersionName, jsonSchemaType, this.test.title);\n          should.equal(result, TestResult.success);\n        }",
          "async": 0,
          "sync": true,
          "_timeout": 150000,
          "_slow": 75,
          "_retries": -1,
          "timedOut": false,
          "_currentRetry": 0,
          "pending": false,
          "file": "/home/runner/work/vc-json-schema-test-suite/vc-json-schema-test-suite/tests/jsonschemacredential.js",
          "parent": "kFtwGZVLYh344nl49Pb4j",
          "ctx": null,
          "_testId": "urn:uuid:91b89c0e-7931-40e6-b841-0c2ea5f82835",
          "_events": {},
          "_eventsCount": 1,
          "timer": {
            "_idleTimeout": -1,
            "_idlePrev": null,
            "_idleNext": null,
            "_idleStart": 5778,
            "_onTimeout": null,
            "_repeat": null,
            "_destroyed": true
          },
          "cell": {
            "columnId": "tbd",
            "rowId": "3.1.1 The $id MUST be present and its value MUST represent a valid URI-reference"
          },
          "duration": 257,
          "state": "failed",
          "err": {
            "name": "AssertionError",
            "message": "expected 'error' to equal 'success'",
            "showDiff": true,
            "actual": "error",
            "expected": "success",
            "operator": "strictEqual",
            "stack": "AssertionError: expected 'error' to equal 'success'\n    at should.equal (node_modules/chai/lib/chai/interface/should.js:98:35)\n    at Context.<anonymous> (file:///home/runner/work/vc-json-schema-test-suite/vc-json-schema-test-suite/tests/jsonschemacredential.js:68:18)"
          }
        },
        {
          "type": "test",
          "title": "3.1.2, 4 The $schema property MUST be present in each schema",
          "body": "async function() {\n          await generateTestResults(i.name, schemaVersionName, jsonSchemaType, this.test.title);\n          this.test.cell = {columnId: i.name, rowId: this.test.title};\n          const result = await checkTestResults(i.name, schemaVersionName, jsonSchemaType, this.test.title);\n          should.equal(result, TestResult.success);\n        }",
          "async": 0,
          "sync": true,
          "_timeout": 150000,
          "_slow": 75,
          "_retries": -1,
          "timedOut": false,
          "_currentRetry": 0,
          "pending": false,
          "file": "/home/runner/work/vc-json-schema-test-suite/vc-json-schema-test-suite/tests/jsonschemacredential.js",
          "parent": "kFtwGZVLYh344nl49Pb4j",
          "ctx": null,
          "_testId": "urn:uuid:a1b2efa3-a170-46cd-9f2e-c55aad3846e9",
          "_events": {},
          "_eventsCount": 1,
          "timer": {
            "_idleTimeout": -1,
            "_idlePrev": null,
            "_idleNext": null,
            "_idleStart": 6037,
            "_onTimeout": null,
            "_repeat": null,
            "_destroyed": true
          },
          "cell": {
            "columnId": "tbd",
            "rowId": "3.1.2, 4 The $schema property MUST be present in each schema"
          },
          "duration": 224,
          "state": "failed",
          "err": {
            "name": "AssertionError",
            "message": "expected 'error' to equal 'success'",
            "showDiff": true,
            "actual": "error",
            "expected": "success",
            "operator": "strictEqual",
            "stack": "AssertionError: expected 'error' to equal 'success'\n    at should.equal (node_modules/chai/lib/chai/interface/should.js:98:35)\n    at Context.<anonymous> (file:///home/runner/work/vc-json-schema-test-suite/vc-json-schema-test-suite/tests/jsonschemacredential.js:76:18)"
          }
        },
        {
          "type": "test",
          "title": "4.2 (Success) Validation MUST result in one of the following three possible outcomes: success, failure, or indeterminate.",
          "body": "async function() {\n          await generateTestResults(i.name, schemaVersionName, jsonSchemaType, this.test.title);\n          this.test.cell = {columnId: i.name, rowId: this.test.title};\n          const result = await checkTestResults(i.name, schemaVersionName, jsonSchemaType, this.test.title);\n          should.equal(result, TestResult.success);\n        }",
          "async": 0,
          "sync": true,
          "_timeout": 150000,
          "_slow": 75,
          "_retries": -1,
          "timedOut": false,
          "_currentRetry": 0,
          "pending": false,
          "file": "/home/runner/work/vc-json-schema-test-suite/vc-json-schema-test-suite/tests/jsonschemacredential.js",
          "parent": "kFtwGZVLYh344nl49Pb4j",
          "ctx": null,
          "_testId": "urn:uuid:5d59558f-df69-4e7d-8d5c-094eddf8306c",
          "_events": {},
          "_eventsCount": 1,
          "timer": {
            "_idleTimeout": -1,
            "_idlePrev": null,
            "_idleNext": null,
            "_idleStart": 6261,
            "_onTimeout": null,
            "_repeat": null,
            "_destroyed": true
          },
          "cell": {
            "columnId": "tbd",
            "rowId": "4.2 (Success) Validation MUST result in one of the following three possible outcomes: success, failure, or indeterminate."
          },
          "duration": 187,
          "state": "failed",
          "err": {
            "name": "AssertionError",
            "message": "expected 'error' to equal 'success'",
            "showDiff": true,
            "actual": "error",
            "expected": "success",
            "operator": "strictEqual",
            "stack": "AssertionError: expected 'error' to equal 'success'\n    at should.equal (node_modules/chai/lib/chai/interface/should.js:98:35)\n    at Context.<anonymous> (file:///home/runner/work/vc-json-schema-test-suite/vc-json-schema-test-suite/tests/jsonschemacredential.js:83:18)"
          }
        },
        {
          "type": "test",
          "title": "4.2 (Failure) Validation MUST result in one of the following three possible outcomes: success, failure, or indeterminate.",
          "body": "async function() {\n          await generateTestResults(i.name, schemaVersionName, jsonSchemaType, this.test.title);\n          this.test.cell = {columnId: i.name, rowId: this.test.title};\n          const result = await checkTestResults(i.name, schemaVersionName, jsonSchemaType, this.test.title);\n          should.equal(result, TestResult.success);\n        }",
          "async": 0,
          "sync": true,
          "_timeout": 150000,
          "_slow": 75,
          "_retries": -1,
          "timedOut": false,
          "_currentRetry": 0,
          "pending": false,
          "file": "/home/runner/work/vc-json-schema-test-suite/vc-json-schema-test-suite/tests/jsonschemacredential.js",
          "parent": "kFtwGZVLYh344nl49Pb4j",
          "ctx": null,
          "_testId": "urn:uuid:a0b7ef4b-7f5b-4258-bc70-d42b636bf5cb",
          "_events": {},
          "_eventsCount": 1,
          "timer": {
            "_idleTimeout": -1,
            "_idlePrev": null,
            "_idleNext": null,
            "_idleStart": 6448,
            "_onTimeout": null,
            "_repeat": null,
            "_destroyed": true
          },
          "cell": {
            "columnId": "tbd",
            "rowId": "4.2 (Failure) Validation MUST result in one of the following three possible outcomes: success, failure, or indeterminate."
          },
          "duration": 186,
          "state": "failed",
          "err": {
            "name": "AssertionError",
            "message": "expected 'error' to equal 'success'",
            "showDiff": true,
            "actual": "error",
            "expected": "success",
            "operator": "strictEqual",
            "stack": "AssertionError: expected 'error' to equal 'success'\n    at should.equal (node_modules/chai/lib/chai/interface/should.js:98:35)\n    at Context.<anonymous> (file:///home/runner/work/vc-json-schema-test-suite/vc-json-schema-test-suite/tests/jsonschemacredential.js:90:18)"
          }
        },
        {
          "type": "test",
          "title": "4.2 (Indeterminate) Validation MUST result in one of the following three possible outcomes: success, failure, or indeterminate.",
          "body": "async function() {\n          await generateTestResults(i.name, schemaVersionName, jsonSchemaType, this.test.title);\n          this.test.cell = {columnId: i.name, rowId: this.test.title};\n          const result = await checkTestResults(i.name, schemaVersionName, jsonSchemaType, this.test.title);\n          should.equal(result, TestResult.success);\n        }",
          "async": 0,
          "sync": true,
          "_timeout": 150000,
          "_slow": 75,
          "_retries": -1,
          "timedOut": false,
          "_currentRetry": 0,
          "pending": false,
          "file": "/home/runner/work/vc-json-schema-test-suite/vc-json-schema-test-suite/tests/jsonschemacredential.js",
          "parent": "kFtwGZVLYh344nl49Pb4j",
          "ctx": null,
          "_testId": "urn:uuid:2c521f82-f621-4afa-9910-f1cefd62c387",
          "_events": {},
          "_eventsCount": 1,
          "timer": {
            "_idleTimeout": -1,
            "_idlePrev": null,
            "_idleNext": null,
            "_idleStart": 6634,
            "_onTimeout": null,
            "_repeat": null,
            "_destroyed": true
          },
          "cell": {
            "columnId": "tbd",
            "rowId": "4.2 (Indeterminate) Validation MUST result in one of the following three possible outcomes: success, failure, or indeterminate."
          },
          "duration": 186,
          "state": "failed",
          "err": {
            "name": "AssertionError",
            "message": "expected 'error' to equal 'success'",
            "showDiff": true,
            "actual": "error",
            "expected": "success",
            "operator": "strictEqual",
            "stack": "AssertionError: expected 'error' to equal 'success'\n    at should.equal (node_modules/chai/lib/chai/interface/should.js:98:35)\n    at Context.<anonymous> (file:///home/runner/work/vc-json-schema-test-suite/vc-json-schema-test-suite/tests/jsonschemacredential.js:97:18)"
          }
        }
      ],
      "root": false,
      "pending": false,
      "_retries": -1,
      "_beforeEach": [],
      "_beforeAll": [],
      "_afterEach": [],
      "_afterAll": [],
      "_timeout": 150000,
      "_slow": 75,
      "_bail": false,
      "_onlyTests": [],
      "_onlySuites": [],
      "delayed": false,
      "parent": "6geymWfX1fXfANkf6TpeQ",
      "file": "/home/runner/work/vc-json-schema-test-suite/vc-json-schema-test-suite/tests/jsonschemacredential.js",
      "matrix": true,
      "report": true,
      "implemented": [
        "tbd"
      ],
      "rowLabel": "Test Name",
      "columnLabel": "Implementation",
      "_testId": "urn:uuid:0c473d16-2159-4abd-ade4-c5ef7a621a0e"
    },
    {
      "title": "JsonSchemaCredential – JSON Schema 2020-12",
      "ctx": null,
      "suites": [
        {
          "title": "tbd",
          "ctx": null,
          "suites": [],
          "tests": [
            {
              "type": "test",
              "title": "2.1 ID - The value MUST be a URL that identifies the schema associated with the verifiable credential.",
              "body": "async function() {\n          await generateTestResults(i.name, schemaVersionName, jsonSchemaType, this.test.title);\n          this.test.cell = {columnId: i.name, rowId: this.test.title};\n          const result = await checkTestResults(i.name, schemaVersionName, jsonSchemaType, this.test.title);\n          should.equal(result, TestResult.success);\n        }",
              "async": 0,
              "sync": true,
              "_timeout": 150000,
              "_slow": 75,
              "_retries": -1,
              "timedOut": false,
              "_currentRetry": 0,
              "pending": false,
              "file": "/home/runner/work/vc-json-schema-test-suite/vc-json-schema-test-suite/tests/jsonschemacredential.js",
              "parent": "Qn9pqt_mjat1cHq1VYLnw",
              "ctx": null,
              "_testId": "urn:uuid:5de8827b-e378-4fd7-8487-18a89d3e088b",
              "_events": {},
              "_eventsCount": 1,
              "timer": {
                "_idleTimeout": -1,
                "_idlePrev": null,
                "_idleNext": null,
                "_idleStart": 6821,
                "_onTimeout": null,
                "_repeat": null,
                "_destroyed": true
              },
              "cell": {
                "columnId": "tbd",
                "rowId": "2.1 ID - The value MUST be a URL that identifies the schema associated with the verifiable credential."
              },
              "duration": 221,
              "state": "failed",
              "err": {
                "name": "AssertionError",
                "message": "expected 'error' to equal 'success'",
                "showDiff": true,
                "actual": "error",
                "expected": "success",
                "operator": "strictEqual",
                "stack": "AssertionError: expected 'error' to equal 'success'\n    at should.equal (node_modules/chai/lib/chai/interface/should.js:98:35)\n    at Context.<anonymous> (file:///home/runner/work/vc-json-schema-test-suite/vc-json-schema-test-suite/tests/jsonschemacredential.js:31:18)"
              }
            },
            {
              "type": "test",
              "title": "2.1 The type property MUST be JsonSchemaCredential.",
              "body": "async function() {\n          await generateTestResults(i.name, schemaVersionName, jsonSchemaType, this.test.title);\n          this.test.cell = {columnId: i.name, rowId: this.test.title};\n          const result = await checkTestResults(i.name, schemaVersionName, jsonSchemaType, this.test.title);\n          should.equal(result, TestResult.success);\n        }",
              "async": 0,
              "sync": true,
              "_timeout": 150000,
              "_slow": 75,
              "_retries": -1,
              "timedOut": false,
              "_currentRetry": 0,
              "pending": false,
              "file": "/home/runner/work/vc-json-schema-test-suite/vc-json-schema-test-suite/tests/jsonschemacredential.js",
              "parent": "Qn9pqt_mjat1cHq1VYLnw",
              "ctx": null,
              "_testId": "urn:uuid:7f9044f4-888c-4f34-8eeb-405dbeaa542f",
              "_events": {},
              "_eventsCount": 1,
              "timer": {
                "_idleTimeout": -1,
                "_idlePrev": null,
                "_idleNext": null,
                "_idleStart": 7043,
                "_onTimeout": null,
                "_repeat": null,
                "_destroyed": true
              },
              "cell": {
                "columnId": "tbd",
                "rowId": "2.1 The type property MUST be JsonSchemaCredential."
              },
              "duration": 222,
              "state": "failed",
              "err": {
                "name": "AssertionError",
                "message": "expected 'error' to equal 'success'",
                "showDiff": true,
                "actual": "error",
                "expected": "success",
                "operator": "strictEqual",
                "stack": "AssertionError: expected 'error' to equal 'success'\n    at should.equal (node_modules/chai/lib/chai/interface/should.js:98:35)\n    at Context.<anonymous> (file:///home/runner/work/vc-json-schema-test-suite/vc-json-schema-test-suite/tests/jsonschemacredential.js:38:18)"
              }
            },
            {
              "type": "test",
              "title": "2.2 The credentialSubject property MUST contain two properties: type - the value of which MUST be JsonSchema; jsonSchema - an object which contains a valid JSON Schema",
              "body": "async function() {\n          await generateTestResults(i.name, schemaVersionName, jsonSchemaType, this.test.title);\n          this.test.cell = {columnId: i.name, rowId: this.test.title};\n          const result = await checkTestResults(i.name, schemaVersionName, jsonSchemaType, this.test.title);\n          should.equal(result, TestResult.success);\n        }",
              "async": 0,
              "sync": true,
              "_timeout": 150000,
              "_slow": 75,
              "_retries": -1,
              "timedOut": false,
              "_currentRetry": 0,
              "pending": false,
              "file": "/home/runner/work/vc-json-schema-test-suite/vc-json-schema-test-suite/tests/jsonschemacredential.js",
              "parent": "Qn9pqt_mjat1cHq1VYLnw",
              "ctx": null,
              "_testId": "urn:uuid:b9f49f12-f7b3-4df4-b514-9ffdd8597aed",
              "_events": {},
              "_eventsCount": 1,
              "timer": {
                "_idleTimeout": -1,
                "_idlePrev": null,
                "_idleNext": null,
                "_idleStart": 7266,
                "_onTimeout": null,
                "_repeat": null,
                "_destroyed": true
              },
              "cell": {
                "columnId": "tbd",
                "rowId": "2.2 The credentialSubject property MUST contain two properties: type - the value of which MUST be JsonSchema; jsonSchema - an object which contains a valid JSON Schema"
              },
              "duration": 293,
              "state": "failed",
              "err": {
                "name": "AssertionError",
                "message": "expected 'error' to equal 'success'",
                "showDiff": true,
                "actual": "error",
                "expected": "success",
                "operator": "strictEqual",
                "stack": "AssertionError: expected 'error' to equal 'success'\n    at should.equal (node_modules/chai/lib/chai/interface/should.js:98:35)\n    at Context.<anonymous> (file:///home/runner/work/vc-json-schema-test-suite/vc-json-schema-test-suite/tests/jsonschemacredential.js:45:18)"
              }
            },
            {
              "type": "test",
              "title": "2.2 The value of the credentialSchema property MUST always be set to [known json schema]",
              "body": "async function() {\n          await generateTestResults(i.name, schemaVersionName, jsonSchemaType, this.test.title);\n          this.test.cell = {columnId: i.name, rowId: this.test.title};\n          const result = await checkTestResults(i.name, schemaVersionName, jsonSchemaType, this.test.title);\n          should.equal(result, TestResult.success);\n        }",
              "async": 0,
              "sync": true,
              "_timeout": 150000,
              "_slow": 75,
              "_retries": -1,
              "timedOut": false,
              "_currentRetry": 0,
              "pending": false,
              "file": "/home/runner/work/vc-json-schema-test-suite/vc-json-schema-test-suite/tests/jsonschemacredential.js",
              "parent": "Qn9pqt_mjat1cHq1VYLnw",
              "ctx": null,
              "_testId": "urn:uuid:bbdcd238-51a7-4f4c-9a09-bb9fb7a51f10",
              "_events": {},
              "_eventsCount": 1,
              "timer": {
                "_idleTimeout": -1,
                "_idlePrev": null,
                "_idleNext": null,
                "_idleStart": 7559,
                "_onTimeout": null,
                "_repeat": null,
                "_destroyed": true
              },
              "cell": {
                "columnId": "tbd",
                "rowId": "2.2 The value of the credentialSchema property MUST always be set to [known json schema]"
              },
              "duration": 221,
              "state": "failed",
              "err": {
                "name": "AssertionError",
                "message": "expected 'error' to equal 'success'",
                "showDiff": true,
                "actual": "error",
                "expected": "success",
                "operator": "strictEqual",
                "stack": "AssertionError: expected 'error' to equal 'success'\n    at should.equal (node_modules/chai/lib/chai/interface/should.js:98:35)\n    at Context.<anonymous> (file:///home/runner/work/vc-json-schema-test-suite/vc-json-schema-test-suite/tests/jsonschemacredential.js:52:18)"
              }
            },
            {
              "type": "test",
              "title": "3 Implementers MUST provide support for JSON Schema specifications where, in the following table, the required column's value is yes",
              "body": "async function() {\n          this.test.cell = {columnId: i.name, rowId: this.test.title};\n          if (schemaVersionName === JsonSchemaVersions['202012']) {\n            should.equal(true, true);\n          } else {\n            this.skip();\n          }\n        }",
              "async": 0,
              "sync": true,
              "_timeout": 150000,
              "_slow": 75,
              "_retries": -1,
              "timedOut": false,
              "_currentRetry": 0,
              "pending": false,
              "file": "/home/runner/work/vc-json-schema-test-suite/vc-json-schema-test-suite/tests/jsonschemacredential.js",
              "parent": "Qn9pqt_mjat1cHq1VYLnw",
              "ctx": null,
              "_testId": "urn:uuid:0661b76c-8179-457d-8c56-141e495c3f7d",
              "_events": {},
              "_eventsCount": 1,
              "cell": {
                "columnId": "tbd",
                "rowId": "3 Implementers MUST provide support for JSON Schema specifications where, in the following table, the required column's value is yes"
              },
              "timer": {
                "_idleTimeout": -1,
                "_idlePrev": null,
                "_idleNext": null,
                "_idleStart": 7745,
                "_onTimeout": null,
                "_repeat": null,
                "_destroyed": true
              },
              "duration": 0,
              "state": "passed",
              "speed": "fast"
            },
            {
              "type": "test",
              "title": "3.1.1 The $id MUST be present and its value MUST represent a valid URI-reference",
              "body": "async function() {\n          await generateTestResults(i.name, schemaVersionName, jsonSchemaType, this.test.title);\n          this.test.cell = {columnId: i.name, rowId: this.test.title};\n          const result = await checkTestResults(i.name, schemaVersionName, jsonSchemaType, this.test.title);\n          should.equal(result, TestResult.success);\n        }",
              "async": 0,
              "sync": true,
              "_timeout": 150000,
              "_slow": 75,
              "_retries": -1,
              "timedOut": false,
              "_currentRetry": 0,
              "pending": false,
              "file": "/home/runner/work/vc-json-schema-test-suite/vc-json-schema-test-suite/tests/jsonschemacredential.js",
              "parent": "Qn9pqt_mjat1cHq1VYLnw",
              "ctx": null,
              "_testId": "urn:uuid:706620bb-3bc8-464c-9d61-6f1c3e484981",
              "_events": {},
              "_eventsCount": 1,
              "timer": {
                "_idleTimeout": -1,
                "_idlePrev": null,
                "_idleNext": null,
                "_idleStart": 7781,
                "_onTimeout": null,
                "_repeat": null,
                "_destroyed": true
              },
              "cell": {
                "columnId": "tbd",
                "rowId": "3.1.1 The $id MUST be present and its value MUST represent a valid URI-reference"
              },
              "duration": 257,
              "state": "failed",
              "err": {
                "name": "AssertionError",
                "message": "expected 'error' to equal 'success'",
                "showDiff": true,
                "actual": "error",
                "expected": "success",
                "operator": "strictEqual",
                "stack": "AssertionError: expected 'error' to equal 'success'\n    at should.equal (node_modules/chai/lib/chai/interface/should.js:98:35)\n    at Context.<anonymous> (file:///home/runner/work/vc-json-schema-test-suite/vc-json-schema-test-suite/tests/jsonschemacredential.js:68:18)"
              }
            },
            {
              "type": "test",
              "title": "3.1.2, 4 The $schema property MUST be present in each schema",
              "body": "async function() {\n          await generateTestResults(i.name, schemaVersionName, jsonSchemaType, this.test.title);\n          this.test.cell = {columnId: i.name, rowId: this.test.title};\n          const result = await checkTestResults(i.name, schemaVersionName, jsonSchemaType, this.test.title);\n          should.equal(result, TestResult.success);\n        }",
              "async": 0,
              "sync": true,
              "_timeout": 150000,
              "_slow": 75,
              "_retries": -1,
              "timedOut": false,
              "_currentRetry": 0,
              "pending": false,
              "file": "/home/runner/work/vc-json-schema-test-suite/vc-json-schema-test-suite/tests/jsonschemacredential.js",
              "parent": "Qn9pqt_mjat1cHq1VYLnw",
              "ctx": null,
              "_testId": "urn:uuid:c2dcfce4-096c-45f5-b7e8-0358b818e37b",
              "_events": {},
              "_eventsCount": 1,
              "timer": {
                "_idleTimeout": -1,
                "_idlePrev": null,
                "_idleNext": null,
                "_idleStart": 8038,
                "_onTimeout": null,
                "_repeat": null,
                "_destroyed": true
              },
              "cell": {
                "columnId": "tbd",
                "rowId": "3.1.2, 4 The $schema property MUST be present in each schema"
              },
              "duration": 222,
              "state": "failed",
              "err": {
                "name": "AssertionError",
                "message": "expected 'error' to equal 'success'",
                "showDiff": true,
                "actual": "error",
                "expected": "success",
                "operator": "strictEqual",
                "stack": "AssertionError: expected 'error' to equal 'success'\n    at should.equal (node_modules/chai/lib/chai/interface/should.js:98:35)\n    at Context.<anonymous> (file:///home/runner/work/vc-json-schema-test-suite/vc-json-schema-test-suite/tests/jsonschemacredential.js:76:18)"
              }
            },
            {
              "type": "test",
              "title": "4.2 (Success) Validation MUST result in one of the following three possible outcomes: success, failure, or indeterminate.",
              "body": "async function() {\n          await generateTestResults(i.name, schemaVersionName, jsonSchemaType, this.test.title);\n          this.test.cell = {columnId: i.name, rowId: this.test.title};\n          const result = await checkTestResults(i.name, schemaVersionName, jsonSchemaType, this.test.title);\n          should.equal(result, TestResult.success);\n        }",
              "async": 0,
              "sync": true,
              "_timeout": 150000,
              "_slow": 75,
              "_retries": -1,
              "timedOut": false,
              "_currentRetry": 0,
              "pending": false,
              "file": "/home/runner/work/vc-json-schema-test-suite/vc-json-schema-test-suite/tests/jsonschemacredential.js",
              "parent": "Qn9pqt_mjat1cHq1VYLnw",
              "ctx": null,
              "_testId": "urn:uuid:0bce883d-d4bc-454a-bd53-5c736b114372",
              "_events": {},
              "_eventsCount": 1,
              "timer": {
                "_idleTimeout": -1,
                "_idlePrev": null,
                "_idleNext": null,
                "_idleStart": 8259,
                "_onTimeout": null,
                "_repeat": null,
                "_destroyed": true
              },
              "cell": {
                "columnId": "tbd",
                "rowId": "4.2 (Success) Validation MUST result in one of the following three possible outcomes: success, failure, or indeterminate."
              },
              "duration": 186,
              "state": "failed",
              "err": {
                "name": "AssertionError",
                "message": "expected 'error' to equal 'success'",
                "showDiff": true,
                "actual": "error",
                "expected": "success",
                "operator": "strictEqual",
                "stack": "AssertionError: expected 'error' to equal 'success'\n    at should.equal (node_modules/chai/lib/chai/interface/should.js:98:35)\n    at Context.<anonymous> (file:///home/runner/work/vc-json-schema-test-suite/vc-json-schema-test-suite/tests/jsonschemacredential.js:83:18)"
              }
            },
            {
              "type": "test",
              "title": "4.2 (Failure) Validation MUST result in one of the following three possible outcomes: success, failure, or indeterminate.",
              "body": "async function() {\n          await generateTestResults(i.name, schemaVersionName, jsonSchemaType, this.test.title);\n          this.test.cell = {columnId: i.name, rowId: this.test.title};\n          const result = await checkTestResults(i.name, schemaVersionName, jsonSchemaType, this.test.title);\n          should.equal(result, TestResult.success);\n        }",
              "async": 0,
              "sync": true,
              "_timeout": 150000,
              "_slow": 75,
              "_retries": -1,
              "timedOut": false,
              "_currentRetry": 0,
              "pending": false,
              "file": "/home/runner/work/vc-json-schema-test-suite/vc-json-schema-test-suite/tests/jsonschemacredential.js",
              "parent": "Qn9pqt_mjat1cHq1VYLnw",
              "ctx": null,
              "_testId": "urn:uuid:65d2949f-84f8-41fc-a602-4bb1f1e0688d",
              "_events": {},
              "_eventsCount": 1,
              "timer": {
                "_idleTimeout": -1,
                "_idlePrev": null,
                "_idleNext": null,
                "_idleStart": 8445,
                "_onTimeout": null,
                "_repeat": null,
                "_destroyed": true
              },
              "cell": {
                "columnId": "tbd",
                "rowId": "4.2 (Failure) Validation MUST result in one of the following three possible outcomes: success, failure, or indeterminate."
              },
              "duration": 186,
              "state": "failed",
              "err": {
                "name": "AssertionError",
                "message": "expected 'error' to equal 'success'",
                "showDiff": true,
                "actual": "error",
                "expected": "success",
                "operator": "strictEqual",
                "stack": "AssertionError: expected 'error' to equal 'success'\n    at should.equal (node_modules/chai/lib/chai/interface/should.js:98:35)\n    at Context.<anonymous> (file:///home/runner/work/vc-json-schema-test-suite/vc-json-schema-test-suite/tests/jsonschemacredential.js:90:18)"
              }
            },
            {
              "type": "test",
              "title": "4.2 (Indeterminate) Validation MUST result in one of the following three possible outcomes: success, failure, or indeterminate.",
              "body": "async function() {\n          await generateTestResults(i.name, schemaVersionName, jsonSchemaType, this.test.title);\n          this.test.cell = {columnId: i.name, rowId: this.test.title};\n          const result = await checkTestResults(i.name, schemaVersionName, jsonSchemaType, this.test.title);\n          should.equal(result, TestResult.success);\n        }",
              "async": 0,
              "sync": true,
              "_timeout": 150000,
              "_slow": 75,
              "_retries": -1,
              "timedOut": false,
              "_currentRetry": 0,
              "pending": false,
              "file": "/home/runner/work/vc-json-schema-test-suite/vc-json-schema-test-suite/tests/jsonschemacredential.js",
              "parent": "Qn9pqt_mjat1cHq1VYLnw",
              "ctx": null,
              "_testId": "urn:uuid:3553c733-efae-4b53-8075-a0095e3efe9e",
              "_events": {},
              "_eventsCount": 1,
              "timer": {
                "_idleTimeout": -1,
                "_idlePrev": null,
                "_idleNext": null,
                "_idleStart": 8631,
                "_onTimeout": null,
                "_repeat": null,
                "_destroyed": true
              },
              "cell": {
                "columnId": "tbd",
                "rowId": "4.2 (Indeterminate) Validation MUST result in one of the following three possible outcomes: success, failure, or indeterminate."
              },
              "duration": 186,
              "state": "failed",
              "err": {
                "name": "AssertionError",
                "message": "expected 'error' to equal 'success'",
                "showDiff": true,
                "actual": "error",
                "expected": "success",
                "operator": "strictEqual",
                "stack": "AssertionError: expected 'error' to equal 'success'\n    at should.equal (node_modules/chai/lib/chai/interface/should.js:98:35)\n    at Context.<anonymous> (file:///home/runner/work/vc-json-schema-test-suite/vc-json-schema-test-suite/tests/jsonschemacredential.js:97:18)"
              }
            }
          ],
          "root": false,
          "pending": false,
          "_retries": -1,
          "_beforeEach": [],
          "_beforeAll": [],
          "_afterEach": [],
          "_afterAll": [],
          "_timeout": 150000,
          "_slow": 75,
          "_bail": false,
          "_onlyTests": [],
          "_onlySuites": [],
          "delayed": false,
          "parent": "4tTYMYITpsZxWWy4Oxhia",
          "file": "/home/runner/work/vc-json-schema-test-suite/vc-json-schema-test-suite/tests/jsonschemacredential.js",
          "_testId": "urn:uuid:7616ec5b-8772-4ce2-aaaf-2ba74e11c0e4"
        }
      ],
      "tests": [
        {
          "type": "test",
          "title": "2.1 ID - The value MUST be a URL that identifies the schema associated with the verifiable credential.",
          "body": "async function() {\n          await generateTestResults(i.name, schemaVersionName, jsonSchemaType, this.test.title);\n          this.test.cell = {columnId: i.name, rowId: this.test.title};\n          const result = await checkTestResults(i.name, schemaVersionName, jsonSchemaType, this.test.title);\n          should.equal(result, TestResult.success);\n        }",
          "async": 0,
          "sync": true,
          "_timeout": 150000,
          "_slow": 75,
          "_retries": -1,
          "timedOut": false,
          "_currentRetry": 0,
          "pending": false,
          "file": "/home/runner/work/vc-json-schema-test-suite/vc-json-schema-test-suite/tests/jsonschemacredential.js",
          "parent": "Qn9pqt_mjat1cHq1VYLnw",
          "ctx": null,
          "_testId": "urn:uuid:5de8827b-e378-4fd7-8487-18a89d3e088b",
          "_events": {},
          "_eventsCount": 1,
          "timer": {
            "_idleTimeout": -1,
            "_idlePrev": null,
            "_idleNext": null,
            "_idleStart": 6821,
            "_onTimeout": null,
            "_repeat": null,
            "_destroyed": true
          },
          "cell": {
            "columnId": "tbd",
            "rowId": "2.1 ID - The value MUST be a URL that identifies the schema associated with the verifiable credential."
          },
          "duration": 221,
          "state": "failed",
          "err": {
            "name": "AssertionError",
            "message": "expected 'error' to equal 'success'",
            "showDiff": true,
            "actual": "error",
            "expected": "success",
            "operator": "strictEqual",
            "stack": "AssertionError: expected 'error' to equal 'success'\n    at should.equal (node_modules/chai/lib/chai/interface/should.js:98:35)\n    at Context.<anonymous> (file:///home/runner/work/vc-json-schema-test-suite/vc-json-schema-test-suite/tests/jsonschemacredential.js:31:18)"
          }
        },
        {
          "type": "test",
          "title": "2.1 The type property MUST be JsonSchemaCredential.",
          "body": "async function() {\n          await generateTestResults(i.name, schemaVersionName, jsonSchemaType, this.test.title);\n          this.test.cell = {columnId: i.name, rowId: this.test.title};\n          const result = await checkTestResults(i.name, schemaVersionName, jsonSchemaType, this.test.title);\n          should.equal(result, TestResult.success);\n        }",
          "async": 0,
          "sync": true,
          "_timeout": 150000,
          "_slow": 75,
          "_retries": -1,
          "timedOut": false,
          "_currentRetry": 0,
          "pending": false,
          "file": "/home/runner/work/vc-json-schema-test-suite/vc-json-schema-test-suite/tests/jsonschemacredential.js",
          "parent": "Qn9pqt_mjat1cHq1VYLnw",
          "ctx": null,
          "_testId": "urn:uuid:7f9044f4-888c-4f34-8eeb-405dbeaa542f",
          "_events": {},
          "_eventsCount": 1,
          "timer": {
            "_idleTimeout": -1,
            "_idlePrev": null,
            "_idleNext": null,
            "_idleStart": 7043,
            "_onTimeout": null,
            "_repeat": null,
            "_destroyed": true
          },
          "cell": {
            "columnId": "tbd",
            "rowId": "2.1 The type property MUST be JsonSchemaCredential."
          },
          "duration": 222,
          "state": "failed",
          "err": {
            "name": "AssertionError",
            "message": "expected 'error' to equal 'success'",
            "showDiff": true,
            "actual": "error",
            "expected": "success",
            "operator": "strictEqual",
            "stack": "AssertionError: expected 'error' to equal 'success'\n    at should.equal (node_modules/chai/lib/chai/interface/should.js:98:35)\n    at Context.<anonymous> (file:///home/runner/work/vc-json-schema-test-suite/vc-json-schema-test-suite/tests/jsonschemacredential.js:38:18)"
          }
        },
        {
          "type": "test",
          "title": "2.2 The credentialSubject property MUST contain two properties: type - the value of which MUST be JsonSchema; jsonSchema - an object which contains a valid JSON Schema",
          "body": "async function() {\n          await generateTestResults(i.name, schemaVersionName, jsonSchemaType, this.test.title);\n          this.test.cell = {columnId: i.name, rowId: this.test.title};\n          const result = await checkTestResults(i.name, schemaVersionName, jsonSchemaType, this.test.title);\n          should.equal(result, TestResult.success);\n        }",
          "async": 0,
          "sync": true,
          "_timeout": 150000,
          "_slow": 75,
          "_retries": -1,
          "timedOut": false,
          "_currentRetry": 0,
          "pending": false,
          "file": "/home/runner/work/vc-json-schema-test-suite/vc-json-schema-test-suite/tests/jsonschemacredential.js",
          "parent": "Qn9pqt_mjat1cHq1VYLnw",
          "ctx": null,
          "_testId": "urn:uuid:b9f49f12-f7b3-4df4-b514-9ffdd8597aed",
          "_events": {},
          "_eventsCount": 1,
          "timer": {
            "_idleTimeout": -1,
            "_idlePrev": null,
            "_idleNext": null,
            "_idleStart": 7266,
            "_onTimeout": null,
            "_repeat": null,
            "_destroyed": true
          },
          "cell": {
            "columnId": "tbd",
            "rowId": "2.2 The credentialSubject property MUST contain two properties: type - the value of which MUST be JsonSchema; jsonSchema - an object which contains a valid JSON Schema"
          },
          "duration": 293,
          "state": "failed",
          "err": {
            "name": "AssertionError",
            "message": "expected 'error' to equal 'success'",
            "showDiff": true,
            "actual": "error",
            "expected": "success",
            "operator": "strictEqual",
            "stack": "AssertionError: expected 'error' to equal 'success'\n    at should.equal (node_modules/chai/lib/chai/interface/should.js:98:35)\n    at Context.<anonymous> (file:///home/runner/work/vc-json-schema-test-suite/vc-json-schema-test-suite/tests/jsonschemacredential.js:45:18)"
          }
        },
        {
          "type": "test",
          "title": "2.2 The value of the credentialSchema property MUST always be set to [known json schema]",
          "body": "async function() {\n          await generateTestResults(i.name, schemaVersionName, jsonSchemaType, this.test.title);\n          this.test.cell = {columnId: i.name, rowId: this.test.title};\n          const result = await checkTestResults(i.name, schemaVersionName, jsonSchemaType, this.test.title);\n          should.equal(result, TestResult.success);\n        }",
          "async": 0,
          "sync": true,
          "_timeout": 150000,
          "_slow": 75,
          "_retries": -1,
          "timedOut": false,
          "_currentRetry": 0,
          "pending": false,
          "file": "/home/runner/work/vc-json-schema-test-suite/vc-json-schema-test-suite/tests/jsonschemacredential.js",
          "parent": "Qn9pqt_mjat1cHq1VYLnw",
          "ctx": null,
          "_testId": "urn:uuid:bbdcd238-51a7-4f4c-9a09-bb9fb7a51f10",
          "_events": {},
          "_eventsCount": 1,
          "timer": {
            "_idleTimeout": -1,
            "_idlePrev": null,
            "_idleNext": null,
            "_idleStart": 7559,
            "_onTimeout": null,
            "_repeat": null,
            "_destroyed": true
          },
          "cell": {
            "columnId": "tbd",
            "rowId": "2.2 The value of the credentialSchema property MUST always be set to [known json schema]"
          },
          "duration": 221,
          "state": "failed",
          "err": {
            "name": "AssertionError",
            "message": "expected 'error' to equal 'success'",
            "showDiff": true,
            "actual": "error",
            "expected": "success",
            "operator": "strictEqual",
            "stack": "AssertionError: expected 'error' to equal 'success'\n    at should.equal (node_modules/chai/lib/chai/interface/should.js:98:35)\n    at Context.<anonymous> (file:///home/runner/work/vc-json-schema-test-suite/vc-json-schema-test-suite/tests/jsonschemacredential.js:52:18)"
          }
        },
        {
          "type": "test",
          "title": "3 Implementers MUST provide support for JSON Schema specifications where, in the following table, the required column's value is yes",
          "body": "async function() {\n          this.test.cell = {columnId: i.name, rowId: this.test.title};\n          if (schemaVersionName === JsonSchemaVersions['202012']) {\n            should.equal(true, true);\n          } else {\n            this.skip();\n          }\n        }",
          "async": 0,
          "sync": true,
          "_timeout": 150000,
          "_slow": 75,
          "_retries": -1,
          "timedOut": false,
          "_currentRetry": 0,
          "pending": false,
          "file": "/home/runner/work/vc-json-schema-test-suite/vc-json-schema-test-suite/tests/jsonschemacredential.js",
          "parent": "Qn9pqt_mjat1cHq1VYLnw",
          "ctx": null,
          "_testId": "urn:uuid:0661b76c-8179-457d-8c56-141e495c3f7d",
          "_events": {},
          "_eventsCount": 1,
          "cell": {
            "columnId": "tbd",
            "rowId": "3 Implementers MUST provide support for JSON Schema specifications where, in the following table, the required column's value is yes"
          },
          "timer": {
            "_idleTimeout": -1,
            "_idlePrev": null,
            "_idleNext": null,
            "_idleStart": 7745,
            "_onTimeout": null,
            "_repeat": null,
            "_destroyed": true
          },
          "duration": 0,
          "state": "passed",
          "speed": "fast"
        },
        {
          "type": "test",
          "title": "3.1.1 The $id MUST be present and its value MUST represent a valid URI-reference",
          "body": "async function() {\n          await generateTestResults(i.name, schemaVersionName, jsonSchemaType, this.test.title);\n          this.test.cell = {columnId: i.name, rowId: this.test.title};\n          const result = await checkTestResults(i.name, schemaVersionName, jsonSchemaType, this.test.title);\n          should.equal(result, TestResult.success);\n        }",
          "async": 0,
          "sync": true,
          "_timeout": 150000,
          "_slow": 75,
          "_retries": -1,
          "timedOut": false,
          "_currentRetry": 0,
          "pending": false,
          "file": "/home/runner/work/vc-json-schema-test-suite/vc-json-schema-test-suite/tests/jsonschemacredential.js",
          "parent": "Qn9pqt_mjat1cHq1VYLnw",
          "ctx": null,
          "_testId": "urn:uuid:706620bb-3bc8-464c-9d61-6f1c3e484981",
          "_events": {},
          "_eventsCount": 1,
          "timer": {
            "_idleTimeout": -1,
            "_idlePrev": null,
            "_idleNext": null,
            "_idleStart": 7781,
            "_onTimeout": null,
            "_repeat": null,
            "_destroyed": true
          },
          "cell": {
            "columnId": "tbd",
            "rowId": "3.1.1 The $id MUST be present and its value MUST represent a valid URI-reference"
          },
          "duration": 257,
          "state": "failed",
          "err": {
            "name": "AssertionError",
            "message": "expected 'error' to equal 'success'",
            "showDiff": true,
            "actual": "error",
            "expected": "success",
            "operator": "strictEqual",
            "stack": "AssertionError: expected 'error' to equal 'success'\n    at should.equal (node_modules/chai/lib/chai/interface/should.js:98:35)\n    at Context.<anonymous> (file:///home/runner/work/vc-json-schema-test-suite/vc-json-schema-test-suite/tests/jsonschemacredential.js:68:18)"
          }
        },
        {
          "type": "test",
          "title": "3.1.2, 4 The $schema property MUST be present in each schema",
          "body": "async function() {\n          await generateTestResults(i.name, schemaVersionName, jsonSchemaType, this.test.title);\n          this.test.cell = {columnId: i.name, rowId: this.test.title};\n          const result = await checkTestResults(i.name, schemaVersionName, jsonSchemaType, this.test.title);\n          should.equal(result, TestResult.success);\n        }",
          "async": 0,
          "sync": true,
          "_timeout": 150000,
          "_slow": 75,
          "_retries": -1,
          "timedOut": false,
          "_currentRetry": 0,
          "pending": false,
          "file": "/home/runner/work/vc-json-schema-test-suite/vc-json-schema-test-suite/tests/jsonschemacredential.js",
          "parent": "Qn9pqt_mjat1cHq1VYLnw",
          "ctx": null,
          "_testId": "urn:uuid:c2dcfce4-096c-45f5-b7e8-0358b818e37b",
          "_events": {},
          "_eventsCount": 1,
          "timer": {
            "_idleTimeout": -1,
            "_idlePrev": null,
            "_idleNext": null,
            "_idleStart": 8038,
            "_onTimeout": null,
            "_repeat": null,
            "_destroyed": true
          },
          "cell": {
            "columnId": "tbd",
            "rowId": "3.1.2, 4 The $schema property MUST be present in each schema"
          },
          "duration": 222,
          "state": "failed",
          "err": {
            "name": "AssertionError",
            "message": "expected 'error' to equal 'success'",
            "showDiff": true,
            "actual": "error",
            "expected": "success",
            "operator": "strictEqual",
            "stack": "AssertionError: expected 'error' to equal 'success'\n    at should.equal (node_modules/chai/lib/chai/interface/should.js:98:35)\n    at Context.<anonymous> (file:///home/runner/work/vc-json-schema-test-suite/vc-json-schema-test-suite/tests/jsonschemacredential.js:76:18)"
          }
        },
        {
          "type": "test",
          "title": "4.2 (Success) Validation MUST result in one of the following three possible outcomes: success, failure, or indeterminate.",
          "body": "async function() {\n          await generateTestResults(i.name, schemaVersionName, jsonSchemaType, this.test.title);\n          this.test.cell = {columnId: i.name, rowId: this.test.title};\n          const result = await checkTestResults(i.name, schemaVersionName, jsonSchemaType, this.test.title);\n          should.equal(result, TestResult.success);\n        }",
          "async": 0,
          "sync": true,
          "_timeout": 150000,
          "_slow": 75,
          "_retries": -1,
          "timedOut": false,
          "_currentRetry": 0,
          "pending": false,
          "file": "/home/runner/work/vc-json-schema-test-suite/vc-json-schema-test-suite/tests/jsonschemacredential.js",
          "parent": "Qn9pqt_mjat1cHq1VYLnw",
          "ctx": null,
          "_testId": "urn:uuid:0bce883d-d4bc-454a-bd53-5c736b114372",
          "_events": {},
          "_eventsCount": 1,
          "timer": {
            "_idleTimeout": -1,
            "_idlePrev": null,
            "_idleNext": null,
            "_idleStart": 8259,
            "_onTimeout": null,
            "_repeat": null,
            "_destroyed": true
          },
          "cell": {
            "columnId": "tbd",
            "rowId": "4.2 (Success) Validation MUST result in one of the following three possible outcomes: success, failure, or indeterminate."
          },
          "duration": 186,
          "state": "failed",
          "err": {
            "name": "AssertionError",
            "message": "expected 'error' to equal 'success'",
            "showDiff": true,
            "actual": "error",
            "expected": "success",
            "operator": "strictEqual",
            "stack": "AssertionError: expected 'error' to equal 'success'\n    at should.equal (node_modules/chai/lib/chai/interface/should.js:98:35)\n    at Context.<anonymous> (file:///home/runner/work/vc-json-schema-test-suite/vc-json-schema-test-suite/tests/jsonschemacredential.js:83:18)"
          }
        },
        {
          "type": "test",
          "title": "4.2 (Failure) Validation MUST result in one of the following three possible outcomes: success, failure, or indeterminate.",
          "body": "async function() {\n          await generateTestResults(i.name, schemaVersionName, jsonSchemaType, this.test.title);\n          this.test.cell = {columnId: i.name, rowId: this.test.title};\n          const result = await checkTestResults(i.name, schemaVersionName, jsonSchemaType, this.test.title);\n          should.equal(result, TestResult.success);\n        }",
          "async": 0,
          "sync": true,
          "_timeout": 150000,
          "_slow": 75,
          "_retries": -1,
          "timedOut": false,
          "_currentRetry": 0,
          "pending": false,
          "file": "/home/runner/work/vc-json-schema-test-suite/vc-json-schema-test-suite/tests/jsonschemacredential.js",
          "parent": "Qn9pqt_mjat1cHq1VYLnw",
          "ctx": null,
          "_testId": "urn:uuid:65d2949f-84f8-41fc-a602-4bb1f1e0688d",
          "_events": {},
          "_eventsCount": 1,
          "timer": {
            "_idleTimeout": -1,
            "_idlePrev": null,
            "_idleNext": null,
            "_idleStart": 8445,
            "_onTimeout": null,
            "_repeat": null,
            "_destroyed": true
          },
          "cell": {
            "columnId": "tbd",
            "rowId": "4.2 (Failure) Validation MUST result in one of the following three possible outcomes: success, failure, or indeterminate."
          },
          "duration": 186,
          "state": "failed",
          "err": {
            "name": "AssertionError",
            "message": "expected 'error' to equal 'success'",
            "showDiff": true,
            "actual": "error",
            "expected": "success",
            "operator": "strictEqual",
            "stack": "AssertionError: expected 'error' to equal 'success'\n    at should.equal (node_modules/chai/lib/chai/interface/should.js:98:35)\n    at Context.<anonymous> (file:///home/runner/work/vc-json-schema-test-suite/vc-json-schema-test-suite/tests/jsonschemacredential.js:90:18)"
          }
        },
        {
          "type": "test",
          "title": "4.2 (Indeterminate) Validation MUST result in one of the following three possible outcomes: success, failure, or indeterminate.",
          "body": "async function() {\n          await generateTestResults(i.name, schemaVersionName, jsonSchemaType, this.test.title);\n          this.test.cell = {columnId: i.name, rowId: this.test.title};\n          const result = await checkTestResults(i.name, schemaVersionName, jsonSchemaType, this.test.title);\n          should.equal(result, TestResult.success);\n        }",
          "async": 0,
          "sync": true,
          "_timeout": 150000,
          "_slow": 75,
          "_retries": -1,
          "timedOut": false,
          "_currentRetry": 0,
          "pending": false,
          "file": "/home/runner/work/vc-json-schema-test-suite/vc-json-schema-test-suite/tests/jsonschemacredential.js",
          "parent": "Qn9pqt_mjat1cHq1VYLnw",
          "ctx": null,
          "_testId": "urn:uuid:3553c733-efae-4b53-8075-a0095e3efe9e",
          "_events": {},
          "_eventsCount": 1,
          "timer": {
            "_idleTimeout": -1,
            "_idlePrev": null,
            "_idleNext": null,
            "_idleStart": 8631,
            "_onTimeout": null,
            "_repeat": null,
            "_destroyed": true
          },
          "cell": {
            "columnId": "tbd",
            "rowId": "4.2 (Indeterminate) Validation MUST result in one of the following three possible outcomes: success, failure, or indeterminate."
          },
          "duration": 186,
          "state": "failed",
          "err": {
            "name": "AssertionError",
            "message": "expected 'error' to equal 'success'",
            "showDiff": true,
            "actual": "error",
            "expected": "success",
            "operator": "strictEqual",
            "stack": "AssertionError: expected 'error' to equal 'success'\n    at should.equal (node_modules/chai/lib/chai/interface/should.js:98:35)\n    at Context.<anonymous> (file:///home/runner/work/vc-json-schema-test-suite/vc-json-schema-test-suite/tests/jsonschemacredential.js:97:18)"
          }
        }
      ],
      "root": false,
      "pending": false,
      "_retries": -1,
      "_beforeEach": [],
      "_beforeAll": [],
      "_afterEach": [],
      "_afterAll": [],
      "_timeout": 150000,
      "_slow": 75,
      "_bail": false,
      "_onlyTests": [],
      "_onlySuites": [],
      "delayed": false,
      "parent": "6geymWfX1fXfANkf6TpeQ",
      "file": "/home/runner/work/vc-json-schema-test-suite/vc-json-schema-test-suite/tests/jsonschemacredential.js",
      "matrix": true,
      "report": true,
      "implemented": [
        "tbd"
      ],
      "rowLabel": "Test Name",
      "columnLabel": "Implementation",
      "_testId": "urn:uuid:52b9998e-7199-4eec-9cfb-2d4badb9ba6a"
    },
    {
      "title": "JsonSchemaCredential – JSON Schema Draft-7",
      "ctx": null,
      "suites": [
        {
          "title": "tbd",
          "ctx": null,
          "suites": [],
          "tests": [
            {
              "type": "test",
              "title": "2.1 ID - The value MUST be a URL that identifies the schema associated with the verifiable credential.",
              "body": "async function() {\n          await generateTestResults(i.name, schemaVersionName, jsonSchemaType, this.test.title);\n          this.test.cell = {columnId: i.name, rowId: this.test.title};\n          const result = await checkTestResults(i.name, schemaVersionName, jsonSchemaType, this.test.title);\n          should.equal(result, TestResult.success);\n        }",
              "async": 0,
              "sync": true,
              "_timeout": 150000,
              "_slow": 75,
              "_retries": -1,
              "timedOut": false,
              "_currentRetry": 0,
              "pending": false,
              "file": "/home/runner/work/vc-json-schema-test-suite/vc-json-schema-test-suite/tests/jsonschemacredential.js",
              "parent": "axbfZjUK-561JQkDDXUB4",
              "ctx": null,
              "_testId": "urn:uuid:342c517c-085c-4c61-8134-2f7ce997cf96",
              "_events": {},
              "_eventsCount": 1,
              "timer": {
                "_idleTimeout": -1,
                "_idlePrev": null,
                "_idleNext": null,
                "_idleStart": 8818,
                "_onTimeout": null,
                "_repeat": null,
                "_destroyed": true
              },
              "cell": {
                "columnId": "tbd",
                "rowId": "2.1 ID - The value MUST be a URL that identifies the schema associated with the verifiable credential."
              },
              "duration": 221,
              "state": "failed",
              "err": {
                "name": "AssertionError",
                "message": "expected 'error' to equal 'success'",
                "showDiff": true,
                "actual": "error",
                "expected": "success",
                "operator": "strictEqual",
                "stack": "AssertionError: expected 'error' to equal 'success'\n    at should.equal (node_modules/chai/lib/chai/interface/should.js:98:35)\n    at Context.<anonymous> (file:///home/runner/work/vc-json-schema-test-suite/vc-json-schema-test-suite/tests/jsonschemacredential.js:31:18)"
              }
            },
            {
              "type": "test",
              "title": "2.1 The type property MUST be JsonSchemaCredential.",
              "body": "async function() {\n          await generateTestResults(i.name, schemaVersionName, jsonSchemaType, this.test.title);\n          this.test.cell = {columnId: i.name, rowId: this.test.title};\n          const result = await checkTestResults(i.name, schemaVersionName, jsonSchemaType, this.test.title);\n          should.equal(result, TestResult.success);\n        }",
              "async": 0,
              "sync": true,
              "_timeout": 150000,
              "_slow": 75,
              "_retries": -1,
              "timedOut": false,
              "_currentRetry": 0,
              "pending": false,
              "file": "/home/runner/work/vc-json-schema-test-suite/vc-json-schema-test-suite/tests/jsonschemacredential.js",
              "parent": "axbfZjUK-561JQkDDXUB4",
              "ctx": null,
              "_testId": "urn:uuid:8fadc6ce-9a1d-4110-8db0-113e194f7a05",
              "_events": {},
              "_eventsCount": 1,
              "timer": {
                "_idleTimeout": -1,
                "_idlePrev": null,
                "_idleNext": null,
                "_idleStart": 9040,
                "_onTimeout": null,
                "_repeat": null,
                "_destroyed": true
              },
              "cell": {
                "columnId": "tbd",
                "rowId": "2.1 The type property MUST be JsonSchemaCredential."
              },
              "duration": 223,
              "state": "failed",
              "err": {
                "name": "AssertionError",
                "message": "expected 'error' to equal 'success'",
                "showDiff": true,
                "actual": "error",
                "expected": "success",
                "operator": "strictEqual",
                "stack": "AssertionError: expected 'error' to equal 'success'\n    at should.equal (node_modules/chai/lib/chai/interface/should.js:98:35)\n    at Context.<anonymous> (file:///home/runner/work/vc-json-schema-test-suite/vc-json-schema-test-suite/tests/jsonschemacredential.js:38:18)"
              }
            },
            {
              "type": "test",
              "title": "2.2 The credentialSubject property MUST contain two properties: type - the value of which MUST be JsonSchema; jsonSchema - an object which contains a valid JSON Schema",
              "body": "async function() {\n          await generateTestResults(i.name, schemaVersionName, jsonSchemaType, this.test.title);\n          this.test.cell = {columnId: i.name, rowId: this.test.title};\n          const result = await checkTestResults(i.name, schemaVersionName, jsonSchemaType, this.test.title);\n          should.equal(result, TestResult.success);\n        }",
              "async": 0,
              "sync": true,
              "_timeout": 150000,
              "_slow": 75,
              "_retries": -1,
              "timedOut": false,
              "_currentRetry": 0,
              "pending": false,
              "file": "/home/runner/work/vc-json-schema-test-suite/vc-json-schema-test-suite/tests/jsonschemacredential.js",
              "parent": "axbfZjUK-561JQkDDXUB4",
              "ctx": null,
              "_testId": "urn:uuid:ec0518ec-7439-44c4-bef6-6318ceca08b0",
              "_events": {},
              "_eventsCount": 1,
              "timer": {
                "_idleTimeout": -1,
                "_idlePrev": null,
                "_idleNext": null,
                "_idleStart": 9262,
                "_onTimeout": null,
                "_repeat": null,
                "_destroyed": true
              },
              "cell": {
                "columnId": "tbd",
                "rowId": "2.2 The credentialSubject property MUST contain two properties: type - the value of which MUST be JsonSchema; jsonSchema - an object which contains a valid JSON Schema"
              },
              "duration": 292,
              "state": "failed",
              "err": {
                "name": "AssertionError",
                "message": "expected 'error' to equal 'success'",
                "showDiff": true,
                "actual": "error",
                "expected": "success",
                "operator": "strictEqual",
                "stack": "AssertionError: expected 'error' to equal 'success'\n    at should.equal (node_modules/chai/lib/chai/interface/should.js:98:35)\n    at Context.<anonymous> (file:///home/runner/work/vc-json-schema-test-suite/vc-json-schema-test-suite/tests/jsonschemacredential.js:45:18)"
              }
            },
            {
              "type": "test",
              "title": "2.2 The value of the credentialSchema property MUST always be set to [known json schema]",
              "body": "async function() {\n          await generateTestResults(i.name, schemaVersionName, jsonSchemaType, this.test.title);\n          this.test.cell = {columnId: i.name, rowId: this.test.title};\n          const result = await checkTestResults(i.name, schemaVersionName, jsonSchemaType, this.test.title);\n          should.equal(result, TestResult.success);\n        }",
              "async": 0,
              "sync": true,
              "_timeout": 150000,
              "_slow": 75,
              "_retries": -1,
              "timedOut": false,
              "_currentRetry": 0,
              "pending": false,
              "file": "/home/runner/work/vc-json-schema-test-suite/vc-json-schema-test-suite/tests/jsonschemacredential.js",
              "parent": "axbfZjUK-561JQkDDXUB4",
              "ctx": null,
              "_testId": "urn:uuid:f4c56db6-1362-4a00-ae88-5e032aa48dce",
              "_events": {},
              "_eventsCount": 1,
              "timer": {
                "_idleTimeout": -1,
                "_idlePrev": null,
                "_idleNext": null,
                "_idleStart": 9555,
                "_onTimeout": null,
                "_repeat": null,
                "_destroyed": true
              },
              "cell": {
                "columnId": "tbd",
                "rowId": "2.2 The value of the credentialSchema property MUST always be set to [known json schema]"
              },
              "duration": 220,
              "state": "failed",
              "err": {
                "name": "AssertionError",
                "message": "expected 'error' to equal 'success'",
                "showDiff": true,
                "actual": "error",
                "expected": "success",
                "operator": "strictEqual",
                "stack": "AssertionError: expected 'error' to equal 'success'\n    at should.equal (node_modules/chai/lib/chai/interface/should.js:98:35)\n    at Context.<anonymous> (file:///home/runner/work/vc-json-schema-test-suite/vc-json-schema-test-suite/tests/jsonschemacredential.js:52:18)"
              }
            },
            {
              "type": "test",
              "title": "3 Implementers MUST provide support for JSON Schema specifications where, in the following table, the required column's value is yes",
              "body": "async function() {\n          this.test.cell = {columnId: i.name, rowId: this.test.title};\n          if (schemaVersionName === JsonSchemaVersions['202012']) {\n            should.equal(true, true);\n          } else {\n            this.skip();\n          }\n        }",
              "async": 0,
              "sync": true,
              "_timeout": 150000,
              "_slow": 75,
              "_retries": -1,
              "timedOut": false,
              "_currentRetry": 0,
              "pending": true,
              "file": "/home/runner/work/vc-json-schema-test-suite/vc-json-schema-test-suite/tests/jsonschemacredential.js",
              "parent": "axbfZjUK-561JQkDDXUB4",
              "ctx": null,
              "_testId": "urn:uuid:a95fcb32-b324-4061-96a6-e64fefd43129",
              "_events": {},
              "_eventsCount": 1,
              "cell": {
                "columnId": "tbd",
                "rowId": "3 Implementers MUST provide support for JSON Schema specifications where, in the following table, the required column's value is yes"
              },
              "timer": {
                "_idleTimeout": -1,
                "_idlePrev": null,
                "_idleNext": null,
                "_idleStart": 9740,
                "_onTimeout": null,
                "_repeat": null,
                "_destroyed": true
              },
              "duration": 0,
              "state": "pending"
            },
            {
              "type": "test",
              "title": "3.1.1 The $id MUST be present and its value MUST represent a valid URI-reference",
              "body": "async function() {\n          await generateTestResults(i.name, schemaVersionName, jsonSchemaType, this.test.title);\n          this.test.cell = {columnId: i.name, rowId: this.test.title};\n          const result = await checkTestResults(i.name, schemaVersionName, jsonSchemaType, this.test.title);\n          should.equal(result, TestResult.success);\n        }",
              "async": 0,
              "sync": true,
              "_timeout": 150000,
              "_slow": 75,
              "_retries": -1,
              "timedOut": false,
              "_currentRetry": 0,
              "pending": false,
              "file": "/home/runner/work/vc-json-schema-test-suite/vc-json-schema-test-suite/tests/jsonschemacredential.js",
              "parent": "axbfZjUK-561JQkDDXUB4",
              "ctx": null,
              "_testId": "urn:uuid:e650814b-996f-441e-9480-891ba8bca7a1",
              "_events": {},
              "_eventsCount": 1,
              "timer": {
                "_idleTimeout": -1,
                "_idlePrev": null,
                "_idleNext": null,
                "_idleStart": 9776,
                "_onTimeout": null,
                "_repeat": null,
                "_destroyed": true
              },
              "cell": {
                "columnId": "tbd",
                "rowId": "3.1.1 The $id MUST be present and its value MUST represent a valid URI-reference"
              },
              "duration": 257,
              "state": "failed",
              "err": {
                "name": "AssertionError",
                "message": "expected 'error' to equal 'success'",
                "showDiff": true,
                "actual": "error",
                "expected": "success",
                "operator": "strictEqual",
                "stack": "AssertionError: expected 'error' to equal 'success'\n    at should.equal (node_modules/chai/lib/chai/interface/should.js:98:35)\n    at Context.<anonymous> (file:///home/runner/work/vc-json-schema-test-suite/vc-json-schema-test-suite/tests/jsonschemacredential.js:68:18)"
              }
            },
            {
              "type": "test",
              "title": "3.1.2, 4 The $schema property MUST be present in each schema",
              "body": "async function() {\n          await generateTestResults(i.name, schemaVersionName, jsonSchemaType, this.test.title);\n          this.test.cell = {columnId: i.name, rowId: this.test.title};\n          const result = await checkTestResults(i.name, schemaVersionName, jsonSchemaType, this.test.title);\n          should.equal(result, TestResult.success);\n        }",
              "async": 0,
              "sync": true,
              "_timeout": 150000,
              "_slow": 75,
              "_retries": -1,
              "timedOut": false,
              "_currentRetry": 0,
              "pending": false,
              "file": "/home/runner/work/vc-json-schema-test-suite/vc-json-schema-test-suite/tests/jsonschemacredential.js",
              "parent": "axbfZjUK-561JQkDDXUB4",
              "ctx": null,
              "_testId": "urn:uuid:e8437dd7-92ad-4039-a30c-05748aac3573",
              "_events": {},
              "_eventsCount": 1,
              "timer": {
                "_idleTimeout": -1,
                "_idlePrev": null,
                "_idleNext": null,
                "_idleStart": 10033,
                "_onTimeout": null,
                "_repeat": null,
                "_destroyed": true
              },
              "cell": {
                "columnId": "tbd",
                "rowId": "3.1.2, 4 The $schema property MUST be present in each schema"
              },
              "duration": 221,
              "state": "failed",
              "err": {
                "name": "AssertionError",
                "message": "expected 'error' to equal 'success'",
                "showDiff": true,
                "actual": "error",
                "expected": "success",
                "operator": "strictEqual",
                "stack": "AssertionError: expected 'error' to equal 'success'\n    at should.equal (node_modules/chai/lib/chai/interface/should.js:98:35)\n    at Context.<anonymous> (file:///home/runner/work/vc-json-schema-test-suite/vc-json-schema-test-suite/tests/jsonschemacredential.js:76:18)"
              }
            },
            {
              "type": "test",
              "title": "4.2 (Success) Validation MUST result in one of the following three possible outcomes: success, failure, or indeterminate.",
              "body": "async function() {\n          await generateTestResults(i.name, schemaVersionName, jsonSchemaType, this.test.title);\n          this.test.cell = {columnId: i.name, rowId: this.test.title};\n          const result = await checkTestResults(i.name, schemaVersionName, jsonSchemaType, this.test.title);\n          should.equal(result, TestResult.success);\n        }",
              "async": 0,
              "sync": true,
              "_timeout": 150000,
              "_slow": 75,
              "_retries": -1,
              "timedOut": false,
              "_currentRetry": 0,
              "pending": false,
              "file": "/home/runner/work/vc-json-schema-test-suite/vc-json-schema-test-suite/tests/jsonschemacredential.js",
              "parent": "axbfZjUK-561JQkDDXUB4",
              "ctx": null,
              "_testId": "urn:uuid:aa6c53d4-1c12-4364-8d2e-e21bcc75a36b",
              "_events": {},
              "_eventsCount": 1,
              "timer": {
                "_idleTimeout": -1,
                "_idlePrev": null,
                "_idleNext": null,
                "_idleStart": 10255,
                "_onTimeout": null,
                "_repeat": null,
                "_destroyed": true
              },
              "cell": {
                "columnId": "tbd",
                "rowId": "4.2 (Success) Validation MUST result in one of the following three possible outcomes: success, failure, or indeterminate."
              },
              "duration": 187,
              "state": "failed",
              "err": {
                "name": "AssertionError",
                "message": "expected 'error' to equal 'success'",
                "showDiff": true,
                "actual": "error",
                "expected": "success",
                "operator": "strictEqual",
                "stack": "AssertionError: expected 'error' to equal 'success'\n    at should.equal (node_modules/chai/lib/chai/interface/should.js:98:35)\n    at Context.<anonymous> (file:///home/runner/work/vc-json-schema-test-suite/vc-json-schema-test-suite/tests/jsonschemacredential.js:83:18)"
              }
            },
            {
              "type": "test",
              "title": "4.2 (Failure) Validation MUST result in one of the following three possible outcomes: success, failure, or indeterminate.",
              "body": "async function() {\n          await generateTestResults(i.name, schemaVersionName, jsonSchemaType, this.test.title);\n          this.test.cell = {columnId: i.name, rowId: this.test.title};\n          const result = await checkTestResults(i.name, schemaVersionName, jsonSchemaType, this.test.title);\n          should.equal(result, TestResult.success);\n        }",
              "async": 0,
              "sync": true,
              "_timeout": 150000,
              "_slow": 75,
              "_retries": -1,
              "timedOut": false,
              "_currentRetry": 0,
              "pending": false,
              "file": "/home/runner/work/vc-json-schema-test-suite/vc-json-schema-test-suite/tests/jsonschemacredential.js",
              "parent": "axbfZjUK-561JQkDDXUB4",
              "ctx": null,
              "_testId": "urn:uuid:72806f37-0fdc-4e30-b332-9f2f10afb0c0",
              "_events": {},
              "_eventsCount": 1,
              "timer": {
                "_idleTimeout": -1,
                "_idlePrev": null,
                "_idleNext": null,
                "_idleStart": 10442,
                "_onTimeout": null,
                "_repeat": null,
                "_destroyed": true
              },
              "cell": {
                "columnId": "tbd",
                "rowId": "4.2 (Failure) Validation MUST result in one of the following three possible outcomes: success, failure, or indeterminate."
              },
              "duration": 187,
              "state": "failed",
              "err": {
                "name": "AssertionError",
                "message": "expected 'error' to equal 'success'",
                "showDiff": true,
                "actual": "error",
                "expected": "success",
                "operator": "strictEqual",
                "stack": "AssertionError: expected 'error' to equal 'success'\n    at should.equal (node_modules/chai/lib/chai/interface/should.js:98:35)\n    at Context.<anonymous> (file:///home/runner/work/vc-json-schema-test-suite/vc-json-schema-test-suite/tests/jsonschemacredential.js:90:18)"
              }
            },
            {
              "type": "test",
              "title": "4.2 (Indeterminate) Validation MUST result in one of the following three possible outcomes: success, failure, or indeterminate.",
              "body": "async function() {\n          await generateTestResults(i.name, schemaVersionName, jsonSchemaType, this.test.title);\n          this.test.cell = {columnId: i.name, rowId: this.test.title};\n          const result = await checkTestResults(i.name, schemaVersionName, jsonSchemaType, this.test.title);\n          should.equal(result, TestResult.success);\n        }",
              "async": 0,
              "sync": true,
              "_timeout": 150000,
              "_slow": 75,
              "_retries": -1,
              "timedOut": false,
              "_currentRetry": 0,
              "pending": false,
              "file": "/home/runner/work/vc-json-schema-test-suite/vc-json-schema-test-suite/tests/jsonschemacredential.js",
              "parent": "axbfZjUK-561JQkDDXUB4",
              "ctx": null,
              "_testId": "urn:uuid:d23a838d-4b92-41ed-a104-888a7168b5e5",
              "_events": {},
              "_eventsCount": 1,
              "timer": {
                "_idleTimeout": -1,
                "_idlePrev": null,
                "_idleNext": null,
                "_idleStart": 10628,
                "_onTimeout": null,
                "_repeat": null,
                "_destroyed": true
              },
              "cell": {
                "columnId": "tbd",
                "rowId": "4.2 (Indeterminate) Validation MUST result in one of the following three possible outcomes: success, failure, or indeterminate."
              },
              "duration": 186,
              "state": "failed",
              "err": {
                "name": "AssertionError",
                "message": "expected 'error' to equal 'success'",
                "showDiff": true,
                "actual": "error",
                "expected": "success",
                "operator": "strictEqual",
                "stack": "AssertionError: expected 'error' to equal 'success'\n    at should.equal (node_modules/chai/lib/chai/interface/should.js:98:35)\n    at Context.<anonymous> (file:///home/runner/work/vc-json-schema-test-suite/vc-json-schema-test-suite/tests/jsonschemacredential.js:97:18)"
              }
            }
          ],
          "root": false,
          "pending": false,
          "_retries": -1,
          "_beforeEach": [],
          "_beforeAll": [],
          "_afterEach": [],
          "_afterAll": [],
          "_timeout": 150000,
          "_slow": 75,
          "_bail": false,
          "_onlyTests": [],
          "_onlySuites": [],
          "delayed": false,
          "parent": "xlBYP6-5ZoXtPG-hJ2ejr",
          "file": "/home/runner/work/vc-json-schema-test-suite/vc-json-schema-test-suite/tests/jsonschemacredential.js",
          "_testId": "urn:uuid:28f2f9e8-7ac3-442c-b976-7d4a8f02937d"
        }
      ],
      "tests": [
        {
          "type": "test",
          "title": "2.1 ID - The value MUST be a URL that identifies the schema associated with the verifiable credential.",
          "body": "async function() {\n          await generateTestResults(i.name, schemaVersionName, jsonSchemaType, this.test.title);\n          this.test.cell = {columnId: i.name, rowId: this.test.title};\n          const result = await checkTestResults(i.name, schemaVersionName, jsonSchemaType, this.test.title);\n          should.equal(result, TestResult.success);\n        }",
          "async": 0,
          "sync": true,
          "_timeout": 150000,
          "_slow": 75,
          "_retries": -1,
          "timedOut": false,
          "_currentRetry": 0,
          "pending": false,
          "file": "/home/runner/work/vc-json-schema-test-suite/vc-json-schema-test-suite/tests/jsonschemacredential.js",
          "parent": "axbfZjUK-561JQkDDXUB4",
          "ctx": null,
          "_testId": "urn:uuid:342c517c-085c-4c61-8134-2f7ce997cf96",
          "_events": {},
          "_eventsCount": 1,
          "timer": {
            "_idleTimeout": -1,
            "_idlePrev": null,
            "_idleNext": null,
            "_idleStart": 8818,
            "_onTimeout": null,
            "_repeat": null,
            "_destroyed": true
          },
          "cell": {
            "columnId": "tbd",
            "rowId": "2.1 ID - The value MUST be a URL that identifies the schema associated with the verifiable credential."
          },
          "duration": 221,
          "state": "failed",
          "err": {
            "name": "AssertionError",
            "message": "expected 'error' to equal 'success'",
            "showDiff": true,
            "actual": "error",
            "expected": "success",
            "operator": "strictEqual",
            "stack": "AssertionError: expected 'error' to equal 'success'\n    at should.equal (node_modules/chai/lib/chai/interface/should.js:98:35)\n    at Context.<anonymous> (file:///home/runner/work/vc-json-schema-test-suite/vc-json-schema-test-suite/tests/jsonschemacredential.js:31:18)"
          }
        },
        {
          "type": "test",
          "title": "2.1 The type property MUST be JsonSchemaCredential.",
          "body": "async function() {\n          await generateTestResults(i.name, schemaVersionName, jsonSchemaType, this.test.title);\n          this.test.cell = {columnId: i.name, rowId: this.test.title};\n          const result = await checkTestResults(i.name, schemaVersionName, jsonSchemaType, this.test.title);\n          should.equal(result, TestResult.success);\n        }",
          "async": 0,
          "sync": true,
          "_timeout": 150000,
          "_slow": 75,
          "_retries": -1,
          "timedOut": false,
          "_currentRetry": 0,
          "pending": false,
          "file": "/home/runner/work/vc-json-schema-test-suite/vc-json-schema-test-suite/tests/jsonschemacredential.js",
          "parent": "axbfZjUK-561JQkDDXUB4",
          "ctx": null,
          "_testId": "urn:uuid:8fadc6ce-9a1d-4110-8db0-113e194f7a05",
          "_events": {},
          "_eventsCount": 1,
          "timer": {
            "_idleTimeout": -1,
            "_idlePrev": null,
            "_idleNext": null,
            "_idleStart": 9040,
            "_onTimeout": null,
            "_repeat": null,
            "_destroyed": true
          },
          "cell": {
            "columnId": "tbd",
            "rowId": "2.1 The type property MUST be JsonSchemaCredential."
          },
          "duration": 223,
          "state": "failed",
          "err": {
            "name": "AssertionError",
            "message": "expected 'error' to equal 'success'",
            "showDiff": true,
            "actual": "error",
            "expected": "success",
            "operator": "strictEqual",
            "stack": "AssertionError: expected 'error' to equal 'success'\n    at should.equal (node_modules/chai/lib/chai/interface/should.js:98:35)\n    at Context.<anonymous> (file:///home/runner/work/vc-json-schema-test-suite/vc-json-schema-test-suite/tests/jsonschemacredential.js:38:18)"
          }
        },
        {
          "type": "test",
          "title": "2.2 The credentialSubject property MUST contain two properties: type - the value of which MUST be JsonSchema; jsonSchema - an object which contains a valid JSON Schema",
          "body": "async function() {\n          await generateTestResults(i.name, schemaVersionName, jsonSchemaType, this.test.title);\n          this.test.cell = {columnId: i.name, rowId: this.test.title};\n          const result = await checkTestResults(i.name, schemaVersionName, jsonSchemaType, this.test.title);\n          should.equal(result, TestResult.success);\n        }",
          "async": 0,
          "sync": true,
          "_timeout": 150000,
          "_slow": 75,
          "_retries": -1,
          "timedOut": false,
          "_currentRetry": 0,
          "pending": false,
          "file": "/home/runner/work/vc-json-schema-test-suite/vc-json-schema-test-suite/tests/jsonschemacredential.js",
          "parent": "axbfZjUK-561JQkDDXUB4",
          "ctx": null,
          "_testId": "urn:uuid:ec0518ec-7439-44c4-bef6-6318ceca08b0",
          "_events": {},
          "_eventsCount": 1,
          "timer": {
            "_idleTimeout": -1,
            "_idlePrev": null,
            "_idleNext": null,
            "_idleStart": 9262,
            "_onTimeout": null,
            "_repeat": null,
            "_destroyed": true
          },
          "cell": {
            "columnId": "tbd",
            "rowId": "2.2 The credentialSubject property MUST contain two properties: type - the value of which MUST be JsonSchema; jsonSchema - an object which contains a valid JSON Schema"
          },
          "duration": 292,
          "state": "failed",
          "err": {
            "name": "AssertionError",
            "message": "expected 'error' to equal 'success'",
            "showDiff": true,
            "actual": "error",
            "expected": "success",
            "operator": "strictEqual",
            "stack": "AssertionError: expected 'error' to equal 'success'\n    at should.equal (node_modules/chai/lib/chai/interface/should.js:98:35)\n    at Context.<anonymous> (file:///home/runner/work/vc-json-schema-test-suite/vc-json-schema-test-suite/tests/jsonschemacredential.js:45:18)"
          }
        },
        {
          "type": "test",
          "title": "2.2 The value of the credentialSchema property MUST always be set to [known json schema]",
          "body": "async function() {\n          await generateTestResults(i.name, schemaVersionName, jsonSchemaType, this.test.title);\n          this.test.cell = {columnId: i.name, rowId: this.test.title};\n          const result = await checkTestResults(i.name, schemaVersionName, jsonSchemaType, this.test.title);\n          should.equal(result, TestResult.success);\n        }",
          "async": 0,
          "sync": true,
          "_timeout": 150000,
          "_slow": 75,
          "_retries": -1,
          "timedOut": false,
          "_currentRetry": 0,
          "pending": false,
          "file": "/home/runner/work/vc-json-schema-test-suite/vc-json-schema-test-suite/tests/jsonschemacredential.js",
          "parent": "axbfZjUK-561JQkDDXUB4",
          "ctx": null,
          "_testId": "urn:uuid:f4c56db6-1362-4a00-ae88-5e032aa48dce",
          "_events": {},
          "_eventsCount": 1,
          "timer": {
            "_idleTimeout": -1,
            "_idlePrev": null,
            "_idleNext": null,
            "_idleStart": 9555,
            "_onTimeout": null,
            "_repeat": null,
            "_destroyed": true
          },
          "cell": {
            "columnId": "tbd",
            "rowId": "2.2 The value of the credentialSchema property MUST always be set to [known json schema]"
          },
          "duration": 220,
          "state": "failed",
          "err": {
            "name": "AssertionError",
            "message": "expected 'error' to equal 'success'",
            "showDiff": true,
            "actual": "error",
            "expected": "success",
            "operator": "strictEqual",
            "stack": "AssertionError: expected 'error' to equal 'success'\n    at should.equal (node_modules/chai/lib/chai/interface/should.js:98:35)\n    at Context.<anonymous> (file:///home/runner/work/vc-json-schema-test-suite/vc-json-schema-test-suite/tests/jsonschemacredential.js:52:18)"
          }
        },
        {
          "type": "test",
          "title": "3 Implementers MUST provide support for JSON Schema specifications where, in the following table, the required column's value is yes",
          "body": "async function() {\n          this.test.cell = {columnId: i.name, rowId: this.test.title};\n          if (schemaVersionName === JsonSchemaVersions['202012']) {\n            should.equal(true, true);\n          } else {\n            this.skip();\n          }\n        }",
          "async": 0,
          "sync": true,
          "_timeout": 150000,
          "_slow": 75,
          "_retries": -1,
          "timedOut": false,
          "_currentRetry": 0,
          "pending": true,
          "file": "/home/runner/work/vc-json-schema-test-suite/vc-json-schema-test-suite/tests/jsonschemacredential.js",
          "parent": "axbfZjUK-561JQkDDXUB4",
          "ctx": null,
          "_testId": "urn:uuid:a95fcb32-b324-4061-96a6-e64fefd43129",
          "_events": {},
          "_eventsCount": 1,
          "cell": {
            "columnId": "tbd",
            "rowId": "3 Implementers MUST provide support for JSON Schema specifications where, in the following table, the required column's value is yes"
          },
          "timer": {
            "_idleTimeout": -1,
            "_idlePrev": null,
            "_idleNext": null,
            "_idleStart": 9740,
            "_onTimeout": null,
            "_repeat": null,
            "_destroyed": true
          },
          "duration": 0,
          "state": "pending"
        },
        {
          "type": "test",
          "title": "3.1.1 The $id MUST be present and its value MUST represent a valid URI-reference",
          "body": "async function() {\n          await generateTestResults(i.name, schemaVersionName, jsonSchemaType, this.test.title);\n          this.test.cell = {columnId: i.name, rowId: this.test.title};\n          const result = await checkTestResults(i.name, schemaVersionName, jsonSchemaType, this.test.title);\n          should.equal(result, TestResult.success);\n        }",
          "async": 0,
          "sync": true,
          "_timeout": 150000,
          "_slow": 75,
          "_retries": -1,
          "timedOut": false,
          "_currentRetry": 0,
          "pending": false,
          "file": "/home/runner/work/vc-json-schema-test-suite/vc-json-schema-test-suite/tests/jsonschemacredential.js",
          "parent": "axbfZjUK-561JQkDDXUB4",
          "ctx": null,
          "_testId": "urn:uuid:e650814b-996f-441e-9480-891ba8bca7a1",
          "_events": {},
          "_eventsCount": 1,
          "timer": {
            "_idleTimeout": -1,
            "_idlePrev": null,
            "_idleNext": null,
            "_idleStart": 9776,
            "_onTimeout": null,
            "_repeat": null,
            "_destroyed": true
          },
          "cell": {
            "columnId": "tbd",
            "rowId": "3.1.1 The $id MUST be present and its value MUST represent a valid URI-reference"
          },
          "duration": 257,
          "state": "failed",
          "err": {
            "name": "AssertionError",
            "message": "expected 'error' to equal 'success'",
            "showDiff": true,
            "actual": "error",
            "expected": "success",
            "operator": "strictEqual",
            "stack": "AssertionError: expected 'error' to equal 'success'\n    at should.equal (node_modules/chai/lib/chai/interface/should.js:98:35)\n    at Context.<anonymous> (file:///home/runner/work/vc-json-schema-test-suite/vc-json-schema-test-suite/tests/jsonschemacredential.js:68:18)"
          }
        },
        {
          "type": "test",
          "title": "3.1.2, 4 The $schema property MUST be present in each schema",
          "body": "async function() {\n          await generateTestResults(i.name, schemaVersionName, jsonSchemaType, this.test.title);\n          this.test.cell = {columnId: i.name, rowId: this.test.title};\n          const result = await checkTestResults(i.name, schemaVersionName, jsonSchemaType, this.test.title);\n          should.equal(result, TestResult.success);\n        }",
          "async": 0,
          "sync": true,
          "_timeout": 150000,
          "_slow": 75,
          "_retries": -1,
          "timedOut": false,
          "_currentRetry": 0,
          "pending": false,
          "file": "/home/runner/work/vc-json-schema-test-suite/vc-json-schema-test-suite/tests/jsonschemacredential.js",
          "parent": "axbfZjUK-561JQkDDXUB4",
          "ctx": null,
          "_testId": "urn:uuid:e8437dd7-92ad-4039-a30c-05748aac3573",
          "_events": {},
          "_eventsCount": 1,
          "timer": {
            "_idleTimeout": -1,
            "_idlePrev": null,
            "_idleNext": null,
            "_idleStart": 10033,
            "_onTimeout": null,
            "_repeat": null,
            "_destroyed": true
          },
          "cell": {
            "columnId": "tbd",
            "rowId": "3.1.2, 4 The $schema property MUST be present in each schema"
          },
          "duration": 221,
          "state": "failed",
          "err": {
            "name": "AssertionError",
            "message": "expected 'error' to equal 'success'",
            "showDiff": true,
            "actual": "error",
            "expected": "success",
            "operator": "strictEqual",
            "stack": "AssertionError: expected 'error' to equal 'success'\n    at should.equal (node_modules/chai/lib/chai/interface/should.js:98:35)\n    at Context.<anonymous> (file:///home/runner/work/vc-json-schema-test-suite/vc-json-schema-test-suite/tests/jsonschemacredential.js:76:18)"
          }
        },
        {
          "type": "test",
          "title": "4.2 (Success) Validation MUST result in one of the following three possible outcomes: success, failure, or indeterminate.",
          "body": "async function() {\n          await generateTestResults(i.name, schemaVersionName, jsonSchemaType, this.test.title);\n          this.test.cell = {columnId: i.name, rowId: this.test.title};\n          const result = await checkTestResults(i.name, schemaVersionName, jsonSchemaType, this.test.title);\n          should.equal(result, TestResult.success);\n        }",
          "async": 0,
          "sync": true,
          "_timeout": 150000,
          "_slow": 75,
          "_retries": -1,
          "timedOut": false,
          "_currentRetry": 0,
          "pending": false,
          "file": "/home/runner/work/vc-json-schema-test-suite/vc-json-schema-test-suite/tests/jsonschemacredential.js",
          "parent": "axbfZjUK-561JQkDDXUB4",
          "ctx": null,
          "_testId": "urn:uuid:aa6c53d4-1c12-4364-8d2e-e21bcc75a36b",
          "_events": {},
          "_eventsCount": 1,
          "timer": {
            "_idleTimeout": -1,
            "_idlePrev": null,
            "_idleNext": null,
            "_idleStart": 10255,
            "_onTimeout": null,
            "_repeat": null,
            "_destroyed": true
          },
          "cell": {
            "columnId": "tbd",
            "rowId": "4.2 (Success) Validation MUST result in one of the following three possible outcomes: success, failure, or indeterminate."
          },
          "duration": 187,
          "state": "failed",
          "err": {
            "name": "AssertionError",
            "message": "expected 'error' to equal 'success'",
            "showDiff": true,
            "actual": "error",
            "expected": "success",
            "operator": "strictEqual",
            "stack": "AssertionError: expected 'error' to equal 'success'\n    at should.equal (node_modules/chai/lib/chai/interface/should.js:98:35)\n    at Context.<anonymous> (file:///home/runner/work/vc-json-schema-test-suite/vc-json-schema-test-suite/tests/jsonschemacredential.js:83:18)"
          }
        },
        {
          "type": "test",
          "title": "4.2 (Failure) Validation MUST result in one of the following three possible outcomes: success, failure, or indeterminate.",
          "body": "async function() {\n          await generateTestResults(i.name, schemaVersionName, jsonSchemaType, this.test.title);\n          this.test.cell = {columnId: i.name, rowId: this.test.title};\n          const result = await checkTestResults(i.name, schemaVersionName, jsonSchemaType, this.test.title);\n          should.equal(result, TestResult.success);\n        }",
          "async": 0,
          "sync": true,
          "_timeout": 150000,
          "_slow": 75,
          "_retries": -1,
          "timedOut": false,
          "_currentRetry": 0,
          "pending": false,
          "file": "/home/runner/work/vc-json-schema-test-suite/vc-json-schema-test-suite/tests/jsonschemacredential.js",
          "parent": "axbfZjUK-561JQkDDXUB4",
          "ctx": null,
          "_testId": "urn:uuid:72806f37-0fdc-4e30-b332-9f2f10afb0c0",
          "_events": {},
          "_eventsCount": 1,
          "timer": {
            "_idleTimeout": -1,
            "_idlePrev": null,
            "_idleNext": null,
            "_idleStart": 10442,
            "_onTimeout": null,
            "_repeat": null,
            "_destroyed": true
          },
          "cell": {
            "columnId": "tbd",
            "rowId": "4.2 (Failure) Validation MUST result in one of the following three possible outcomes: success, failure, or indeterminate."
          },
          "duration": 187,
          "state": "failed",
          "err": {
            "name": "AssertionError",
            "message": "expected 'error' to equal 'success'",
            "showDiff": true,
            "actual": "error",
            "expected": "success",
            "operator": "strictEqual",
            "stack": "AssertionError: expected 'error' to equal 'success'\n    at should.equal (node_modules/chai/lib/chai/interface/should.js:98:35)\n    at Context.<anonymous> (file:///home/runner/work/vc-json-schema-test-suite/vc-json-schema-test-suite/tests/jsonschemacredential.js:90:18)"
          }
        },
        {
          "type": "test",
          "title": "4.2 (Indeterminate) Validation MUST result in one of the following three possible outcomes: success, failure, or indeterminate.",
          "body": "async function() {\n          await generateTestResults(i.name, schemaVersionName, jsonSchemaType, this.test.title);\n          this.test.cell = {columnId: i.name, rowId: this.test.title};\n          const result = await checkTestResults(i.name, schemaVersionName, jsonSchemaType, this.test.title);\n          should.equal(result, TestResult.success);\n        }",
          "async": 0,
          "sync": true,
          "_timeout": 150000,
          "_slow": 75,
          "_retries": -1,
          "timedOut": false,
          "_currentRetry": 0,
          "pending": false,
          "file": "/home/runner/work/vc-json-schema-test-suite/vc-json-schema-test-suite/tests/jsonschemacredential.js",
          "parent": "axbfZjUK-561JQkDDXUB4",
          "ctx": null,
          "_testId": "urn:uuid:d23a838d-4b92-41ed-a104-888a7168b5e5",
          "_events": {},
          "_eventsCount": 1,
          "timer": {
            "_idleTimeout": -1,
            "_idlePrev": null,
            "_idleNext": null,
            "_idleStart": 10628,
            "_onTimeout": null,
            "_repeat": null,
            "_destroyed": true
          },
          "cell": {
            "columnId": "tbd",
            "rowId": "4.2 (Indeterminate) Validation MUST result in one of the following three possible outcomes: success, failure, or indeterminate."
          },
          "duration": 186,
          "state": "failed",
          "err": {
            "name": "AssertionError",
            "message": "expected 'error' to equal 'success'",
            "showDiff": true,
            "actual": "error",
            "expected": "success",
            "operator": "strictEqual",
            "stack": "AssertionError: expected 'error' to equal 'success'\n    at should.equal (node_modules/chai/lib/chai/interface/should.js:98:35)\n    at Context.<anonymous> (file:///home/runner/work/vc-json-schema-test-suite/vc-json-schema-test-suite/tests/jsonschemacredential.js:97:18)"
          }
        }
      ],
      "root": false,
      "pending": false,
      "_retries": -1,
      "_beforeEach": [],
      "_beforeAll": [],
      "_afterEach": [],
      "_afterAll": [],
      "_timeout": 150000,
      "_slow": 75,
      "_bail": false,
      "_onlyTests": [],
      "_onlySuites": [],
      "delayed": false,
      "parent": "6geymWfX1fXfANkf6TpeQ",
      "file": "/home/runner/work/vc-json-schema-test-suite/vc-json-schema-test-suite/tests/jsonschemacredential.js",
      "matrix": true,
      "report": true,
      "implemented": [
        "tbd"
      ],
      "rowLabel": "Test Name",
      "columnLabel": "Implementation",
      "_testId": "urn:uuid:156d5104-85f3-4f06-8f45-ab2f1300e1ea"
    }
  ],
  "tests": [],
  "root": true,
  "pending": false,
  "_retries": -1,
  "_beforeEach": [],
  "_beforeAll": [],
  "_afterEach": [],
  "_afterAll": [],
  "_timeout": 150000,
  "_slow": 75,
  "_bail": false,
  "_onlyTests": [],
  "_onlySuites": [],
  "delayed": false,
  "_events": {
    "pre-require": [
      null,
      null
    ]
  },
  "_eventsCount": 1,
  "_testId": "urn:uuid:60a0d6e0-5e5e-4678-8970-77a75fa7865b"
}